[2017-08-18 13:08:17.509] [INFO] resLogger - 
*************** response log start ***************
request method: GET
request originalUrl:  /warning
request client ip:  ::ffff:140.205.201.30
request query:  {}
response time: 0
response status: 404
response body: 
undefined
*************** response log end ***************

[2017-08-18 13:12:41.080] [INFO] resLogger - 
*************** response log start ***************
request method: GET
request originalUrl:  /pleasereadthis
request client ip:  ::ffff:140.205.201.30
request query:  {}
response time: 0
response status: 404
response body: 
undefined
*************** response log end ***************

[2017-08-18 13:28:16.701] [INFO] resLogger - 
*************** response log start ***************
request method: GET
request originalUrl:  /please_read/_search
request client ip:  ::ffff:140.205.201.30
request query:  {}
response time: 0
response status: 404
response body: 
undefined
*************** response log end ***************

[2017-08-18 13:36:47.365] [INFO] resLogger - 
*************** response log start ***************
request method: GET
request originalUrl:  /dfshealth.jsp
request client ip:  ::ffff:140.205.201.30
request query:  {}
response time: 0
response status: 404
response body: 
undefined
*************** response log end ***************

[2017-08-18 13:38:12.475] [INFO] resLogger - 
*************** response log start ***************
request method: GET
request originalUrl:  /hadoop/dfshealth.jsp
request client ip:  ::ffff:140.205.201.30
request query:  {}
response time: 0
response status: 404
response body: 
undefined
*************** response log end ***************

[2017-08-18 13:42:37.897] [INFO] resLogger - 
*************** response log start ***************
request method: GET
request originalUrl:  http://180.97.33.108/s?ie=utf-8&f=8&rsv_bp=0&rsv_idx=1&tn=baidu&wd=47.93.245.51&rsv_pq=bf5332e10000
request client ip:  ::ffff:61.160.207.19
request query:  {"ie":"utf-8","f":"8","rsv_bp":"0","rsv_idx":"1","tn":"baidu","wd":"47.93.245.51","rsv_pq":"bf5332e10000"}
response time: 0
response status: 404
response body: 
undefined
*************** response log end ***************

