[2017-06-21 03:02:28.645] [INFO] resLogger - 
*************** response log start ***************
request method: POST
request originalUrl:  /wechat?signature=32fb5c21aa5cd7c01c18e97d017a2687446be75d&timestamp=1497985348&nonce=1043376473&openid=oDC9Z0ljvg6rrqci6KM63Xjz3C6o
request client ip:  ::ffff:140.207.54.76
request body: 
{"xml":{"ToUserName":["gh_3b35ec5a2616"],"FromUserName":["oDC9Z0ljvg6rrqci6KM63Xjz3C6o"],"CreateTime":["1497985348"],"MsgType":["text"],"Content":["ok"],"MsgId":["6433798079970021943"]}}
response time: 9
response status: 200
response body: 
"<?xml version=\"1.0\" encoding=\"UTF-8\" standalone=\"yes\"?>\n<xml>\n  <ToUserName>oDC9Z0ljvg6rrqci6KM63Xjz3C6o</ToUserName>\n  <FromUserName>gh_3b35ec5a2616</FromUserName>\n  <CreateTime>1497985348639</CreateTime>\n  <MsgType>text</MsgType>\n  <Content/>\n</xml>"
*************** response log end ***************

[2017-06-21 03:03:59.975] [INFO] resLogger - 
*************** response log start ***************
request method: POST
request originalUrl:  /wechat?signature=ce4207f81a46773179b377cfb03ef94e9c89e493&timestamp=1497985439&nonce=324373643&openid=oDC9Z0ljvg6rrqci6KM63Xjz3C6o
request client ip:  ::ffff:140.207.54.76
request body: 
{"xml":{"ToUserName":["gh_3b35ec5a2616"],"FromUserName":["oDC9Z0ljvg6rrqci6KM63Xjz3C6o"],"CreateTime":["1497985439"],"MsgType":["text"],"Content":["ok"],"MsgId":["6433798470812045884"]}}
response time: 11
response status: 200
response body: 
"<?xml version=\"1.0\" encoding=\"UTF-8\" standalone=\"yes\"?>\n<xml>\n  <ToUserName>oDC9Z0ljvg6rrqci6KM63Xjz3C6o</ToUserName>\n  <FromUserName>gh_3b35ec5a2616</FromUserName>\n  <CreateTime>1497985439967</CreateTime>\n  <MsgType>text</MsgType>\n  <Content/>\n</xml>"
*************** response log end ***************

[2017-06-21 03:05:43.753] [INFO] resLogger - 
*************** response log start ***************
request method: POST
request originalUrl:  /wechat?signature=8e17f940373a65d48a89765985552cca0a3fec4f&timestamp=1497985543&nonce=79859764&openid=oDC9Z0ljvg6rrqci6KM63Xjz3C6o
request client ip:  ::ffff:140.207.54.76
request body: 
{"xml":{"ToUserName":["gh_3b35ec5a2616"],"FromUserName":["oDC9Z0ljvg6rrqci6KM63Xjz3C6o"],"CreateTime":["1497985543"],"MsgType":["text"],"Content":["ok"],"MsgId":["6433798917488644673"]}}
response time: 9
response status: 200
response body: 
"<?xml version=\"1.0\" encoding=\"UTF-8\" standalone=\"yes\"?>\n<xml>\n  <ToUserName>oDC9Z0ljvg6rrqci6KM63Xjz3C6o</ToUserName>\n  <FromUserName>gh_3b35ec5a2616</FromUserName>\n  <CreateTime>1497985543747</CreateTime>\n  <MsgType>text</MsgType>\n  <Content/>\n</xml>"
*************** response log end ***************

[2017-06-21 03:06:55.597] [INFO] resLogger - 
*************** response log start ***************
request method: POST
request originalUrl:  /wechat?signature=f84bb684b618880a639aa7d0fd33c8ad6542089c&timestamp=1497985615&nonce=496175250&openid=oDC9Z0ljvg6rrqci6KM63Xjz3C6o
request client ip:  ::ffff:140.207.54.76
request body: 
{"xml":{"ToUserName":["gh_3b35ec5a2616"],"FromUserName":["oDC9Z0ljvg6rrqci6KM63Xjz3C6o"],"CreateTime":["1497985615"],"MsgType":["text"],"Content":["ok"],"MsgId":["6433799226726289989"]}}
response time: 10
response status: 200
response body: 
"<?xml version=\"1.0\" encoding=\"UTF-8\" standalone=\"yes\"?>\n<xml>\n  <ToUserName>oDC9Z0ljvg6rrqci6KM63Xjz3C6o</ToUserName>\n  <FromUserName>gh_3b35ec5a2616</FromUserName>\n  <CreateTime>1497985615590</CreateTime>\n  <MsgType>text</MsgType>\n  <Content/>\n</xml>"
*************** response log end ***************

[2017-06-21 03:13:44.148] [INFO] resLogger - 
*************** response log start ***************
request method: POST
request originalUrl:  /wechat?signature=f3ca35a0682f70e9b87610d3322e5db0add62a81&timestamp=1497986024&nonce=66852688&openid=oDC9Z0ljvg6rrqci6KM63Xjz3C6o
request client ip:  ::ffff:140.207.54.75
request body: 
{"xml":{"ToUserName":["gh_3b35ec5a2616"],"FromUserName":["oDC9Z0ljvg6rrqci6KM63Xjz3C6o"],"CreateTime":["1497986023"],"MsgType":["text"],"Content":["ok"],"MsgId":["6433800979072946763"]}}
response time: 9
response status: 200
response body: 
"<?xml version=\"1.0\" encoding=\"UTF-8\" standalone=\"yes\"?>\n<xml>\n  <ToUserName>oDC9Z0ljvg6rrqci6KM63Xjz3C6o</ToUserName>\n  <FromUserName>gh_3b35ec5a2616</FromUserName>\n  <CreateTime>1497986024142</CreateTime>\n  <MsgType>text</MsgType>\n  <Content>终于等到您，还好没放弃！</Content>\n</xml>"
*************** response log end ***************

[2017-06-21 03:13:54.072] [INFO] resLogger - 
*************** response log start ***************
request method: GET
request originalUrl:  /wechat
request client ip:  ::ffff:101.226.33.238
request query:  {}
response time: 1
response status: 404
response body: 
undefined
*************** response log end ***************

[2017-06-21 03:14:05.160] [INFO] resLogger - 
*************** response log start ***************
request method: GET
request originalUrl:  /wechat
request client ip:  ::ffff:117.185.27.115
request query:  {}
response time: 1
response status: 404
response body: 
undefined
*************** response log end ***************

[2017-06-21 03:15:19.234] [INFO] resLogger - 
*************** response log start ***************
request method: POST
request originalUrl:  /wechat?signature=34125e7f70034d96372b27b36526cc5ba9bfbb69&timestamp=1497986119&nonce=23102811&openid=oDC9Z0ljvg6rrqci6KM63Xjz3C6o
request client ip:  ::ffff:140.207.54.76
request body: 
{"xml":{"ToUserName":["gh_3b35ec5a2616"],"FromUserName":["oDC9Z0ljvg6rrqci6KM63Xjz3C6o"],"CreateTime":["1497986119"],"MsgType":["text"],"Content":["ok"],"MsgId":["6433801391389807188"]}}
response time: 9
response status: 200
response body: 
"<?xml version=\"1.0\" encoding=\"UTF-8\" standalone=\"yes\"?>\n<xml>\n  <ToUserName>oDC9Z0ljvg6rrqci6KM63Xjz3C6o</ToUserName>\n  <FromUserName>gh_3b35ec5a2616</FromUserName>\n  <CreateTime>1497986119228</CreateTime>\n  <MsgType>text</MsgType>\n  <Content>终于等到您，还好没放弃！</Content>\n</xml>"
*************** response log end ***************

