[2017-06-21 02:15:23.882] [INFO] resLogger - 
*************** response log start ***************
request method: POST
request originalUrl:  /wechat?signature=89b845f6a932265ea81099285f4e66dc257c64ad&timestamp=1497982523&nonce=1026156481&openid=oDC9Z0ljvg6rrqci6KM63Xjz3C6o
request client ip:  ::ffff:140.207.54.76
request body: 
{"xml":{"ToUserName":["gh_3b35ec5a2616"],"FromUserName":["oDC9Z0ljvg6rrqci6KM63Xjz3C6o"],"CreateTime":["1497982523"],"MsgType":["text"],"Content":["hello"],"MsgId":["6433785946687410656"]}}
response time: 2
response status: 404
response body: 
undefined
*************** response log end ***************

[2017-06-21 02:27:32.057] [INFO] resLogger - 
*************** response log start ***************
request method: POST
request originalUrl:  /wechat?signature=7c31f59982cf9ae5a382244778b7994f19278639&timestamp=1497983251&nonce=1599573067&openid=oDC9Z0ljvg6rrqci6KM63Xjz3C6o
request client ip:  ::ffff:140.207.54.76
request body: 
{"xml":{"ToUserName":["gh_3b35ec5a2616"],"FromUserName":["oDC9Z0ljvg6rrqci6KM63Xjz3C6o"],"CreateTime":["1497983251"],"MsgType":["text"],"Content":["ok"],"MsgId":["6433789073423602172"]}}
response time: 3
response status: 404
response body: 
undefined
*************** response log end ***************

[2017-06-21 02:28:55.377] [INFO] resLogger - 
*************** response log start ***************
request method: POST
request originalUrl:  /wechat?signature=7469790ea5b60e6943b8e5e616de8533e648885e&timestamp=1497983335&nonce=558441556&openid=oDC9Z0ljvg6rrqci6KM63Xjz3C6o
request client ip:  ::ffff:140.207.54.76
request body: 
{"xml":{"ToUserName":["gh_3b35ec5a2616"],"FromUserName":["oDC9Z0ljvg6rrqci6KM63Xjz3C6o"],"CreateTime":["1497983335"],"MsgType":["text"],"Content":["ok"],"MsgId":["6433789434200855044"]}}
response time: 1
response status: 404
response body: 
undefined
*************** response log end ***************

[2017-06-21 02:30:25.325] [INFO] resLogger - 
*************** response log start ***************
request method: POST
request originalUrl:  /wechat?signature=fc6bdff98e89ffbe77b1ee9c46311f55454c5ff1&timestamp=1497983425&nonce=1334606079&openid=oDC9Z0ljvg6rrqci6KM63Xjz3C6o
request client ip:  ::ffff:140.207.54.76
request body: 
{"xml":{"ToUserName":["gh_3b35ec5a2616"],"FromUserName":["oDC9Z0ljvg6rrqci6KM63Xjz3C6o"],"CreateTime":["1497983425"],"MsgType":["text"],"Content":["ok"],"MsgId":["6433789820747911688"]}}
response time: 1
response status: 404
response body: 
undefined
*************** response log end ***************

[2017-06-21 02:57:41.005] [INFO] resLogger - 
*************** response log start ***************
request method: POST
request originalUrl:  /wechat?signature=06a1f5c336f391b2bdbe87b24e97cdab30644340&timestamp=1497985060&nonce=912661200&openid=oDC9Z0ljvg6rrqci6KM63Xjz3C6o
request client ip:  ::ffff:140.207.54.76
request body: 
{"xml":{"ToUserName":["gh_3b35ec5a2616"],"FromUserName":["oDC9Z0ljvg6rrqci6KM63Xjz3C6o"],"CreateTime":["1497985060"],"MsgType":["text"],"Content":["ok"],"MsgId":["6433796843019440690"]}}
response time: 10
response status: 200
response body: 
"<?xml version=\"1.0\" encoding=\"UTF-8\" standalone=\"yes\"?>\n<xml>\n  <ToUserName>oDC9Z0ljvg6rrqci6KM63Xjz3C6o</ToUserName>\n  <FromUserName>gh_3b35ec5a2616</FromUserName>\n  <CreateTime>1497985060999</CreateTime>\n  <MsgType>text</MsgType>\n  <Content/>\n</xml>"
*************** response log end ***************

