[2017-08-30 23:06:10.861] [INFO] resLogger - 
*************** response log start ***************
request method: GET
request originalUrl:  /my/index.js.map
request client ip:  ::ffff:127.0.0.1
request query:  {}
response time: 0
response status: 404
response body: 
undefined
*************** response log end ***************

[2017-08-30 23:06:10.977] [INFO] resLogger - 
*************** response log start ***************
request method: GET
request originalUrl:  /my/index.js.map
request client ip:  ::ffff:127.0.0.1
request query:  {}
response time: 0
response status: 404
response body: 
undefined
*************** response log end ***************

[2017-08-30 23:06:10.991] [INFO] resLogger - 
*************** response log start ***************
request method: GET
request originalUrl:  /favicon.ico
request client ip:  ::ffff:127.0.0.1
request query:  {}
response time: 0
response status: 404
response body: 
undefined
*************** response log end ***************

[2017-08-30 23:07:44.263] [INFO] resLogger - 
*************** response log start ***************
request method: GET
request originalUrl:  /my/index.js.map
request client ip:  ::ffff:127.0.0.1
request query:  {}
response time: 0
response status: 404
response body: 
undefined
*************** response log end ***************

[2017-08-30 23:07:44.325] [INFO] resLogger - 
*************** response log start ***************
request method: GET
request originalUrl:  /my/index.js.map
request client ip:  ::ffff:127.0.0.1
request query:  {}
response time: 0
response status: 404
response body: 
undefined
*************** response log end ***************

[2017-08-30 23:07:49.836] [INFO] resLogger - 
*************** response log start ***************
request method: GET
request originalUrl:  /my/index.js.map
request client ip:  ::ffff:127.0.0.1
request query:  {}
response time: 0
response status: 404
response body: 
undefined
*************** response log end ***************

[2017-08-30 23:07:49.848] [INFO] resLogger - 
*************** response log start ***************
request method: GET
request originalUrl:  /my/index.js.map
request client ip:  ::ffff:127.0.0.1
request query:  {}
response time: 0
response status: 404
response body: 
undefined
*************** response log end ***************

[2017-08-30 23:09:07.406] [INFO] resLogger - 
*************** response log start ***************
request method: GET
request originalUrl:  /my/index.js.map
request client ip:  ::ffff:127.0.0.1
request query:  {}
response time: 1
response status: 404
response body: 
undefined
*************** response log end ***************

[2017-08-30 23:09:07.418] [INFO] resLogger - 
*************** response log start ***************
request method: GET
request originalUrl:  /my/index.js.map
request client ip:  ::ffff:127.0.0.1
request query:  {}
response time: 0
response status: 404
response body: 
undefined
*************** response log end ***************

[2017-08-30 23:09:34.097] [INFO] resLogger - 
*************** response log start ***************
request method: GET
request originalUrl:  /my/index.js.map
request client ip:  ::ffff:127.0.0.1
request query:  {}
response time: 4
response status: 404
response body: 
undefined
*************** response log end ***************

[2017-08-30 23:09:34.133] [INFO] resLogger - 
*************** response log start ***************
request method: GET
request originalUrl:  /my/index.js.map
request client ip:  ::ffff:127.0.0.1
request query:  {}
response time: 0
response status: 404
response body: 
undefined
*************** response log end ***************

