[2017-08-18 10:36:57.173] [INFO] resLogger - 
*************** response log start ***************
request method: GET
request originalUrl:  /phpmyadmin/
request client ip:  ::ffff:140.205.201.30
request query:  {}
response time: 0
response status: 404
response body: 
undefined
*************** response log end ***************

[2017-08-18 10:36:57.246] [INFO] resLogger - 
*************** response log start ***************
request method: POST
request originalUrl:  /phpmyadmin/
request client ip:  ::ffff:140.205.201.30
request body: 
{"pma_username":"root","pma_password":"","server":"1","lang":"zh_CN"}
response time: 0
response status: 404
response body: 
undefined
*************** response log end ***************

[2017-08-18 10:36:57.296] [INFO] resLogger - 
*************** response log start ***************
request method: GET
request originalUrl:  /phpmyadmin/
request client ip:  ::ffff:140.205.201.30
request query:  {}
response time: 0
response status: 404
response body: 
undefined
*************** response log end ***************

[2017-08-18 10:36:57.371] [INFO] resLogger - 
*************** response log start ***************
request method: POST
request originalUrl:  /phpmyadmin/
request client ip:  ::ffff:140.205.201.30
request body: 
{"pma_username":"root","pma_password":"root","server":"1","lang":"zh_CN"}
response time: 0
response status: 404
response body: 
undefined
*************** response log end ***************

[2017-08-18 10:36:57.423] [INFO] resLogger - 
*************** response log start ***************
request method: GET
request originalUrl:  /phpmyadmin/
request client ip:  ::ffff:140.205.201.30
request query:  {}
response time: 0
response status: 404
response body: 
undefined
*************** response log end ***************

[2017-08-18 10:36:57.497] [INFO] resLogger - 
*************** response log start ***************
request method: POST
request originalUrl:  /phpmyadmin/
request client ip:  ::ffff:140.205.201.30
request body: 
{"pma_username":"root","pma_password":"12345","server":"1","lang":"zh_CN"}
response time: 0
response status: 404
response body: 
undefined
*************** response log end ***************

[2017-08-18 10:36:57.547] [INFO] resLogger - 
*************** response log start ***************
request method: GET
request originalUrl:  /phpmyadmin/
request client ip:  ::ffff:140.205.201.30
request query:  {}
response time: 0
response status: 404
response body: 
undefined
*************** response log end ***************

[2017-08-18 10:36:57.620] [INFO] resLogger - 
*************** response log start ***************
request method: POST
request originalUrl:  /phpmyadmin/
request client ip:  ::ffff:140.205.201.30
request body: 
{"pma_username":"root","pma_password":"123456","server":"1","lang":"zh_CN"}
response time: 0
response status: 404
response body: 
undefined
*************** response log end ***************

[2017-08-18 10:36:57.670] [INFO] resLogger - 
*************** response log start ***************
request method: GET
request originalUrl:  /phpmyadmin/
request client ip:  ::ffff:140.205.201.30
request query:  {}
response time: 0
response status: 404
response body: 
undefined
*************** response log end ***************

[2017-08-18 10:36:57.742] [INFO] resLogger - 
*************** response log start ***************
request method: POST
request originalUrl:  /phpmyadmin/
request client ip:  ::ffff:140.205.201.30
request body: 
{"pma_username":"root","pma_password":"test123","server":"1","lang":"zh_CN"}
response time: 0
response status: 404
response body: 
undefined
*************** response log end ***************

[2017-08-18 10:36:57.792] [INFO] resLogger - 
*************** response log start ***************
request method: GET
request originalUrl:  /phpmyadmin/
request client ip:  ::ffff:140.205.201.30
request query:  {}
response time: 0
response status: 404
response body: 
undefined
*************** response log end ***************

[2017-08-18 10:36:57.866] [INFO] resLogger - 
*************** response log start ***************
request method: POST
request originalUrl:  /phpmyadmin/
request client ip:  ::ffff:140.205.201.30
request body: 
{"pma_username":"test","pma_password":"","server":"1","lang":"zh_CN"}
response time: 0
response status: 404
response body: 
undefined
*************** response log end ***************

[2017-08-18 10:36:57.917] [INFO] resLogger - 
*************** response log start ***************
request method: GET
request originalUrl:  /phpmyadmin/
request client ip:  ::ffff:140.205.201.30
request query:  {}
response time: 0
response status: 404
response body: 
undefined
*************** response log end ***************

[2017-08-18 10:36:57.986] [INFO] resLogger - 
*************** response log start ***************
request method: POST
request originalUrl:  /phpmyadmin/
request client ip:  ::ffff:140.205.201.30
request body: 
{"pma_username":"test","pma_password":"root","server":"1","lang":"zh_CN"}
response time: 0
response status: 404
response body: 
undefined
*************** response log end ***************

[2017-08-18 10:36:58.035] [INFO] resLogger - 
*************** response log start ***************
request method: GET
request originalUrl:  /phpmyadmin/
request client ip:  ::ffff:140.205.201.30
request query:  {}
response time: 1
response status: 404
response body: 
undefined
*************** response log end ***************

[2017-08-18 10:36:58.105] [INFO] resLogger - 
*************** response log start ***************
request method: POST
request originalUrl:  /phpmyadmin/
request client ip:  ::ffff:140.205.201.30
request body: 
{"pma_username":"test","pma_password":"12345","server":"1","lang":"zh_CN"}
response time: 0
response status: 404
response body: 
undefined
*************** response log end ***************

[2017-08-18 10:36:58.154] [INFO] resLogger - 
*************** response log start ***************
request method: GET
request originalUrl:  /phpmyadmin/
request client ip:  ::ffff:140.205.201.30
request query:  {}
response time: 0
response status: 404
response body: 
undefined
*************** response log end ***************

[2017-08-18 10:36:58.228] [INFO] resLogger - 
*************** response log start ***************
request method: POST
request originalUrl:  /phpmyadmin/
request client ip:  ::ffff:140.205.201.30
request body: 
{"pma_username":"test","pma_password":"123456","server":"1","lang":"zh_CN"}
response time: 0
response status: 404
response body: 
undefined
*************** response log end ***************

[2017-08-18 10:36:58.277] [INFO] resLogger - 
*************** response log start ***************
request method: GET
request originalUrl:  /phpmyadmin/
request client ip:  ::ffff:140.205.201.30
request query:  {}
response time: 0
response status: 404
response body: 
undefined
*************** response log end ***************

[2017-08-18 10:36:58.351] [INFO] resLogger - 
*************** response log start ***************
request method: POST
request originalUrl:  /phpmyadmin/
request client ip:  ::ffff:140.205.201.30
request body: 
{"pma_username":"test","pma_password":"test123","server":"1","lang":"zh_CN"}
response time: 0
response status: 404
response body: 
undefined
*************** response log end ***************

[2017-08-18 10:55:40.271] [INFO] resLogger - 
*************** response log start ***************
request method: GET
request originalUrl:  /rs-status
request client ip:  ::ffff:140.205.201.30
request query:  {}
response time: 0
response status: 404
response body: 
undefined
*************** response log end ***************

[2017-08-18 10:55:51.369] [INFO] resLogger - 
*************** response log start ***************
request method: POST
request originalUrl:  /rohwavpcelni
request client ip:  ::ffff:140.205.201.30
request body: 
{"{\"aliyun\": \"vulntest\"}":""}
response time: 0
response status: 404
response body: 
undefined
*************** response log end ***************

[2017-08-18 10:55:51.417] [INFO] resLogger - 
*************** response log start ***************
request method: GET
request originalUrl:  /rohwavpcelni
request client ip:  ::ffff:140.205.201.30
request query:  {}
response time: 0
response status: 404
response body: 
undefined
*************** response log end ***************

[2017-08-18 10:55:51.467] [INFO] resLogger - 
*************** response log start ***************
request method: DELETE
request originalUrl:  /rohwavpcelni
request client ip:  ::ffff:140.205.201.30
request body: 
{}
response time: 0
response status: 404
response body: 
undefined
*************** response log end ***************

