[2017-08-30 17:01:03.397] [INFO] resLogger - 
*************** response log start ***************
request method: POST
request originalUrl:  /users/setUserAddress
request client ip:  ::ffff:127.0.0.1
request body: 
{}
response time: 1
response status: 404
response body: 
undefined
*************** response log end ***************

[2017-08-30 17:02:11.119] [INFO] resLogger - 
*************** response log start ***************
request method: POST
request originalUrl:  /users/setUserAddress
request client ip:  ::ffff:127.0.0.1
request body: 
{}
response time: 4
response status: 404
response body: 
undefined
*************** response log end ***************

[2017-08-30 17:03:14.871] [INFO] resLogger - 
*************** response log start ***************
request method: POST
request originalUrl:  /users/setUserAddress
request client ip:  ::ffff:127.0.0.1
request body: 
{"name":"覃海","phone":"15977477245","address":"15977477245"}
response time: 17
response status: 404
response body: 
undefined
*************** response log end ***************

[2017-08-30 17:08:47.022] [INFO] resLogger - 
*************** response log start ***************
request method: POST
request originalUrl:  /users/setUserAddress
request client ip:  ::ffff:127.0.0.1
request body: 
{"name":"覃海","phone":"15977477245","address":"地球"}
response time: 14
response status: 404
response body: 
undefined
*************** response log end ***************

[2017-08-30 17:09:31.056] [INFO] resLogger - 
*************** response log start ***************
request method: POST
request originalUrl:  /users/setUserAddress
request client ip:  ::ffff:127.0.0.1
request body: 
{"name":"覃海","phone":"15977477245","address":"地球"}
response time: 32
response status: 404
response body: 
undefined
*************** response log end ***************

[2017-08-30 17:10:37.703] [INFO] resLogger - 
*************** response log start ***************
request method: POST
request originalUrl:  /users/setUserAddress
request client ip:  ::ffff:127.0.0.1
request body: 
{"name":"覃海","phone":"15977477245","address":"地球"}
response time: 1
response status: 404
response body: 
undefined
*************** response log end ***************

[2017-08-30 17:11:21.331] [INFO] resLogger - 
*************** response log start ***************
request method: POST
request originalUrl:  /users/setUserAddress
request client ip:  ::ffff:127.0.0.1
request body: 
{"name":"覃海","phone":"15977477245","address":"地球"}
response time: 22
response status: 404
response body: 
undefined
*************** response log end ***************

[2017-08-30 17:12:23.745] [INFO] resLogger - 
*************** response log start ***************
request method: POST
request originalUrl:  /users/setUserAddress
request client ip:  ::ffff:127.0.0.1
request body: 
{"name":"覃海","phone":"15977477245","address":"地球"}
response time: 127
response status: 404
response body: 
undefined
*************** response log end ***************

[2017-08-30 17:13:05.164] [INFO] resLogger - 
*************** response log start ***************
request method: POST
request originalUrl:  /users/setUserAddress
request client ip:  ::ffff:127.0.0.1
request body: 
{"name":"覃海","phone":"15977477245","address":"地球"}
response time: 85
response status: 404
response body: 
undefined
*************** response log end ***************

[2017-08-30 17:13:14.794] [INFO] resLogger - 
*************** response log start ***************
request method: POST
request originalUrl:  /users/setUserAddress
request client ip:  ::ffff:127.0.0.1
request body: 
{"name":"覃海","phone":"15977477245","address":"地球"}
response time: 7
response status: 404
response body: 
undefined
*************** response log end ***************

[2017-08-30 17:17:43.148] [INFO] resLogger - 
*************** response log start ***************
request method: POST
request originalUrl:  /users/setUserAddress
request client ip:  ::ffff:127.0.0.1
request body: 
{"name":"莉莉","phone":"15977477245","address":"地球"}
response time: 137
response status: 200
response body: 
1
*************** response log end ***************

[2017-08-30 17:35:33.513] [INFO] resLogger - 
*************** response log start ***************
request method: POST
request originalUrl:  /users/setUserAddress
request client ip:  ::ffff:127.0.0.1
request body: 
{"openid":"123123","name":"覃海","phone":"15977477245","address":"起走"}
response time: 103
response status: 200
response body: 
1
*************** response log end ***************

[2017-08-30 17:35:56.322] [INFO] resLogger - 
*************** response log start ***************
request method: POST
request originalUrl:  /users/setUserAddress
request client ip:  ::ffff:127.0.0.1
request body: 
{"openid":"123123","name":"莉莉","phone":"15977477245","address":"起走"}
response time: 49
response status: 200
response body: 
1
*************** response log end ***************

[2017-08-30 17:45:07.600] [INFO] resLogger - 
*************** response log start ***************
request method: GET
request originalUrl:  /users/getUserAddress?openid=123123
request client ip:  ::ffff:127.0.0.1
request query:  {"openid":"123123"}
response time: 242
response status: 200
response body: 
[]
*************** response log end ***************

[2017-08-30 17:45:40.292] [INFO] resLogger - 
*************** response log start ***************
request method: GET
request originalUrl:  /users/getUserAddress?openid=123123
request client ip:  ::ffff:127.0.0.1
request query:  {"openid":"123123"}
response time: 252
response status: 200
response body: 
[]
*************** response log end ***************

[2017-08-30 17:46:00.637] [INFO] resLogger - 
*************** response log start ***************
request method: GET
request originalUrl:  /users/getUserAddress?openid=123123
request client ip:  ::ffff:127.0.0.1
request query:  {"openid":"123123"}
response time: 93
response status: 200
response body: 
[]
*************** response log end ***************

[2017-08-30 17:46:20.722] [INFO] resLogger - 
*************** response log start ***************
request method: GET
request originalUrl:  /users/getUserAddress?openid=123123
request client ip:  ::ffff:127.0.0.1
request query:  {"openid":"123123"}
response time: 173
response status: 200
response body: 
[]
*************** response log end ***************

[2017-08-30 17:48:22.163] [INFO] resLogger - 
*************** response log start ***************
request method: GET
request originalUrl:  /users/getUserAddress?openid=123123
request client ip:  ::ffff:127.0.0.1
request query:  {"openid":"123123"}
response time: 249
response status: 200
response body: 
[{"id":1,"openid":"123123","name":"覃海","address":"起走","phone":"15977477245"},{"id":2,"openid":"123123","name":"莉莉","address":"起走","phone":"15977477245"}]
*************** response log end ***************

