[2017-07-31 21:12:42.569] [INFO] resLogger - 
*************** response log start ***************
request method: GET
request originalUrl:  /library/firstDetect.js.php
request client ip:  ::ffff:35.194.252.36
request query:  {}
response time: 0
response status: 404
response body: 
undefined
*************** response log end ***************

[2017-07-31 21:39:53.637] [INFO] resLogger - 
*************** response log start ***************
request method: GET
request originalUrl:  http://proxy.httpdaili.com/ip.asp?ip=47.93.245.51&dk=80
request client ip:  ::ffff:60.169.78.195
request query:  {"ip":"47.93.245.51","dk":"80"}
response time: 0
response status: 404
response body: 
undefined
*************** response log end ***************

[2017-07-31 21:48:07.678] [INFO] resLogger - 
*************** response log start ***************
request method: GET
request originalUrl:  /library/firstDetect.js.php
request client ip:  ::ffff:35.194.249.228
request query:  {}
response time: 0
response status: 404
response body: 
undefined
*************** response log end ***************

