[2017-09-12 21:49:38.361] [ERROR] errorLogger - 
*************** error log start ***************
request method: POST
request originalUrl:  /wechat?signature=eddb05a796c60ad7d5b9095628e53a37bee8a18c&timestamp=1505224175&nonce=2121911835&openid=o5Yi9wOfXWopOcMYiujWBZmwBH0Q
request client ip:  ::ffff:127.0.0.1
request body: 
{"xml":{"ToUserName":["gh_08452f6d090a"],"FromUserName":["o5Yi9wOfXWopOcMYiujWBZmwBH0Q"],"CreateTime":["1505224175"],"MsgType":["event"],"Event":["CLICK"],"EventKey":["GOOD"]}}
response time: undefined
err name: ReferenceError
err message: getUserInfo is not defined
err stack: ReferenceError: getUserInfo is not defined
    at exports.getImageMessage (/Users/mac/Documents/ecough1/ecough/app/utils/wechat.js:96:27)
    at process._tickCallback (internal/process/next_tick.js:103:7)
*************** error log end ***************

[2017-09-12 21:52:33.714] [ERROR] errorLogger - 
*************** error log start ***************
request method: POST
request originalUrl:  /wechat?signature=3b4868dc7137221f136762d1f48d92497813d968&timestamp=1505224351&nonce=1766729211&openid=o5Yi9wOfXWopOcMYiujWBZmwBH0Q
request client ip:  ::ffff:127.0.0.1
request body: 
{"xml":{"ToUserName":["gh_08452f6d090a"],"FromUserName":["o5Yi9wOfXWopOcMYiujWBZmwBH0Q"],"CreateTime":["1505224351"],"MsgType":["event"],"Event":["CLICK"],"EventKey":["GOOD"]}}
response time: undefined
err name: Error
err message: Bad data
err stack: Error: Bad data
    at encode (/Users/mac/Documents/ecough1/ecough/node_modules/qr-image/lib/encode.js:147:15)
    at QR (/Users/mac/Documents/ecough1/ecough/node_modules/qr-image/lib/qr-base.js:170:19)
    at Object.qr_image_sync [as imageSync] (/Users/mac/Documents/ecough1/ecough/node_modules/qr-image/lib/qr.js:85:18)
    at Object.exports.uploadFile (/Users/mac/Documents/ecough1/ecough/app/utils/tools.js:179:21)
    at exports.getImageMessage (/Users/mac/Documents/ecough1/ecough/app/utils/wechat.js:98:29)
    at process._tickCallback (internal/process/next_tick.js:103:7)
*************** error log end ***************

[2017-09-12 21:52:55.804] [ERROR] errorLogger - 
*************** error log start ***************
request method: POST
request originalUrl:  /wechat?signature=948f19a570cf6b9010a9d2ae5132d34443b3b35b&timestamp=1505224373&nonce=1919958483&openid=o5Yi9wOfXWopOcMYiujWBZmwBH0Q
request client ip:  ::ffff:127.0.0.1
request body: 
{"xml":{"ToUserName":["gh_08452f6d090a"],"FromUserName":["o5Yi9wOfXWopOcMYiujWBZmwBH0Q"],"CreateTime":["1505224373"],"MsgType":["event"],"Event":["CLICK"],"EventKey":["GOOD"]}}
response time: undefined
err name: Error
err message: Bad data
err stack: Error: Bad data
    at encode (/Users/mac/Documents/ecough1/ecough/node_modules/qr-image/lib/encode.js:147:15)
    at QR (/Users/mac/Documents/ecough1/ecough/node_modules/qr-image/lib/qr-base.js:170:19)
    at Object.qr_image_sync [as imageSync] (/Users/mac/Documents/ecough1/ecough/node_modules/qr-image/lib/qr.js:85:18)
    at Object.exports.uploadFile (/Users/mac/Documents/ecough1/ecough/app/utils/tools.js:179:21)
    at exports.getImageMessage (/Users/mac/Documents/ecough1/ecough/app/utils/wechat.js:98:29)
    at process._tickCallback (internal/process/next_tick.js:103:7)
*************** error log end ***************

[2017-09-12 21:53:35.103] [ERROR] errorLogger - 
*************** error log start ***************
request method: POST
request originalUrl:  /wechat?signature=881c9d3dc065b7c98668f21c016d8a34c554c11a&timestamp=1505224412&nonce=1981503486&openid=o5Yi9wOfXWopOcMYiujWBZmwBH0Q
request client ip:  ::ffff:127.0.0.1
request body: 
{"xml":{"ToUserName":["gh_08452f6d090a"],"FromUserName":["o5Yi9wOfXWopOcMYiujWBZmwBH0Q"],"CreateTime":["1505224412"],"MsgType":["event"],"Event":["CLICK"],"EventKey":["GOOD"]}}
response time: undefined
err name: Error
err message: Bad data
err stack: Error: Bad data
    at encode (/Users/mac/Documents/ecough1/ecough/node_modules/qr-image/lib/encode.js:147:15)
    at QR (/Users/mac/Documents/ecough1/ecough/node_modules/qr-image/lib/qr-base.js:170:19)
    at Object.qr_image_sync [as imageSync] (/Users/mac/Documents/ecough1/ecough/node_modules/qr-image/lib/qr.js:85:18)
    at Object.exports.uploadFile (/Users/mac/Documents/ecough1/ecough/app/utils/tools.js:179:21)
    at exports.getImageMessage (/Users/mac/Documents/ecough1/ecough/app/utils/wechat.js:98:29)
    at process._tickCallback (internal/process/next_tick.js:103:7)
*************** error log end ***************

[2017-09-12 21:54:19.712] [ERROR] errorLogger - 
*************** error log start ***************
request method: POST
request originalUrl:  /wechat?signature=67301386b6908e1b646a332b01613d55f58bb8ef&timestamp=1505224454&nonce=498142900&openid=o5Yi9wOfXWopOcMYiujWBZmwBH0Q
request client ip:  ::ffff:127.0.0.1
request body: 
{"xml":{"ToUserName":["gh_08452f6d090a"],"FromUserName":["o5Yi9wOfXWopOcMYiujWBZmwBH0Q"],"CreateTime":["1505224454"],"MsgType":["event"],"Event":["CLICK"],"EventKey":["GOOD"]}}
response time: undefined
err name: Error
err message: Bad data
err stack: Error: Bad data
    at encode (/Users/mac/Documents/ecough1/ecough/node_modules/qr-image/lib/encode.js:147:15)
    at QR (/Users/mac/Documents/ecough1/ecough/node_modules/qr-image/lib/qr-base.js:170:19)
    at Object.qr_image_sync [as imageSync] (/Users/mac/Documents/ecough1/ecough/node_modules/qr-image/lib/qr.js:85:18)
    at Object.exports.uploadFile (/Users/mac/Documents/ecough1/ecough/app/utils/tools.js:179:21)
    at exports.getImageMessage (/Users/mac/Documents/ecough1/ecough/app/utils/wechat.js:98:29)
    at process._tickCallback (internal/process/next_tick.js:103:7)
*************** error log end ***************

[2017-09-12 21:58:09.977] [ERROR] errorLogger - 
*************** error log start ***************
request method: POST
request originalUrl:  /wechat?signature=db0b0fc71d2385f81f102cfaa98432f7e8c2a26d&timestamp=1505224686&nonce=427225739&openid=o5Yi9wOfXWopOcMYiujWBZmwBH0Q
request client ip:  ::ffff:127.0.0.1
request body: 
{"xml":{"ToUserName":["gh_08452f6d090a"],"FromUserName":["o5Yi9wOfXWopOcMYiujWBZmwBH0Q"],"CreateTime":["1505224686"],"MsgType":["event"],"Event":["CLICK"],"EventKey":["GOOD"]}}
response time: undefined
err name: Error
err message: Bad data
err stack: Error: Bad data
    at encode (/Users/mac/Documents/ecough1/ecough/node_modules/qr-image/lib/encode.js:147:15)
    at QR (/Users/mac/Documents/ecough1/ecough/node_modules/qr-image/lib/qr-base.js:170:19)
    at Object.qr_image_sync [as imageSync] (/Users/mac/Documents/ecough1/ecough/node_modules/qr-image/lib/qr.js:85:18)
    at Object.exports.uploadFile (/Users/mac/Documents/ecough1/ecough/app/utils/tools.js:179:21)
    at exports.getImageMessage (/Users/mac/Documents/ecough1/ecough/app/utils/wechat.js:99:29)
    at process._tickCallback (internal/process/next_tick.js:103:7)
*************** error log end ***************

