[2017-08-15 01:03:45.208] [ERROR] errorLogger - 
*************** error log start ***************
request method: GET
request originalUrl:  //phpMyAdmin/scripts/setup.php
request client ip:  ::ffff:111.6.101.15
request query:  {}
response time: undefined
err name: BadRequestError
err message: Malicious Path
err stack: BadRequestError: Malicious Path
    at resolvePath (/opt/www/ecough/node_modules/resolve-path/index.js:77:11)
    at /opt/www/ecough/node_modules/koa-static/node_modules/koa-send/index.js:69:12
    at Generator.next (<anonymous>)
    at onFulfilled (/opt/www/ecough/node_modules/co/index.js:65:19)
    at /opt/www/ecough/node_modules/co/index.js:54:5
    at Promise (<anonymous>)
    at co (/opt/www/ecough/node_modules/co/index.js:50:10)
    at send (/opt/www/ecough/node_modules/koa-static/node_modules/koa-send/index.js:36:10)
    at serve (/opt/www/ecough/node_modules/koa-static/index.js:41:16)
    at dispatch (/opt/www/ecough/node_modules/koa-compose/index.js:44:32)
    at next (/opt/www/ecough/node_modules/koa-compose/index.js:45:18)
    at bodyParser (/opt/www/ecough/node_modules/koa-bodyparser/index.js:86:11)
    at <anonymous>
    at process._tickDomainCallback (internal/process/next_tick.js:208:7)
*************** error log end ***************

[2017-08-15 01:03:45.309] [ERROR] errorLogger - 
*************** error log start ***************
request method: GET
request originalUrl:  //phpmyadmin/scripts/setup.php
request client ip:  ::ffff:111.6.101.15
request query:  {}
response time: undefined
err name: BadRequestError
err message: Malicious Path
err stack: BadRequestError: Malicious Path
    at resolvePath (/opt/www/ecough/node_modules/resolve-path/index.js:77:11)
    at /opt/www/ecough/node_modules/koa-static/node_modules/koa-send/index.js:69:12
    at Generator.next (<anonymous>)
    at onFulfilled (/opt/www/ecough/node_modules/co/index.js:65:19)
    at /opt/www/ecough/node_modules/co/index.js:54:5
    at Promise (<anonymous>)
    at co (/opt/www/ecough/node_modules/co/index.js:50:10)
    at send (/opt/www/ecough/node_modules/koa-static/node_modules/koa-send/index.js:36:10)
    at serve (/opt/www/ecough/node_modules/koa-static/index.js:41:16)
    at dispatch (/opt/www/ecough/node_modules/koa-compose/index.js:44:32)
    at next (/opt/www/ecough/node_modules/koa-compose/index.js:45:18)
    at bodyParser (/opt/www/ecough/node_modules/koa-bodyparser/index.js:86:11)
    at <anonymous>
    at process._tickDomainCallback (internal/process/next_tick.js:208:7)
*************** error log end ***************

[2017-08-15 01:03:45.353] [ERROR] errorLogger - 
*************** error log start ***************
request method: GET
request originalUrl:  //phpmyadmin/scripts/setup.php
request client ip:  ::ffff:111.6.101.15
request query:  {}
response time: undefined
err name: BadRequestError
err message: Malicious Path
err stack: BadRequestError: Malicious Path
    at resolvePath (/opt/www/ecough/node_modules/resolve-path/index.js:77:11)
    at /opt/www/ecough/node_modules/koa-static/node_modules/koa-send/index.js:69:12
    at Generator.next (<anonymous>)
    at onFulfilled (/opt/www/ecough/node_modules/co/index.js:65:19)
    at /opt/www/ecough/node_modules/co/index.js:54:5
    at Promise (<anonymous>)
    at co (/opt/www/ecough/node_modules/co/index.js:50:10)
    at send (/opt/www/ecough/node_modules/koa-static/node_modules/koa-send/index.js:36:10)
    at serve (/opt/www/ecough/node_modules/koa-static/index.js:41:16)
    at dispatch (/opt/www/ecough/node_modules/koa-compose/index.js:44:32)
    at next (/opt/www/ecough/node_modules/koa-compose/index.js:45:18)
    at bodyParser (/opt/www/ecough/node_modules/koa-bodyparser/index.js:86:11)
    at <anonymous>
    at process._tickDomainCallback (internal/process/next_tick.js:208:7)
*************** error log end ***************

[2017-08-15 01:03:45.409] [ERROR] errorLogger - 
*************** error log start ***************
request method: GET
request originalUrl:  //pma/scripts/setup.php
request client ip:  ::ffff:111.6.101.15
request query:  {}
response time: undefined
err name: BadRequestError
err message: Malicious Path
err stack: BadRequestError: Malicious Path
    at resolvePath (/opt/www/ecough/node_modules/resolve-path/index.js:77:11)
    at /opt/www/ecough/node_modules/koa-static/node_modules/koa-send/index.js:69:12
    at Generator.next (<anonymous>)
    at onFulfilled (/opt/www/ecough/node_modules/co/index.js:65:19)
    at /opt/www/ecough/node_modules/co/index.js:54:5
    at Promise (<anonymous>)
    at co (/opt/www/ecough/node_modules/co/index.js:50:10)
    at send (/opt/www/ecough/node_modules/koa-static/node_modules/koa-send/index.js:36:10)
    at serve (/opt/www/ecough/node_modules/koa-static/index.js:41:16)
    at dispatch (/opt/www/ecough/node_modules/koa-compose/index.js:44:32)
    at next (/opt/www/ecough/node_modules/koa-compose/index.js:45:18)
    at bodyParser (/opt/www/ecough/node_modules/koa-bodyparser/index.js:86:11)
    at <anonymous>
    at process._tickDomainCallback (internal/process/next_tick.js:208:7)
*************** error log end ***************

[2017-08-15 01:03:45.445] [ERROR] errorLogger - 
*************** error log start ***************
request method: GET
request originalUrl:  //phpmyadmin/scripts/setup.php
request client ip:  ::ffff:111.6.101.15
request query:  {}
response time: undefined
err name: BadRequestError
err message: Malicious Path
err stack: BadRequestError: Malicious Path
    at resolvePath (/opt/www/ecough/node_modules/resolve-path/index.js:77:11)
    at /opt/www/ecough/node_modules/koa-static/node_modules/koa-send/index.js:69:12
    at Generator.next (<anonymous>)
    at onFulfilled (/opt/www/ecough/node_modules/co/index.js:65:19)
    at /opt/www/ecough/node_modules/co/index.js:54:5
    at Promise (<anonymous>)
    at co (/opt/www/ecough/node_modules/co/index.js:50:10)
    at send (/opt/www/ecough/node_modules/koa-static/node_modules/koa-send/index.js:36:10)
    at serve (/opt/www/ecough/node_modules/koa-static/index.js:41:16)
    at dispatch (/opt/www/ecough/node_modules/koa-compose/index.js:44:32)
    at next (/opt/www/ecough/node_modules/koa-compose/index.js:45:18)
    at bodyParser (/opt/www/ecough/node_modules/koa-bodyparser/index.js:86:11)
    at <anonymous>
    at process._tickDomainCallback (internal/process/next_tick.js:208:7)
*************** error log end ***************

[2017-08-15 01:03:45.506] [ERROR] errorLogger - 
*************** error log start ***************
request method: GET
request originalUrl:  //myadmin/scripts/setup.php
request client ip:  ::ffff:111.6.101.15
request query:  {}
response time: undefined
err name: BadRequestError
err message: Malicious Path
err stack: BadRequestError: Malicious Path
    at resolvePath (/opt/www/ecough/node_modules/resolve-path/index.js:77:11)
    at /opt/www/ecough/node_modules/koa-static/node_modules/koa-send/index.js:69:12
    at Generator.next (<anonymous>)
    at onFulfilled (/opt/www/ecough/node_modules/co/index.js:65:19)
    at /opt/www/ecough/node_modules/co/index.js:54:5
    at Promise (<anonymous>)
    at co (/opt/www/ecough/node_modules/co/index.js:50:10)
    at send (/opt/www/ecough/node_modules/koa-static/node_modules/koa-send/index.js:36:10)
    at serve (/opt/www/ecough/node_modules/koa-static/index.js:41:16)
    at dispatch (/opt/www/ecough/node_modules/koa-compose/index.js:44:32)
    at next (/opt/www/ecough/node_modules/koa-compose/index.js:45:18)
    at bodyParser (/opt/www/ecough/node_modules/koa-bodyparser/index.js:86:11)
    at <anonymous>
    at process._tickDomainCallback (internal/process/next_tick.js:208:7)
*************** error log end ***************

[2017-08-15 01:03:45.543] [ERROR] errorLogger - 
*************** error log start ***************
request method: GET
request originalUrl:  //pma/scripts/setup.php
request client ip:  ::ffff:111.6.101.15
request query:  {}
response time: undefined
err name: BadRequestError
err message: Malicious Path
err stack: BadRequestError: Malicious Path
    at resolvePath (/opt/www/ecough/node_modules/resolve-path/index.js:77:11)
    at /opt/www/ecough/node_modules/koa-static/node_modules/koa-send/index.js:69:12
    at Generator.next (<anonymous>)
    at onFulfilled (/opt/www/ecough/node_modules/co/index.js:65:19)
    at /opt/www/ecough/node_modules/co/index.js:54:5
    at Promise (<anonymous>)
    at co (/opt/www/ecough/node_modules/co/index.js:50:10)
    at send (/opt/www/ecough/node_modules/koa-static/node_modules/koa-send/index.js:36:10)
    at serve (/opt/www/ecough/node_modules/koa-static/index.js:41:16)
    at dispatch (/opt/www/ecough/node_modules/koa-compose/index.js:44:32)
    at next (/opt/www/ecough/node_modules/koa-compose/index.js:45:18)
    at bodyParser (/opt/www/ecough/node_modules/koa-bodyparser/index.js:86:11)
    at <anonymous>
    at process._tickDomainCallback (internal/process/next_tick.js:208:7)
*************** error log end ***************

[2017-08-15 01:03:46.602] [ERROR] errorLogger - 
*************** error log start ***************
request method: GET
request originalUrl:  //MyAdmin/scripts/setup.php
request client ip:  ::ffff:111.6.101.15
request query:  {}
response time: undefined
err name: BadRequestError
err message: Malicious Path
err stack: BadRequestError: Malicious Path
    at resolvePath (/opt/www/ecough/node_modules/resolve-path/index.js:77:11)
    at /opt/www/ecough/node_modules/koa-static/node_modules/koa-send/index.js:69:12
    at Generator.next (<anonymous>)
    at onFulfilled (/opt/www/ecough/node_modules/co/index.js:65:19)
    at /opt/www/ecough/node_modules/co/index.js:54:5
    at Promise (<anonymous>)
    at co (/opt/www/ecough/node_modules/co/index.js:50:10)
    at send (/opt/www/ecough/node_modules/koa-static/node_modules/koa-send/index.js:36:10)
    at serve (/opt/www/ecough/node_modules/koa-static/index.js:41:16)
    at dispatch (/opt/www/ecough/node_modules/koa-compose/index.js:44:32)
    at next (/opt/www/ecough/node_modules/koa-compose/index.js:45:18)
    at bodyParser (/opt/www/ecough/node_modules/koa-bodyparser/index.js:86:11)
    at <anonymous>
    at process._tickDomainCallback (internal/process/next_tick.js:208:7)
*************** error log end ***************

[2017-08-15 01:03:52.457] [ERROR] errorLogger - 
*************** error log start ***************
request method: GET
request originalUrl:  //MyAdmin/scripts/setup.php
request client ip:  ::ffff:111.6.101.15
request query:  {}
response time: undefined
err name: BadRequestError
err message: Malicious Path
err stack: BadRequestError: Malicious Path
    at resolvePath (/opt/www/ecough/node_modules/resolve-path/index.js:77:11)
    at /opt/www/ecough/node_modules/koa-static/node_modules/koa-send/index.js:69:12
    at Generator.next (<anonymous>)
    at onFulfilled (/opt/www/ecough/node_modules/co/index.js:65:19)
    at /opt/www/ecough/node_modules/co/index.js:54:5
    at Promise (<anonymous>)
    at co (/opt/www/ecough/node_modules/co/index.js:50:10)
    at send (/opt/www/ecough/node_modules/koa-static/node_modules/koa-send/index.js:36:10)
    at serve (/opt/www/ecough/node_modules/koa-static/index.js:41:16)
    at dispatch (/opt/www/ecough/node_modules/koa-compose/index.js:44:32)
    at next (/opt/www/ecough/node_modules/koa-compose/index.js:45:18)
    at bodyParser (/opt/www/ecough/node_modules/koa-bodyparser/index.js:86:11)
    at <anonymous>
    at process._tickDomainCallback (internal/process/next_tick.js:208:7)
*************** error log end ***************

