[2017-08-29 15:02:31.288] [ERROR] errorLogger - 
*************** error log start ***************
request method: GET
request originalUrl:  /components/swiper/dist/js/maps/swiper.js.map
request client ip:  ::ffff:127.0.0.1
request query:  {}
response time: 2
err name: ReferenceError
err message: urlencode is not defined
err stack: ReferenceError: urlencode is not defined
    at app.use (/Users/mac/Documents/ecough1/ecough/app.js:84:91)
    at dispatch (/Users/mac/Documents/ecough1/ecough/node_modules/koa-compose/index.js:44:32)
    at next (/Users/mac/Documents/ecough1/ecough/node_modules/koa-compose/index.js:45:18)
    at dispatch (/Users/mac/Documents/ecough1/ecough/node_modules/koa-router/lib/router.js:332:32)
    at dispatch (/Users/mac/Documents/ecough1/ecough/node_modules/koa-compose/index.js:44:32)
    at next (/Users/mac/Documents/ecough1/ecough/node_modules/koa-compose/index.js:45:18)
    at app.use (/Users/mac/Documents/ecough1/ecough/app.js:60:11)
    at dispatch (/Users/mac/Documents/ecough1/ecough/node_modules/koa-compose/index.js:44:32)
    at next (/Users/mac/Documents/ecough1/ecough/node_modules/koa-compose/index.js:45:18)
    at send.then.done (/Users/mac/Documents/ecough1/ecough/node_modules/koa-static/index.js:43:20)
    at <anonymous>
*************** error log end ***************

[2017-08-29 15:02:33.021] [ERROR] errorLogger - 
*************** error log start ***************
request method: GET
request originalUrl:  /favicon.ico
request client ip:  ::ffff:127.0.0.1
request query:  {}
response time: 0
err name: ReferenceError
err message: urlencode is not defined
err stack: ReferenceError: urlencode is not defined
    at app.use (/Users/mac/Documents/ecough1/ecough/app.js:84:91)
    at dispatch (/Users/mac/Documents/ecough1/ecough/node_modules/koa-compose/index.js:44:32)
    at next (/Users/mac/Documents/ecough1/ecough/node_modules/koa-compose/index.js:45:18)
    at dispatch (/Users/mac/Documents/ecough1/ecough/node_modules/koa-router/lib/router.js:332:32)
    at dispatch (/Users/mac/Documents/ecough1/ecough/node_modules/koa-compose/index.js:44:32)
    at next (/Users/mac/Documents/ecough1/ecough/node_modules/koa-compose/index.js:45:18)
    at app.use (/Users/mac/Documents/ecough1/ecough/app.js:60:11)
    at dispatch (/Users/mac/Documents/ecough1/ecough/node_modules/koa-compose/index.js:44:32)
    at next (/Users/mac/Documents/ecough1/ecough/node_modules/koa-compose/index.js:45:18)
    at send.then.done (/Users/mac/Documents/ecough1/ecough/node_modules/koa-static/index.js:43:20)
    at <anonymous>
*************** error log end ***************

[2017-08-29 15:03:50.250] [ERROR] errorLogger - 
*************** error log start ***************
request method: GET
request originalUrl:  /components/swiper/dist/js/maps/swiper.js.map
request client ip:  ::ffff:127.0.0.1
request query:  {}
response time: 2
err name: ReferenceError
err message: urlencode is not defined
err stack: ReferenceError: urlencode is not defined
    at app.use (/Users/mac/Documents/ecough1/ecough/app.js:85:91)
    at dispatch (/Users/mac/Documents/ecough1/ecough/node_modules/koa-compose/index.js:44:32)
    at next (/Users/mac/Documents/ecough1/ecough/node_modules/koa-compose/index.js:45:18)
    at dispatch (/Users/mac/Documents/ecough1/ecough/node_modules/koa-router/lib/router.js:332:32)
    at dispatch (/Users/mac/Documents/ecough1/ecough/node_modules/koa-compose/index.js:44:32)
    at next (/Users/mac/Documents/ecough1/ecough/node_modules/koa-compose/index.js:45:18)
    at app.use (/Users/mac/Documents/ecough1/ecough/app.js:60:11)
    at dispatch (/Users/mac/Documents/ecough1/ecough/node_modules/koa-compose/index.js:44:32)
    at next (/Users/mac/Documents/ecough1/ecough/node_modules/koa-compose/index.js:45:18)
    at send.then.done (/Users/mac/Documents/ecough1/ecough/node_modules/koa-static/index.js:43:20)
    at <anonymous>
*************** error log end ***************

[2017-08-29 15:04:34.164] [ERROR] errorLogger - 
*************** error log start ***************
request method: GET
request originalUrl:  /
request client ip:  ::ffff:127.0.0.1
request query:  {}
response time: 15
err name: ReferenceError
err message: urlencode is not defined
err stack: ReferenceError: urlencode is not defined
    at app.use (/Users/mac/Documents/ecough1/ecough/app.js:77:91)
    at dispatch (/Users/mac/Documents/ecough1/ecough/node_modules/koa-compose/index.js:44:32)
    at next (/Users/mac/Documents/ecough1/ecough/node_modules/koa-compose/index.js:45:18)
    at app.use (/Users/mac/Documents/ecough1/ecough/app.js:60:11)
    at dispatch (/Users/mac/Documents/ecough1/ecough/node_modules/koa-compose/index.js:44:32)
    at next (/Users/mac/Documents/ecough1/ecough/node_modules/koa-compose/index.js:45:18)
    at send.then.done (/Users/mac/Documents/ecough1/ecough/node_modules/koa-static/index.js:43:20)
    at <anonymous>
*************** error log end ***************

[2017-08-29 15:05:01.014] [ERROR] errorLogger - 
*************** error log start ***************
request method: GET
request originalUrl:  /
request client ip:  ::ffff:127.0.0.1
request query:  {}
response time: 16
err name: ReferenceError
err message: urlencode is not defined
err stack: ReferenceError: urlencode is not defined
    at app.use (/Users/mac/Documents/ecough1/ecough/app.js:77:91)
    at dispatch (/Users/mac/Documents/ecough1/ecough/node_modules/koa-compose/index.js:44:32)
    at next (/Users/mac/Documents/ecough1/ecough/node_modules/koa-compose/index.js:45:18)
    at app.use (/Users/mac/Documents/ecough1/ecough/app.js:60:11)
    at dispatch (/Users/mac/Documents/ecough1/ecough/node_modules/koa-compose/index.js:44:32)
    at next (/Users/mac/Documents/ecough1/ecough/node_modules/koa-compose/index.js:45:18)
    at send.then.done (/Users/mac/Documents/ecough1/ecough/node_modules/koa-static/index.js:43:20)
    at <anonymous>
*************** error log end ***************

[2017-08-29 15:05:21.160] [ERROR] errorLogger - 
*************** error log start ***************
request method: GET
request originalUrl:  /
request client ip:  ::ffff:127.0.0.1
request query:  {}
response time: 2
err name: ReferenceError
err message: urlencode is not defined
err stack: ReferenceError: urlencode is not defined
    at app.use (/Users/mac/Documents/ecough1/ecough/app.js:77:91)
    at dispatch (/Users/mac/Documents/ecough1/ecough/node_modules/koa-compose/index.js:44:32)
    at next (/Users/mac/Documents/ecough1/ecough/node_modules/koa-compose/index.js:45:18)
    at app.use (/Users/mac/Documents/ecough1/ecough/app.js:60:11)
    at dispatch (/Users/mac/Documents/ecough1/ecough/node_modules/koa-compose/index.js:44:32)
    at next (/Users/mac/Documents/ecough1/ecough/node_modules/koa-compose/index.js:45:18)
    at send.then.done (/Users/mac/Documents/ecough1/ecough/node_modules/koa-static/index.js:43:20)
    at <anonymous>
*************** error log end ***************

[2017-08-29 15:05:31.665] [ERROR] errorLogger - 
*************** error log start ***************
request method: GET
request originalUrl:  /
request client ip:  ::ffff:127.0.0.1
request query:  {}
response time: 0
err name: ReferenceError
err message: urlencode is not defined
err stack: ReferenceError: urlencode is not defined
    at app.use (/Users/mac/Documents/ecough1/ecough/app.js:77:91)
    at dispatch (/Users/mac/Documents/ecough1/ecough/node_modules/koa-compose/index.js:44:32)
    at next (/Users/mac/Documents/ecough1/ecough/node_modules/koa-compose/index.js:45:18)
    at app.use (/Users/mac/Documents/ecough1/ecough/app.js:60:11)
    at dispatch (/Users/mac/Documents/ecough1/ecough/node_modules/koa-compose/index.js:44:32)
    at next (/Users/mac/Documents/ecough1/ecough/node_modules/koa-compose/index.js:45:18)
    at send.then.done (/Users/mac/Documents/ecough1/ecough/node_modules/koa-static/index.js:43:20)
    at <anonymous>
*************** error log end ***************

[2017-08-29 15:09:28.898] [ERROR] errorLogger - 
*************** error log start ***************
request method: GET
request originalUrl:  /my/userinfo
request client ip:  ::ffff:127.0.0.1
request query:  {}
response time: 2
err name: ReferenceError
err message: urlencode is not defined
err stack: ReferenceError: urlencode is not defined
    at app.use (/Users/mac/Documents/ecough1/ecough/app.js:77:91)
    at dispatch (/Users/mac/Documents/ecough1/ecough/node_modules/koa-compose/index.js:44:32)
    at next (/Users/mac/Documents/ecough1/ecough/node_modules/koa-compose/index.js:45:18)
    at app.use (/Users/mac/Documents/ecough1/ecough/app.js:60:11)
    at dispatch (/Users/mac/Documents/ecough1/ecough/node_modules/koa-compose/index.js:44:32)
    at next (/Users/mac/Documents/ecough1/ecough/node_modules/koa-compose/index.js:45:18)
    at send.then.done (/Users/mac/Documents/ecough1/ecough/node_modules/koa-static/index.js:43:20)
    at <anonymous>
*************** error log end ***************

[2017-08-29 15:09:29.374] [ERROR] errorLogger - 
*************** error log start ***************
request method: GET
request originalUrl:  /my/userinfo
request client ip:  ::ffff:127.0.0.1
request query:  {}
response time: 0
err name: ReferenceError
err message: urlencode is not defined
err stack: ReferenceError: urlencode is not defined
    at app.use (/Users/mac/Documents/ecough1/ecough/app.js:77:91)
    at dispatch (/Users/mac/Documents/ecough1/ecough/node_modules/koa-compose/index.js:44:32)
    at next (/Users/mac/Documents/ecough1/ecough/node_modules/koa-compose/index.js:45:18)
    at app.use (/Users/mac/Documents/ecough1/ecough/app.js:60:11)
    at dispatch (/Users/mac/Documents/ecough1/ecough/node_modules/koa-compose/index.js:44:32)
    at next (/Users/mac/Documents/ecough1/ecough/node_modules/koa-compose/index.js:45:18)
    at send.then.done (/Users/mac/Documents/ecough1/ecough/node_modules/koa-static/index.js:43:20)
    at <anonymous>
*************** error log end ***************

[2017-08-29 15:09:30.362] [ERROR] errorLogger - 
*************** error log start ***************
request method: GET
request originalUrl:  /favicon.ico
request client ip:  ::ffff:127.0.0.1
request query:  {}
response time: 1
err name: ReferenceError
err message: urlencode is not defined
err stack: ReferenceError: urlencode is not defined
    at app.use (/Users/mac/Documents/ecough1/ecough/app.js:77:91)
    at dispatch (/Users/mac/Documents/ecough1/ecough/node_modules/koa-compose/index.js:44:32)
    at next (/Users/mac/Documents/ecough1/ecough/node_modules/koa-compose/index.js:45:18)
    at app.use (/Users/mac/Documents/ecough1/ecough/app.js:60:11)
    at dispatch (/Users/mac/Documents/ecough1/ecough/node_modules/koa-compose/index.js:44:32)
    at next (/Users/mac/Documents/ecough1/ecough/node_modules/koa-compose/index.js:45:18)
    at send.then.done (/Users/mac/Documents/ecough1/ecough/node_modules/koa-static/index.js:43:20)
    at <anonymous>
*************** error log end ***************

[2017-08-29 15:09:37.359] [ERROR] errorLogger - 
*************** error log start ***************
request method: GET
request originalUrl:  /my/userinfo
request client ip:  ::ffff:127.0.0.1
request query:  {}
response time: 0
err name: ReferenceError
err message: urlencode is not defined
err stack: ReferenceError: urlencode is not defined
    at app.use (/Users/mac/Documents/ecough1/ecough/app.js:77:91)
    at dispatch (/Users/mac/Documents/ecough1/ecough/node_modules/koa-compose/index.js:44:32)
    at next (/Users/mac/Documents/ecough1/ecough/node_modules/koa-compose/index.js:45:18)
    at app.use (/Users/mac/Documents/ecough1/ecough/app.js:60:11)
    at dispatch (/Users/mac/Documents/ecough1/ecough/node_modules/koa-compose/index.js:44:32)
    at next (/Users/mac/Documents/ecough1/ecough/node_modules/koa-compose/index.js:45:18)
    at send.then.done (/Users/mac/Documents/ecough1/ecough/node_modules/koa-static/index.js:43:20)
    at <anonymous>
*************** error log end ***************

[2017-08-29 15:16:14.917] [ERROR] errorLogger - 
*************** error log start ***************
request method: GET
request originalUrl:  /wechat?signature=099dabdb8454bc77a3d183b284e6fac71c1e050b&echostr=8544524630670262271&timestamp=1503990972&nonce=3787269228
request client ip:  ::ffff:127.0.0.1
request query:  {"signature":"099dabdb8454bc77a3d183b284e6fac71c1e050b","echostr":"8544524630670262271","timestamp":"1503990972","nonce":"3787269228"}
response time: 5
err name: ReferenceError
err message: urlencode is not defined
err stack: ReferenceError: urlencode is not defined
    at app.use (/Users/mac/Documents/ecough1/ecough/app.js:77:91)
    at dispatch (/Users/mac/Documents/ecough1/ecough/node_modules/koa-compose/index.js:44:32)
    at next (/Users/mac/Documents/ecough1/ecough/node_modules/koa-compose/index.js:45:18)
    at app.use (/Users/mac/Documents/ecough1/ecough/app.js:60:11)
    at dispatch (/Users/mac/Documents/ecough1/ecough/node_modules/koa-compose/index.js:44:32)
    at next (/Users/mac/Documents/ecough1/ecough/node_modules/koa-compose/index.js:45:18)
    at send.then.done (/Users/mac/Documents/ecough1/ecough/node_modules/koa-static/index.js:43:20)
    at <anonymous>
*************** error log end ***************

[2017-08-29 15:16:18.502] [ERROR] errorLogger - 
*************** error log start ***************
request method: GET
request originalUrl:  /wechat?signature=212e0be75e33f39aca237edca1151327013d8de3&echostr=14722602857185400831&timestamp=1503990975&nonce=1724805641
request client ip:  ::ffff:127.0.0.1
request query:  {"signature":"212e0be75e33f39aca237edca1151327013d8de3","echostr":"14722602857185400831","timestamp":"1503990975","nonce":"1724805641"}
response time: 0
err name: ReferenceError
err message: urlencode is not defined
err stack: ReferenceError: urlencode is not defined
    at app.use (/Users/mac/Documents/ecough1/ecough/app.js:77:91)
    at dispatch (/Users/mac/Documents/ecough1/ecough/node_modules/koa-compose/index.js:44:32)
    at next (/Users/mac/Documents/ecough1/ecough/node_modules/koa-compose/index.js:45:18)
    at app.use (/Users/mac/Documents/ecough1/ecough/app.js:60:11)
    at dispatch (/Users/mac/Documents/ecough1/ecough/node_modules/koa-compose/index.js:44:32)
    at next (/Users/mac/Documents/ecough1/ecough/node_modules/koa-compose/index.js:45:18)
    at send.then.done (/Users/mac/Documents/ecough1/ecough/node_modules/koa-static/index.js:43:20)
    at <anonymous>
*************** error log end ***************

[2017-08-29 15:16:28.293] [ERROR] errorLogger - 
*************** error log start ***************
request method: GET
request originalUrl:  /wechat?signature=c1fe2353f6e224a6d576ddb06571601d40df4b63&echostr=16311462146471738874&timestamp=1503990986&nonce=2543484654
request client ip:  ::ffff:127.0.0.1
request query:  {"signature":"c1fe2353f6e224a6d576ddb06571601d40df4b63","echostr":"16311462146471738874","timestamp":"1503990986","nonce":"2543484654"}
response time: 1
err name: ReferenceError
err message: urlencode is not defined
err stack: ReferenceError: urlencode is not defined
    at app.use (/Users/mac/Documents/ecough1/ecough/app.js:77:91)
    at dispatch (/Users/mac/Documents/ecough1/ecough/node_modules/koa-compose/index.js:44:32)
    at next (/Users/mac/Documents/ecough1/ecough/node_modules/koa-compose/index.js:45:18)
    at app.use (/Users/mac/Documents/ecough1/ecough/app.js:60:11)
    at dispatch (/Users/mac/Documents/ecough1/ecough/node_modules/koa-compose/index.js:44:32)
    at next (/Users/mac/Documents/ecough1/ecough/node_modules/koa-compose/index.js:45:18)
    at send.then.done (/Users/mac/Documents/ecough1/ecough/node_modules/koa-static/index.js:43:20)
    at <anonymous>
*************** error log end ***************

[2017-08-29 15:16:42.830] [ERROR] errorLogger - 
*************** error log start ***************
request method: GET
request originalUrl:  /wechat?signature=a84803127ffa16c5a97f131ac5496e4d2fde9e97&echostr=14354887831341856505&timestamp=1503991000&nonce=1177434222
request client ip:  ::ffff:127.0.0.1
request query:  {"signature":"a84803127ffa16c5a97f131ac5496e4d2fde9e97","echostr":"14354887831341856505","timestamp":"1503991000","nonce":"1177434222"}
response time: 1
err name: ReferenceError
err message: urlencode is not defined
err stack: ReferenceError: urlencode is not defined
    at app.use (/Users/mac/Documents/ecough1/ecough/app.js:77:91)
    at dispatch (/Users/mac/Documents/ecough1/ecough/node_modules/koa-compose/index.js:44:32)
    at next (/Users/mac/Documents/ecough1/ecough/node_modules/koa-compose/index.js:45:18)
    at app.use (/Users/mac/Documents/ecough1/ecough/app.js:60:11)
    at dispatch (/Users/mac/Documents/ecough1/ecough/node_modules/koa-compose/index.js:44:32)
    at next (/Users/mac/Documents/ecough1/ecough/node_modules/koa-compose/index.js:45:18)
    at send.then.done (/Users/mac/Documents/ecough1/ecough/node_modules/koa-static/index.js:43:20)
    at <anonymous>
*************** error log end ***************

[2017-08-29 15:16:50.432] [ERROR] errorLogger - 
*************** error log start ***************
request method: GET
request originalUrl:  /wechat?signature=8afe595f1944c85c8318385aeda3544a9d259e41&echostr=12198952658403702773&timestamp=1503991008&nonce=2266551706
request client ip:  ::ffff:127.0.0.1
request query:  {"signature":"8afe595f1944c85c8318385aeda3544a9d259e41","echostr":"12198952658403702773","timestamp":"1503991008","nonce":"2266551706"}
response time: 0
err name: ReferenceError
err message: urlencode is not defined
err stack: ReferenceError: urlencode is not defined
    at app.use (/Users/mac/Documents/ecough1/ecough/app.js:77:91)
    at dispatch (/Users/mac/Documents/ecough1/ecough/node_modules/koa-compose/index.js:44:32)
    at next (/Users/mac/Documents/ecough1/ecough/node_modules/koa-compose/index.js:45:18)
    at app.use (/Users/mac/Documents/ecough1/ecough/app.js:60:11)
    at dispatch (/Users/mac/Documents/ecough1/ecough/node_modules/koa-compose/index.js:44:32)
    at next (/Users/mac/Documents/ecough1/ecough/node_modules/koa-compose/index.js:45:18)
    at send.then.done (/Users/mac/Documents/ecough1/ecough/node_modules/koa-static/index.js:43:20)
    at <anonymous>
*************** error log end ***************

[2017-08-29 15:17:15.950] [ERROR] errorLogger - 
*************** error log start ***************
request method: GET
request originalUrl:  /wechat?signature=1aad35cd60767bcbb021ce7e5fa1c7bcccd09235&echostr=10211638764824917501&timestamp=1503991033&nonce=1794688782
request client ip:  ::ffff:127.0.0.1
request query:  {"signature":"1aad35cd60767bcbb021ce7e5fa1c7bcccd09235","echostr":"10211638764824917501","timestamp":"1503991033","nonce":"1794688782"}
response time: 2
err name: ReferenceError
err message: urlencode is not defined
err stack: ReferenceError: urlencode is not defined
    at app.use (/Users/mac/Documents/ecough1/ecough/app.js:77:91)
    at dispatch (/Users/mac/Documents/ecough1/ecough/node_modules/koa-compose/index.js:44:32)
    at next (/Users/mac/Documents/ecough1/ecough/node_modules/koa-compose/index.js:45:18)
    at app.use (/Users/mac/Documents/ecough1/ecough/app.js:60:11)
    at dispatch (/Users/mac/Documents/ecough1/ecough/node_modules/koa-compose/index.js:44:32)
    at next (/Users/mac/Documents/ecough1/ecough/node_modules/koa-compose/index.js:45:18)
    at send.then.done (/Users/mac/Documents/ecough1/ecough/node_modules/koa-static/index.js:43:20)
    at <anonymous>
*************** error log end ***************

[2017-08-29 15:35:04.652] [ERROR] errorLogger - 
*************** error log start ***************
request method: GET
request originalUrl:  /my/userinfo
request client ip:  ::ffff:127.0.0.1
request query:  {}
response time: 4
err name: ReferenceError
err message: urlencode is not defined
err stack: ReferenceError: urlencode is not defined
    at app.use (/Users/mac/Documents/ecough1/ecough/app.js:82:91)
    at dispatch (/Users/mac/Documents/ecough1/ecough/node_modules/koa-compose/index.js:44:32)
    at next (/Users/mac/Documents/ecough1/ecough/node_modules/koa-compose/index.js:45:18)
    at allowedMethods (/Users/mac/Documents/ecough1/ecough/node_modules/koa-router/lib/router.js:406:12)
    at dispatch (/Users/mac/Documents/ecough1/ecough/node_modules/koa-compose/index.js:44:32)
    at next (/Users/mac/Documents/ecough1/ecough/node_modules/koa-compose/index.js:45:18)
    at dispatch (/Users/mac/Documents/ecough1/ecough/node_modules/koa-router/lib/router.js:332:32)
    at dispatch (/Users/mac/Documents/ecough1/ecough/node_modules/koa-compose/index.js:44:32)
    at next (/Users/mac/Documents/ecough1/ecough/node_modules/koa-compose/index.js:45:18)
    at app.use (/Users/mac/Documents/ecough1/ecough/app.js:60:11)
    at dispatch (/Users/mac/Documents/ecough1/ecough/node_modules/koa-compose/index.js:44:32)
    at next (/Users/mac/Documents/ecough1/ecough/node_modules/koa-compose/index.js:45:18)
    at send.then.done (/Users/mac/Documents/ecough1/ecough/node_modules/koa-static/index.js:43:20)
    at <anonymous>
*************** error log end ***************

[2017-08-29 15:35:05.679] [ERROR] errorLogger - 
*************** error log start ***************
request method: GET
request originalUrl:  /favicon.ico
request client ip:  ::ffff:127.0.0.1
request query:  {}
response time: 1
err name: ReferenceError
err message: urlencode is not defined
err stack: ReferenceError: urlencode is not defined
    at app.use (/Users/mac/Documents/ecough1/ecough/app.js:82:91)
    at dispatch (/Users/mac/Documents/ecough1/ecough/node_modules/koa-compose/index.js:44:32)
    at next (/Users/mac/Documents/ecough1/ecough/node_modules/koa-compose/index.js:45:18)
    at allowedMethods (/Users/mac/Documents/ecough1/ecough/node_modules/koa-router/lib/router.js:406:12)
    at dispatch (/Users/mac/Documents/ecough1/ecough/node_modules/koa-compose/index.js:44:32)
    at next (/Users/mac/Documents/ecough1/ecough/node_modules/koa-compose/index.js:45:18)
    at dispatch (/Users/mac/Documents/ecough1/ecough/node_modules/koa-router/lib/router.js:332:32)
    at dispatch (/Users/mac/Documents/ecough1/ecough/node_modules/koa-compose/index.js:44:32)
    at next (/Users/mac/Documents/ecough1/ecough/node_modules/koa-compose/index.js:45:18)
    at app.use (/Users/mac/Documents/ecough1/ecough/app.js:60:11)
    at dispatch (/Users/mac/Documents/ecough1/ecough/node_modules/koa-compose/index.js:44:32)
    at next (/Users/mac/Documents/ecough1/ecough/node_modules/koa-compose/index.js:45:18)
    at send.then.done (/Users/mac/Documents/ecough1/ecough/node_modules/koa-static/index.js:43:20)
    at <anonymous>
*************** error log end ***************

[2017-08-29 15:37:28.528] [ERROR] errorLogger - 
*************** error log start ***************
request method: GET
request originalUrl:  /my/userinfo
request client ip:  ::ffff:127.0.0.1
request query:  {}
response time: 4
err name: ReferenceError
err message: urlencode is not defined
err stack: ReferenceError: urlencode is not defined
    at app.use (/Users/mac/Documents/ecough1/ecough/app.js:82:91)
    at dispatch (/Users/mac/Documents/ecough1/ecough/node_modules/koa-compose/index.js:44:32)
    at next (/Users/mac/Documents/ecough1/ecough/node_modules/koa-compose/index.js:45:18)
    at allowedMethods (/Users/mac/Documents/ecough1/ecough/node_modules/koa-router/lib/router.js:406:12)
    at dispatch (/Users/mac/Documents/ecough1/ecough/node_modules/koa-compose/index.js:44:32)
    at next (/Users/mac/Documents/ecough1/ecough/node_modules/koa-compose/index.js:45:18)
    at dispatch (/Users/mac/Documents/ecough1/ecough/node_modules/koa-router/lib/router.js:332:32)
    at dispatch (/Users/mac/Documents/ecough1/ecough/node_modules/koa-compose/index.js:44:32)
    at next (/Users/mac/Documents/ecough1/ecough/node_modules/koa-compose/index.js:45:18)
    at app.use (/Users/mac/Documents/ecough1/ecough/app.js:60:11)
    at dispatch (/Users/mac/Documents/ecough1/ecough/node_modules/koa-compose/index.js:44:32)
    at next (/Users/mac/Documents/ecough1/ecough/node_modules/koa-compose/index.js:45:18)
    at send.then.done (/Users/mac/Documents/ecough1/ecough/node_modules/koa-static/index.js:43:20)
    at <anonymous>
*************** error log end ***************

[2017-08-29 15:37:37.186] [ERROR] errorLogger - 
*************** error log start ***************
request method: GET
request originalUrl:  /my/userinfo
request client ip:  ::ffff:127.0.0.1
request query:  {}
response time: 0
err name: ReferenceError
err message: urlencode is not defined
err stack: ReferenceError: urlencode is not defined
    at app.use (/Users/mac/Documents/ecough1/ecough/app.js:82:91)
    at dispatch (/Users/mac/Documents/ecough1/ecough/node_modules/koa-compose/index.js:44:32)
    at next (/Users/mac/Documents/ecough1/ecough/node_modules/koa-compose/index.js:45:18)
    at allowedMethods (/Users/mac/Documents/ecough1/ecough/node_modules/koa-router/lib/router.js:406:12)
    at dispatch (/Users/mac/Documents/ecough1/ecough/node_modules/koa-compose/index.js:44:32)
    at next (/Users/mac/Documents/ecough1/ecough/node_modules/koa-compose/index.js:45:18)
    at dispatch (/Users/mac/Documents/ecough1/ecough/node_modules/koa-router/lib/router.js:332:32)
    at dispatch (/Users/mac/Documents/ecough1/ecough/node_modules/koa-compose/index.js:44:32)
    at next (/Users/mac/Documents/ecough1/ecough/node_modules/koa-compose/index.js:45:18)
    at app.use (/Users/mac/Documents/ecough1/ecough/app.js:60:11)
    at dispatch (/Users/mac/Documents/ecough1/ecough/node_modules/koa-compose/index.js:44:32)
    at next (/Users/mac/Documents/ecough1/ecough/node_modules/koa-compose/index.js:45:18)
    at send.then.done (/Users/mac/Documents/ecough1/ecough/node_modules/koa-static/index.js:43:20)
    at <anonymous>
*************** error log end ***************

[2017-08-29 15:38:57.262] [ERROR] errorLogger - 
*************** error log start ***************
request method: GET
request originalUrl:  /my/userinfo
request client ip:  ::ffff:127.0.0.1
request query:  {}
response time: 25
err name: TypeError
err message: /Users/mac/Documents/ecough1/ecough/app/views/product.ejs:82
    80| 			</div>
    81| 			<div class="footer">
 >> 82| 				<a href="/my/pay?openid=<%= userinfo.openid %>">立即订购</a>
    83| 			</div>
    84| 		</div>
    85| 	</div>

Cannot read property 'openid' of undefined
err stack: TypeError: /Users/mac/Documents/ecough1/ecough/app/views/product.ejs:82
    80| 			</div>
    81| 			<div class="footer">
 >> 82| 				<a href="/my/pay?openid=<%= userinfo.openid %>">立即订购</a>
    83| 			</div>
    84| 		</div>
    85| 	</div>

Cannot read property 'openid' of undefined
    at eval (eval at compile (/Users/mac/Documents/ecough1/ecough/node_modules/ejs/lib/ejs.js:524:12), <anonymous>:11:34)
    at returnedFn (/Users/mac/Documents/ecough1/ecough/node_modules/ejs/lib/ejs.js:555:17)
    at /Users/mac/Documents/ecough1/ecough/node_modules/consolidate/lib/consolidate.js:503:16
    at /Users/mac/Documents/ecough1/ecough/node_modules/consolidate/lib/consolidate.js:144:5
    at Promise._execute (/Users/mac/Documents/ecough1/ecough/node_modules/bluebird/js/release/debuggability.js:300:9)
    at Promise._resolveFromExecutor (/Users/mac/Documents/ecough1/ecough/node_modules/bluebird/js/release/promise.js:483:18)
    at new Promise (/Users/mac/Documents/ecough1/ecough/node_modules/bluebird/js/release/promise.js:79:10)
    at promisify (/Users/mac/Documents/ecough1/ecough/node_modules/consolidate/lib/consolidate.js:137:10)
    at Function.exports.ejs.render (/Users/mac/Documents/ecough1/ecough/node_modules/consolidate/lib/consolidate.js:499:10)
    at /Users/mac/Documents/ecough1/ecough/node_modules/consolidate/lib/consolidate.js:165:27
    at /Users/mac/Documents/ecough1/ecough/node_modules/consolidate/lib/consolidate.js:99:5
    at tryToString (fs.js:499:3)
    at FSReqWrap.readFileAfterClose [as oncomplete] (fs.js:487:12)
*************** error log end ***************

[2017-08-29 15:39:14.230] [ERROR] errorLogger - 
*************** error log start ***************
request method: GET
request originalUrl:  /my/userinfo
request client ip:  ::ffff:127.0.0.1
request query:  {}
response time: undefined
err name: TypeError
err message: /Users/mac/Documents/ecough1/ecough/app/views/product.ejs:82
    80| 			</div>
    81| 			<div class="footer">
 >> 82| 				<a href="/my/pay?openid=<%= userinfo.openid %>">立即订购</a>
    83| 			</div>
    84| 		</div>
    85| 	</div>

Cannot read property 'openid' of undefined
err stack: TypeError: /Users/mac/Documents/ecough1/ecough/app/views/product.ejs:82
    80| 			</div>
    81| 			<div class="footer">
 >> 82| 				<a href="/my/pay?openid=<%= userinfo.openid %>">立即订购</a>
    83| 			</div>
    84| 		</div>
    85| 	</div>

Cannot read property 'openid' of undefined
    at eval (eval at compile (/Users/mac/Documents/ecough1/ecough/node_modules/ejs/lib/ejs.js:524:12), <anonymous>:11:34)
    at returnedFn (/Users/mac/Documents/ecough1/ecough/node_modules/ejs/lib/ejs.js:555:17)
    at /Users/mac/Documents/ecough1/ecough/node_modules/consolidate/lib/consolidate.js:503:16
    at /Users/mac/Documents/ecough1/ecough/node_modules/consolidate/lib/consolidate.js:144:5
    at Promise._execute (/Users/mac/Documents/ecough1/ecough/node_modules/bluebird/js/release/debuggability.js:300:9)
    at Promise._resolveFromExecutor (/Users/mac/Documents/ecough1/ecough/node_modules/bluebird/js/release/promise.js:483:18)
    at new Promise (/Users/mac/Documents/ecough1/ecough/node_modules/bluebird/js/release/promise.js:79:10)
    at promisify (/Users/mac/Documents/ecough1/ecough/node_modules/consolidate/lib/consolidate.js:137:10)
    at Function.exports.ejs.render (/Users/mac/Documents/ecough1/ecough/node_modules/consolidate/lib/consolidate.js:499:10)
    at /Users/mac/Documents/ecough1/ecough/node_modules/consolidate/lib/consolidate.js:165:27
    at /Users/mac/Documents/ecough1/ecough/node_modules/consolidate/lib/consolidate.js:99:5
    at tryToString (fs.js:499:3)
    at FSReqWrap.readFileAfterClose [as oncomplete] (fs.js:487:12)
*************** error log end ***************

[2017-08-29 15:40:03.415] [ERROR] errorLogger - 
*************** error log start ***************
request method: GET
request originalUrl:  /my/userinfo?code=011XGgQO14RNJ41vdfQO1wSlQO1XGgQn&state=111
request client ip:  ::ffff:127.0.0.1
request query:  {"code":"011XGgQO14RNJ41vdfQO1wSlQO1XGgQn","state":"111"}
response time: undefined
err name: ReferenceError
err message: /Users/mac/Documents/ecough1/ecough/app/views/order.ejs:72
    70| 	wx.config({
    71| 		debug: false,
 >> 72| 		appId: '<%= config.appid %>',
    73| 		timeStamp: '<%= config.timestamp %>',
    74| 		nonceStr: '<%= config.nonceStr %>',
    75| 		signature: '<%= config.signature %>',

config is not defined
err stack: ReferenceError: /Users/mac/Documents/ecough1/ecough/app/views/order.ejs:72
    70| 	wx.config({
    71| 		debug: false,
 >> 72| 		appId: '<%= config.appid %>',
    73| 		timeStamp: '<%= config.timestamp %>',
    74| 		nonceStr: '<%= config.nonceStr %>',
    75| 		signature: '<%= config.signature %>',

config is not defined
    at eval (eval at compile (/Users/mac/Documents/ecough1/ecough/node_modules/ejs/lib/ejs.js:524:12), <anonymous>:11:26)
    at returnedFn (/Users/mac/Documents/ecough1/ecough/node_modules/ejs/lib/ejs.js:555:17)
    at /Users/mac/Documents/ecough1/ecough/node_modules/consolidate/lib/consolidate.js:503:16
    at /Users/mac/Documents/ecough1/ecough/node_modules/consolidate/lib/consolidate.js:144:5
    at Promise._execute (/Users/mac/Documents/ecough1/ecough/node_modules/bluebird/js/release/debuggability.js:300:9)
    at Promise._resolveFromExecutor (/Users/mac/Documents/ecough1/ecough/node_modules/bluebird/js/release/promise.js:483:18)
    at new Promise (/Users/mac/Documents/ecough1/ecough/node_modules/bluebird/js/release/promise.js:79:10)
    at promisify (/Users/mac/Documents/ecough1/ecough/node_modules/consolidate/lib/consolidate.js:137:10)
    at Function.exports.ejs.render (/Users/mac/Documents/ecough1/ecough/node_modules/consolidate/lib/consolidate.js:499:10)
    at /Users/mac/Documents/ecough1/ecough/node_modules/consolidate/lib/consolidate.js:165:27
    at /Users/mac/Documents/ecough1/ecough/node_modules/consolidate/lib/consolidate.js:99:5
    at tryToString (fs.js:499:3)
    at FSReqWrap.readFileAfterClose [as oncomplete] (fs.js:487:12)
*************** error log end ***************

[2017-08-29 15:49:21.618] [ERROR] errorLogger - 
*************** error log start ***************
request method: GET
request originalUrl:  /my/userinfo?code=081lq4Il0QJpQm1B3GFl0GrOHl0lq4Ia&state=111
request client ip:  ::ffff:127.0.0.1
request query:  {"code":"081lq4Il0QJpQm1B3GFl0GrOHl0lq4Ia","state":"111"}
response time: undefined
err name: TypeError
err message: /Users/mac/Documents/ecough1/ecough/app/views/product.ejs:82
    80| 			</div>
    81| 			<div class="footer">
 >> 82| 				<a href="/my/pay?openid=<%= userinfo.openid %>">立即订购</a>
    83| 			</div>
    84| 		</div>
    85| 	</div>

Cannot read property 'openid' of undefined
err stack: TypeError: /Users/mac/Documents/ecough1/ecough/app/views/product.ejs:82
    80| 			</div>
    81| 			<div class="footer">
 >> 82| 				<a href="/my/pay?openid=<%= userinfo.openid %>">立即订购</a>
    83| 			</div>
    84| 		</div>
    85| 	</div>

Cannot read property 'openid' of undefined
    at eval (eval at compile (/Users/mac/Documents/ecough1/ecough/node_modules/ejs/lib/ejs.js:524:12), <anonymous>:11:34)
    at returnedFn (/Users/mac/Documents/ecough1/ecough/node_modules/ejs/lib/ejs.js:555:17)
    at /Users/mac/Documents/ecough1/ecough/node_modules/consolidate/lib/consolidate.js:503:16
    at /Users/mac/Documents/ecough1/ecough/node_modules/consolidate/lib/consolidate.js:144:5
    at Promise._execute (/Users/mac/Documents/ecough1/ecough/node_modules/bluebird/js/release/debuggability.js:300:9)
    at Promise._resolveFromExecutor (/Users/mac/Documents/ecough1/ecough/node_modules/bluebird/js/release/promise.js:483:18)
    at new Promise (/Users/mac/Documents/ecough1/ecough/node_modules/bluebird/js/release/promise.js:79:10)
    at promisify (/Users/mac/Documents/ecough1/ecough/node_modules/consolidate/lib/consolidate.js:137:10)
    at Function.exports.ejs.render (/Users/mac/Documents/ecough1/ecough/node_modules/consolidate/lib/consolidate.js:499:10)
    at /Users/mac/Documents/ecough1/ecough/node_modules/consolidate/lib/consolidate.js:165:27
    at /Users/mac/Documents/ecough1/ecough/node_modules/consolidate/lib/consolidate.js:99:5
    at tryToString (fs.js:499:3)
    at FSReqWrap.readFileAfterClose [as oncomplete] (fs.js:487:12)
*************** error log end ***************

