[2017-07-24 17:58:24.845] [ERROR] errorLogger - 
*************** error log start ***************
request method: GET
request originalUrl:  /images/14951862453097.jpg
request client ip:  ::ffff:61.148.244.56
request query:  {}
response time: undefined
err name: Error
err message: write EPIPE
err stack: Error: write EPIPE
    at exports._errnoException (util.js:1016:11)
    at WriteWrap.afterWrite [as oncomplete] (net.js:850:14)
*************** error log end ***************

[2017-07-24 17:58:24.876] [ERROR] errorLogger - 
*************** error log start ***************
request method: GET
request originalUrl:  /images/14997402965602.jpg
request client ip:  ::ffff:61.148.244.56
request query:  {}
response time: undefined
err name: Error
err message: write EPIPE
err stack: Error: write EPIPE
    at exports._errnoException (util.js:1016:11)
    at WriteWrap.afterWrite [as oncomplete] (net.js:850:14)
*************** error log end ***************

[2017-07-24 17:58:24.976] [ERROR] errorLogger - 
*************** error log start ***************
request method: GET
request originalUrl:  /images/14998319849732.jpg
request client ip:  ::ffff:61.148.244.56
request query:  {}
response time: undefined
err name: Error
err message: write EPIPE
err stack: Error: write EPIPE
    at exports._errnoException (util.js:1016:11)
    at WriteWrap.afterWrite [as oncomplete] (net.js:850:14)
*************** error log end ***************

[2017-07-24 17:59:20.150] [ERROR] errorLogger - 
*************** error log start ***************
request method: GET
request originalUrl:  /images/15003684727311.jpg
request client ip:  ::ffff:61.148.244.56
request query:  {}
response time: undefined
err name: Error
err message: write EPIPE
err stack: Error: write EPIPE
    at exports._errnoException (util.js:1016:11)
    at WriteWrap.afterWrite [as oncomplete] (net.js:850:14)
*************** error log end ***************

[2017-07-24 17:59:21.536] [ERROR] errorLogger - 
*************** error log start ***************
request method: GET
request originalUrl:  /images/14951862453097.jpg
request client ip:  ::ffff:61.148.244.56
request query:  {}
response time: undefined
err name: Error
err message: write EPIPE
err stack: Error: write EPIPE
    at exports._errnoException (util.js:1016:11)
    at WriteWrap.afterWrite [as oncomplete] (net.js:850:14)
*************** error log end ***************

