[2017-09-10 13:45:58.696] [ERROR] errorLogger - 
*************** error log start ***************
request method: GET
request originalUrl:  /admin/order
request client ip:  ::ffff:127.0.0.1
request query:  {}
response time: undefined
err name: TypeError
err message: Cannot read property 'session' of undefined
err stack: TypeError: Cannot read property 'session' of undefined
    at a (/Users/mac/Documents/ecough1/ecough/app/controllers/admin.js:15:12)
    at admin_order (/Users/mac/Documents/ecough1/ecough/app/controllers/admin.js:33:5)
    at dispatch (/Users/mac/Documents/ecough1/ecough/node_modules/koa-compose/index.js:44:32)
    at next (/Users/mac/Documents/ecough1/ecough/node_modules/koa-compose/index.js:45:18)
    at /Users/mac/Documents/ecough1/ecough/node_modules/koa-router/lib/router.js:345:16
    at dispatch (/Users/mac/Documents/ecough1/ecough/node_modules/koa-compose/index.js:44:32)
    at /Users/mac/Documents/ecough1/ecough/node_modules/koa-compose/index.js:36:12
    at dispatch (/Users/mac/Documents/ecough1/ecough/node_modules/koa-router/lib/router.js:350:31)
    at dispatch (/Users/mac/Documents/ecough1/ecough/node_modules/koa-compose/index.js:44:32)
    at next (/Users/mac/Documents/ecough1/ecough/node_modules/koa-compose/index.js:45:18)
    at send.then.done (/Users/mac/Documents/ecough1/ecough/node_modules/koa-static/index.js:43:20)
    at <anonymous>
*************** error log end ***************

[2017-09-10 13:50:14.372] [ERROR] errorLogger - 
*************** error log start ***************
request method: GET
request originalUrl:  /admin
request client ip:  ::ffff:127.0.0.1
request query:  {}
response time: undefined
err name: ReferenceError
err message: 不存在 is not defined
err stack: ReferenceError: 不存在 is not defined
    at a (/Users/mac/Documents/ecough1/ecough/app/controllers/admin.js:19:21)
    at admin (/Users/mac/Documents/ecough1/ecough/app/controllers/admin.js:28:11)
    at dispatch (/Users/mac/Documents/ecough1/ecough/node_modules/koa-compose/index.js:44:32)
    at next (/Users/mac/Documents/ecough1/ecough/node_modules/koa-compose/index.js:45:18)
    at /Users/mac/Documents/ecough1/ecough/node_modules/koa-router/lib/router.js:345:16
    at dispatch (/Users/mac/Documents/ecough1/ecough/node_modules/koa-compose/index.js:44:32)
    at /Users/mac/Documents/ecough1/ecough/node_modules/koa-compose/index.js:36:12
    at dispatch (/Users/mac/Documents/ecough1/ecough/node_modules/koa-router/lib/router.js:350:31)
    at dispatch (/Users/mac/Documents/ecough1/ecough/node_modules/koa-compose/index.js:44:32)
    at next (/Users/mac/Documents/ecough1/ecough/node_modules/koa-compose/index.js:45:18)
    at send.then.done (/Users/mac/Documents/ecough1/ecough/node_modules/koa-static/index.js:43:20)
    at <anonymous>
*************** error log end ***************

