[2017-08-30 16:39:46.097] [ERROR] errorLogger - 
*************** error log start ***************
request method: GET
request originalUrl:  /my/pay
request client ip:  ::ffff:127.0.0.1
request query:  {}
response time: 514
err name: TypeError
err message: Cannot read property '0' of undefined
err stack: TypeError: Cannot read property '0' of undefined
    at jsapiPay (/Users/mac/Documents/ecough1/ecough/app/controllers/my.js:106:28)
    at <anonymous>
    at process._tickCallback (internal/process/next_tick.js:169:7)
*************** error log end ***************

[2017-08-30 16:41:32.717] [ERROR] errorLogger - 
*************** error log start ***************
request method: GET
request originalUrl:  /my/pay
request client ip:  ::ffff:127.0.0.1
request query:  {}
response time: 384
err name: TypeError
err message: Cannot read property '0' of undefined
err stack: TypeError: Cannot read property '0' of undefined
    at jsapiPay (/Users/mac/Documents/ecough1/ecough/app/controllers/my.js:106:28)
    at <anonymous>
    at process._tickCallback (internal/process/next_tick.js:169:7)
*************** error log end ***************

[2017-08-30 16:42:27.709] [ERROR] errorLogger - 
*************** error log start ***************
request method: GET
request originalUrl:  /my/pay
request client ip:  ::ffff:127.0.0.1
request query:  {}
response time: 822
err name: TypeError
err message: Cannot read property '0' of undefined
err stack: TypeError: Cannot read property '0' of undefined
    at jsapiPay (/Users/mac/Documents/ecough1/ecough/app/controllers/my.js:106:28)
    at <anonymous>
    at process._tickCallback (internal/process/next_tick.js:169:7)
*************** error log end ***************

[2017-08-30 16:54:05.619] [ERROR] errorLogger - 
*************** error log start ***************
request method: GET
request originalUrl:  /my/pay
request client ip:  ::ffff:127.0.0.1
request query:  {}
response time: 428
err name: TypeError
err message: Cannot read property '0' of undefined
err stack: TypeError: Cannot read property '0' of undefined
    at jsapiPay (/Users/mac/Documents/ecough1/ecough/app/controllers/my.js:106:28)
    at <anonymous>
    at process._tickCallback (internal/process/next_tick.js:169:7)
*************** error log end ***************

[2017-08-30 16:54:14.863] [ERROR] errorLogger - 
*************** error log start ***************
request method: GET
request originalUrl:  /my/pay
request client ip:  ::ffff:127.0.0.1
request query:  {}
response time: 218
err name: TypeError
err message: Cannot read property '0' of undefined
err stack: TypeError: Cannot read property '0' of undefined
    at jsapiPay (/Users/mac/Documents/ecough1/ecough/app/controllers/my.js:106:28)
    at <anonymous>
    at process._tickCallback (internal/process/next_tick.js:169:7)
*************** error log end ***************

[2017-08-30 16:55:06.913] [ERROR] errorLogger - 
*************** error log start ***************
request method: GET
request originalUrl:  /my/pay
request client ip:  ::ffff:127.0.0.1
request query:  {}
response time: 1350
err name: TypeError
err message: Cannot read property '0' of undefined
err stack: TypeError: Cannot read property '0' of undefined
    at jsapiPay (/Users/mac/Documents/ecough1/ecough/app/controllers/my.js:106:28)
    at <anonymous>
    at process._tickCallback (internal/process/next_tick.js:169:7)
*************** error log end ***************

[2017-08-30 16:56:14.122] [ERROR] errorLogger - 
*************** error log start ***************
request method: GET
request originalUrl:  /my/pay
request client ip:  ::ffff:127.0.0.1
request query:  {}
response time: 408
err name: TypeError
err message: Cannot read property '0' of undefined
err stack: TypeError: Cannot read property '0' of undefined
    at jsapiPay (/Users/mac/Documents/ecough1/ecough/app/controllers/my.js:106:28)
    at <anonymous>
    at process._tickCallback (internal/process/next_tick.js:169:7)
*************** error log end ***************

[2017-08-30 16:59:28.749] [ERROR] errorLogger - 
*************** error log start ***************
request method: GET
request originalUrl:  /my/pay
request client ip:  ::ffff:127.0.0.1
request query:  {}
response time: 364
err name: TypeError
err message: Cannot read property '0' of undefined
err stack: TypeError: Cannot read property '0' of undefined
    at jsapiPay (/Users/mac/Documents/ecough1/ecough/app/controllers/my.js:106:28)
    at <anonymous>
    at process._tickCallback (internal/process/next_tick.js:169:7)
*************** error log end ***************

