[2017-09-18 17:30:52.161] [ERROR] errorLogger - 
*************** error log start ***************
request method: GET
request originalUrl:  /product/100001
request client ip:  ::ffff:127.0.0.1
request query:  {}
response time: undefined
err name: ReferenceError
err message: config is not defined
err stack: ReferenceError: config is not defined
    at PreOrder (/Users/mac/Documents/ecough1/ecough/app/controllers/my.js:16:39)
    at dispatch (/Users/mac/Documents/ecough1/ecough/node_modules/koa-compose/index.js:44:32)
    at next (/Users/mac/Documents/ecough1/ecough/node_modules/koa-compose/index.js:45:18)
    at /Users/mac/Documents/ecough1/ecough/node_modules/koa-router/lib/router.js:345:16
    at dispatch (/Users/mac/Documents/ecough1/ecough/node_modules/koa-compose/index.js:44:32)
    at /Users/mac/Documents/ecough1/ecough/node_modules/koa-compose/index.js:36:12
    at dispatch (/Users/mac/Documents/ecough1/ecough/node_modules/koa-router/lib/router.js:350:31)
    at dispatch (/Users/mac/Documents/ecough1/ecough/node_modules/koa-compose/index.js:44:32)
    at next (/Users/mac/Documents/ecough1/ecough/node_modules/koa-compose/index.js:45:18)
    at send.then.done (/Users/mac/Documents/ecough1/ecough/node_modules/koa-static/index.js:43:20)
*************** error log end ***************

