[2017-09-12 18:00:07.831] [ERROR] errorLogger - 
*************** error log start ***************
request method: POST
request originalUrl:  /wechat?signature=4e28a8a7c472f5b925294f391b8c5d6fdaae8143&timestamp=1505210406&nonce=1964743688&openid=o5Yi9wOfXWopOcMYiujWBZmwBH0Q
request client ip:  ::ffff:127.0.0.1
request body: 
{"xml":{"ToUserName":["gh_08452f6d090a"],"FromUserName":["o5Yi9wOfXWopOcMYiujWBZmwBH0Q"],"CreateTime":["1505210406"],"MsgType":["event"],"Event":["subscribe"],"EventKey":["qrscene_覃海"],"Ticket":["gQFn8jwAAAAAAAAAAS5odHRwOi8vd2VpeGluLnFxLmNvbS9xLzAyNzkyMEpHQjhlWjAxMDAwME0wN1EAAgRCrrdZAwQAAAAA"]}}
response time: undefined
err name: Error
err message: Unknown column 'openid' in 'where clause'
err stack: Error: Unknown column 'openid' in 'where clause'
    at Packet.asError (/Users/mac/Documents/ecough1/ecough/node_modules/mysql2/lib/packets/packet.js:701:13)
    at Query.Command.execute (/Users/mac/Documents/ecough1/ecough/node_modules/mysql2/lib/commands/command.js:28:22)
    at PoolConnection.Connection.handlePacket (/Users/mac/Documents/ecough1/ecough/node_modules/mysql2/lib/connection.js:500:28)
    at PacketParser.onPacket (/Users/mac/Documents/ecough1/ecough/node_modules/mysql2/lib/connection.js:94:16)
    at PacketParser.executeStart (/Users/mac/Documents/ecough1/ecough/node_modules/mysql2/lib/packet_parser.js:77:14)
    at Socket.<anonymous> (/Users/mac/Documents/ecough1/ecough/node_modules/mysql2/lib/connection.js:102:29)
    at emitOne (events.js:96:13)
    at Socket.emit (events.js:189:7)
    at readableAddChunk (_stream_readable.js:176:18)
    at Socket.Readable.push (_stream_readable.js:134:10)
    at TCP.onread (net.js:551:20)
*************** error log end ***************

[2017-09-12 18:01:33.934] [ERROR] errorLogger - 
*************** error log start ***************
request method: POST
request originalUrl:  /wechat?signature=59dd54dc7a1641fe43cf402291016831f20d74ec&timestamp=1505210491&nonce=144639882&openid=o5Yi9wOfXWopOcMYiujWBZmwBH0Q
request client ip:  ::ffff:127.0.0.1
request body: 
{"xml":{"ToUserName":["gh_08452f6d090a"],"FromUserName":["o5Yi9wOfXWopOcMYiujWBZmwBH0Q"],"CreateTime":["1505210491"],"MsgType":["event"],"Event":["subscribe"],"EventKey":["qrscene_覃海"],"Ticket":["gQFn8jwAAAAAAAAAAS5odHRwOi8vd2VpeGluLnFxLmNvbS9xLzAyNzkyMEpHQjhlWjAxMDAwME0wN1EAAgRCrrdZAwQAAAAA"]}}
response time: undefined
err name: Error
err message: Table 'ecough.t_wechat_spread' doesn't exist
err stack: Error: Table 'ecough.t_wechat_spread' doesn't exist
    at Packet.asError (/Users/mac/Documents/ecough1/ecough/node_modules/mysql2/lib/packets/packet.js:701:13)
    at Query.Command.execute (/Users/mac/Documents/ecough1/ecough/node_modules/mysql2/lib/commands/command.js:28:22)
    at PoolConnection.Connection.handlePacket (/Users/mac/Documents/ecough1/ecough/node_modules/mysql2/lib/connection.js:500:28)
    at PacketParser.onPacket (/Users/mac/Documents/ecough1/ecough/node_modules/mysql2/lib/connection.js:94:16)
    at PacketParser.executeStart (/Users/mac/Documents/ecough1/ecough/node_modules/mysql2/lib/packet_parser.js:77:14)
    at Socket.<anonymous> (/Users/mac/Documents/ecough1/ecough/node_modules/mysql2/lib/connection.js:102:29)
    at emitOne (events.js:96:13)
    at Socket.emit (events.js:189:7)
    at readableAddChunk (_stream_readable.js:176:18)
    at Socket.Readable.push (_stream_readable.js:134:10)
    at TCP.onread (net.js:551:20)
*************** error log end ***************

