[2017-08-29 10:42:57.891] [ERROR] errorLogger - 
*************** error log start ***************
request method: POST
request originalUrl:  /wechat?signature=5b1ac15007b13c511a65b78ef26a8b554981fa95&timestamp=1503974576&nonce=1085063884&openid=o5Yi9wOfXWopOcMYiujWBZmwBH0Q
request client ip:  ::ffff:127.0.0.1
request body: 
{"xml":{"ToUserName":["gh_08452f6d090a"],"FromUserName":["o5Yi9wOfXWopOcMYiujWBZmwBH0Q"],"CreateTime":["1503974576"],"MsgType":["event"],"Event":["subscribe"],"EventKey":[""]}}
response time: 12
err name: TypeError
err message: Cannot read property '0' of undefined
err stack: TypeError: Cannot read property '0' of undefined
    at postHandle (/Users/mac/Documents/ecough1/ecough/app/controllers/wechat.js:26:18)
    at dispatch (/Users/mac/Documents/ecough1/ecough/node_modules/koa-compose/index.js:44:32)
    at next (/Users/mac/Documents/ecough1/ecough/node_modules/koa-compose/index.js:45:18)
    at /Users/mac/Documents/ecough1/ecough/node_modules/koa-router/lib/router.js:345:16
    at dispatch (/Users/mac/Documents/ecough1/ecough/node_modules/koa-compose/index.js:44:32)
    at /Users/mac/Documents/ecough1/ecough/node_modules/koa-compose/index.js:36:12
    at dispatch (/Users/mac/Documents/ecough1/ecough/node_modules/koa-router/lib/router.js:350:31)
    at dispatch (/Users/mac/Documents/ecough1/ecough/node_modules/koa-compose/index.js:44:32)
    at next (/Users/mac/Documents/ecough1/ecough/node_modules/koa-compose/index.js:45:18)
    at app.use (/Users/mac/Documents/ecough1/ecough/app.js:60:11)
    at dispatch (/Users/mac/Documents/ecough1/ecough/node_modules/koa-compose/index.js:44:32)
    at next (/Users/mac/Documents/ecough1/ecough/node_modules/koa-compose/index.js:45:18)
    at serve (/Users/mac/Documents/ecough1/ecough/node_modules/koa-static/index.js:47:14)
    at dispatch (/Users/mac/Documents/ecough1/ecough/node_modules/koa-compose/index.js:44:32)
    at next (/Users/mac/Documents/ecough1/ecough/node_modules/koa-compose/index.js:45:18)
    at bodyParser (/Users/mac/Documents/ecough1/ecough/node_modules/koa-bodyparser/index.js:73:54)
*************** error log end ***************

[2017-08-29 10:43:03.495] [ERROR] errorLogger - 
*************** error log start ***************
request method: POST
request originalUrl:  /wechat?signature=73ccce020a1ba6b6a0781b636e2896a7833ca74f&timestamp=1503974582&nonce=281409310&openid=o5Yi9wOfXWopOcMYiujWBZmwBH0Q
request client ip:  ::ffff:127.0.0.1
request body: 
{"xml":{"ToUserName":["gh_08452f6d090a"],"FromUserName":["o5Yi9wOfXWopOcMYiujWBZmwBH0Q"],"CreateTime":["1503974582"],"MsgType":["event"],"Event":["VIEW"],"EventKey":["http://www.e-cough.com/product/100001"],"MenuId":["462049841"]}}
response time: 2
err name: TypeError
err message: Cannot read property '0' of undefined
err stack: TypeError: Cannot read property '0' of undefined
    at postHandle (/Users/mac/Documents/ecough1/ecough/app/controllers/wechat.js:26:18)
    at dispatch (/Users/mac/Documents/ecough1/ecough/node_modules/koa-compose/index.js:44:32)
    at next (/Users/mac/Documents/ecough1/ecough/node_modules/koa-compose/index.js:45:18)
    at /Users/mac/Documents/ecough1/ecough/node_modules/koa-router/lib/router.js:345:16
    at dispatch (/Users/mac/Documents/ecough1/ecough/node_modules/koa-compose/index.js:44:32)
    at /Users/mac/Documents/ecough1/ecough/node_modules/koa-compose/index.js:36:12
    at dispatch (/Users/mac/Documents/ecough1/ecough/node_modules/koa-router/lib/router.js:350:31)
    at dispatch (/Users/mac/Documents/ecough1/ecough/node_modules/koa-compose/index.js:44:32)
    at next (/Users/mac/Documents/ecough1/ecough/node_modules/koa-compose/index.js:45:18)
    at app.use (/Users/mac/Documents/ecough1/ecough/app.js:60:11)
    at dispatch (/Users/mac/Documents/ecough1/ecough/node_modules/koa-compose/index.js:44:32)
    at next (/Users/mac/Documents/ecough1/ecough/node_modules/koa-compose/index.js:45:18)
    at serve (/Users/mac/Documents/ecough1/ecough/node_modules/koa-static/index.js:47:14)
    at dispatch (/Users/mac/Documents/ecough1/ecough/node_modules/koa-compose/index.js:44:32)
    at next (/Users/mac/Documents/ecough1/ecough/node_modules/koa-compose/index.js:45:18)
    at bodyParser (/Users/mac/Documents/ecough1/ecough/node_modules/koa-bodyparser/index.js:73:54)
*************** error log end ***************

[2017-08-29 10:44:53.469] [ERROR] errorLogger - 
*************** error log start ***************
request method: POST
request originalUrl:  /wechat?signature=4770106fb842968d81b9370325e01ce96020f507&timestamp=1503974691&nonce=978392814&openid=o5Yi9wOfXWopOcMYiujWBZmwBH0Q
request client ip:  ::ffff:127.0.0.1
request body: 
{"xml":{"ToUserName":["gh_08452f6d090a"],"FromUserName":["o5Yi9wOfXWopOcMYiujWBZmwBH0Q"],"CreateTime":["1503974691"],"MsgType":["event"],"Event":["VIEW"],"EventKey":["http://www.e-cough.com/product/100001"],"MenuId":["462049841"]}}
response time: 12
err name: TypeError
err message: Cannot read property '0' of undefined
err stack: TypeError: Cannot read property '0' of undefined
    at postHandle (/Users/mac/Documents/ecough1/ecough/app/controllers/wechat.js:26:18)
    at dispatch (/Users/mac/Documents/ecough1/ecough/node_modules/koa-compose/index.js:44:32)
    at next (/Users/mac/Documents/ecough1/ecough/node_modules/koa-compose/index.js:45:18)
    at /Users/mac/Documents/ecough1/ecough/node_modules/koa-router/lib/router.js:345:16
    at dispatch (/Users/mac/Documents/ecough1/ecough/node_modules/koa-compose/index.js:44:32)
    at /Users/mac/Documents/ecough1/ecough/node_modules/koa-compose/index.js:36:12
    at dispatch (/Users/mac/Documents/ecough1/ecough/node_modules/koa-router/lib/router.js:350:31)
    at dispatch (/Users/mac/Documents/ecough1/ecough/node_modules/koa-compose/index.js:44:32)
    at next (/Users/mac/Documents/ecough1/ecough/node_modules/koa-compose/index.js:45:18)
    at app.use (/Users/mac/Documents/ecough1/ecough/app.js:60:11)
    at dispatch (/Users/mac/Documents/ecough1/ecough/node_modules/koa-compose/index.js:44:32)
    at next (/Users/mac/Documents/ecough1/ecough/node_modules/koa-compose/index.js:45:18)
    at serve (/Users/mac/Documents/ecough1/ecough/node_modules/koa-static/index.js:47:14)
    at dispatch (/Users/mac/Documents/ecough1/ecough/node_modules/koa-compose/index.js:44:32)
    at next (/Users/mac/Documents/ecough1/ecough/node_modules/koa-compose/index.js:45:18)
    at bodyParser (/Users/mac/Documents/ecough1/ecough/node_modules/koa-bodyparser/index.js:73:54)
*************** error log end ***************

[2017-08-29 10:45:02.068] [ERROR] errorLogger - 
*************** error log start ***************
request method: POST
request originalUrl:  /wechat?signature=7b137ba74709a0fb4a5c19473815803ad059dd62&timestamp=1503974700&nonce=394877330&openid=o5Yi9wOfXWopOcMYiujWBZmwBH0Q
request client ip:  ::ffff:127.0.0.1
request body: 
{"xml":{"ToUserName":["gh_08452f6d090a"],"FromUserName":["o5Yi9wOfXWopOcMYiujWBZmwBH0Q"],"CreateTime":["1503974700"],"MsgType":["event"],"Event":["unsubscribe"],"EventKey":[""]}}
response time: 2
err name: TypeError
err message: Cannot read property '0' of undefined
err stack: TypeError: Cannot read property '0' of undefined
    at postHandle (/Users/mac/Documents/ecough1/ecough/app/controllers/wechat.js:26:18)
    at dispatch (/Users/mac/Documents/ecough1/ecough/node_modules/koa-compose/index.js:44:32)
    at next (/Users/mac/Documents/ecough1/ecough/node_modules/koa-compose/index.js:45:18)
    at /Users/mac/Documents/ecough1/ecough/node_modules/koa-router/lib/router.js:345:16
    at dispatch (/Users/mac/Documents/ecough1/ecough/node_modules/koa-compose/index.js:44:32)
    at /Users/mac/Documents/ecough1/ecough/node_modules/koa-compose/index.js:36:12
    at dispatch (/Users/mac/Documents/ecough1/ecough/node_modules/koa-router/lib/router.js:350:31)
    at dispatch (/Users/mac/Documents/ecough1/ecough/node_modules/koa-compose/index.js:44:32)
    at next (/Users/mac/Documents/ecough1/ecough/node_modules/koa-compose/index.js:45:18)
    at app.use (/Users/mac/Documents/ecough1/ecough/app.js:60:11)
    at dispatch (/Users/mac/Documents/ecough1/ecough/node_modules/koa-compose/index.js:44:32)
    at next (/Users/mac/Documents/ecough1/ecough/node_modules/koa-compose/index.js:45:18)
    at serve (/Users/mac/Documents/ecough1/ecough/node_modules/koa-static/index.js:47:14)
    at dispatch (/Users/mac/Documents/ecough1/ecough/node_modules/koa-compose/index.js:44:32)
    at next (/Users/mac/Documents/ecough1/ecough/node_modules/koa-compose/index.js:45:18)
    at bodyParser (/Users/mac/Documents/ecough1/ecough/node_modules/koa-bodyparser/index.js:73:54)
*************** error log end ***************

[2017-08-29 10:45:30.934] [ERROR] errorLogger - 
*************** error log start ***************
request method: POST
request originalUrl:  /wechat?signature=77e2f388f366f580b6b136fc648f0ff859ef3016&timestamp=1503974729&nonce=1675696709&openid=o5Yi9wOfXWopOcMYiujWBZmwBH0Q
request client ip:  ::ffff:127.0.0.1
request body: 
{"xml":{"ToUserName":["gh_08452f6d090a"],"FromUserName":["o5Yi9wOfXWopOcMYiujWBZmwBH0Q"],"CreateTime":["1503974729"],"MsgType":["event"],"Event":["subscribe"],"EventKey":[""]}}
response time: 1
err name: TypeError
err message: Cannot read property '0' of undefined
err stack: TypeError: Cannot read property '0' of undefined
    at postHandle (/Users/mac/Documents/ecough1/ecough/app/controllers/wechat.js:26:18)
    at dispatch (/Users/mac/Documents/ecough1/ecough/node_modules/koa-compose/index.js:44:32)
    at next (/Users/mac/Documents/ecough1/ecough/node_modules/koa-compose/index.js:45:18)
    at /Users/mac/Documents/ecough1/ecough/node_modules/koa-router/lib/router.js:345:16
    at dispatch (/Users/mac/Documents/ecough1/ecough/node_modules/koa-compose/index.js:44:32)
    at /Users/mac/Documents/ecough1/ecough/node_modules/koa-compose/index.js:36:12
    at dispatch (/Users/mac/Documents/ecough1/ecough/node_modules/koa-router/lib/router.js:350:31)
    at dispatch (/Users/mac/Documents/ecough1/ecough/node_modules/koa-compose/index.js:44:32)
    at next (/Users/mac/Documents/ecough1/ecough/node_modules/koa-compose/index.js:45:18)
    at app.use (/Users/mac/Documents/ecough1/ecough/app.js:60:11)
    at dispatch (/Users/mac/Documents/ecough1/ecough/node_modules/koa-compose/index.js:44:32)
    at next (/Users/mac/Documents/ecough1/ecough/node_modules/koa-compose/index.js:45:18)
    at serve (/Users/mac/Documents/ecough1/ecough/node_modules/koa-static/index.js:47:14)
    at dispatch (/Users/mac/Documents/ecough1/ecough/node_modules/koa-compose/index.js:44:32)
    at next (/Users/mac/Documents/ecough1/ecough/node_modules/koa-compose/index.js:45:18)
    at bodyParser (/Users/mac/Documents/ecough1/ecough/node_modules/koa-bodyparser/index.js:73:54)
*************** error log end ***************

[2017-08-29 10:45:35.987] [ERROR] errorLogger - 
*************** error log start ***************
request method: POST
request originalUrl:  /wechat?signature=87f73b66f6096b1d30cc885c40eac3b59049311d&timestamp=1503974734&nonce=1769625004&openid=o5Yi9wOfXWopOcMYiujWBZmwBH0Q
request client ip:  ::ffff:127.0.0.1
request body: 
{"xml":{"ToUserName":["gh_08452f6d090a"],"FromUserName":["o5Yi9wOfXWopOcMYiujWBZmwBH0Q"],"CreateTime":["1503974734"],"MsgType":["event"],"Event":["VIEW"],"EventKey":["http://www.e-cough.com/product/100001"],"MenuId":["462049841"]}}
response time: 2
err name: TypeError
err message: Cannot read property '0' of undefined
err stack: TypeError: Cannot read property '0' of undefined
    at postHandle (/Users/mac/Documents/ecough1/ecough/app/controllers/wechat.js:26:18)
    at dispatch (/Users/mac/Documents/ecough1/ecough/node_modules/koa-compose/index.js:44:32)
    at next (/Users/mac/Documents/ecough1/ecough/node_modules/koa-compose/index.js:45:18)
    at /Users/mac/Documents/ecough1/ecough/node_modules/koa-router/lib/router.js:345:16
    at dispatch (/Users/mac/Documents/ecough1/ecough/node_modules/koa-compose/index.js:44:32)
    at /Users/mac/Documents/ecough1/ecough/node_modules/koa-compose/index.js:36:12
    at dispatch (/Users/mac/Documents/ecough1/ecough/node_modules/koa-router/lib/router.js:350:31)
    at dispatch (/Users/mac/Documents/ecough1/ecough/node_modules/koa-compose/index.js:44:32)
    at next (/Users/mac/Documents/ecough1/ecough/node_modules/koa-compose/index.js:45:18)
    at app.use (/Users/mac/Documents/ecough1/ecough/app.js:60:11)
    at dispatch (/Users/mac/Documents/ecough1/ecough/node_modules/koa-compose/index.js:44:32)
    at next (/Users/mac/Documents/ecough1/ecough/node_modules/koa-compose/index.js:45:18)
    at serve (/Users/mac/Documents/ecough1/ecough/node_modules/koa-static/index.js:47:14)
    at dispatch (/Users/mac/Documents/ecough1/ecough/node_modules/koa-compose/index.js:44:32)
    at next (/Users/mac/Documents/ecough1/ecough/node_modules/koa-compose/index.js:45:18)
    at bodyParser (/Users/mac/Documents/ecough1/ecough/node_modules/koa-bodyparser/index.js:73:54)
*************** error log end ***************

[2017-08-29 10:45:43.038] [ERROR] errorLogger - 
*************** error log start ***************
request method: POST
request originalUrl:  /wechat?signature=e4338c8dcbb425721290e357d5605943ee416243&timestamp=1503974741&nonce=2014249621&openid=o5Yi9wOfXWopOcMYiujWBZmwBH0Q
request client ip:  ::ffff:127.0.0.1
request body: 
{"xml":{"ToUserName":["gh_08452f6d090a"],"FromUserName":["o5Yi9wOfXWopOcMYiujWBZmwBH0Q"],"CreateTime":["1503974741"],"MsgType":["event"],"Event":["unsubscribe"],"EventKey":[""]}}
response time: 1
err name: TypeError
err message: Cannot read property '0' of undefined
err stack: TypeError: Cannot read property '0' of undefined
    at postHandle (/Users/mac/Documents/ecough1/ecough/app/controllers/wechat.js:26:18)
    at dispatch (/Users/mac/Documents/ecough1/ecough/node_modules/koa-compose/index.js:44:32)
    at next (/Users/mac/Documents/ecough1/ecough/node_modules/koa-compose/index.js:45:18)
    at /Users/mac/Documents/ecough1/ecough/node_modules/koa-router/lib/router.js:345:16
    at dispatch (/Users/mac/Documents/ecough1/ecough/node_modules/koa-compose/index.js:44:32)
    at /Users/mac/Documents/ecough1/ecough/node_modules/koa-compose/index.js:36:12
    at dispatch (/Users/mac/Documents/ecough1/ecough/node_modules/koa-router/lib/router.js:350:31)
    at dispatch (/Users/mac/Documents/ecough1/ecough/node_modules/koa-compose/index.js:44:32)
    at next (/Users/mac/Documents/ecough1/ecough/node_modules/koa-compose/index.js:45:18)
    at app.use (/Users/mac/Documents/ecough1/ecough/app.js:60:11)
    at dispatch (/Users/mac/Documents/ecough1/ecough/node_modules/koa-compose/index.js:44:32)
    at next (/Users/mac/Documents/ecough1/ecough/node_modules/koa-compose/index.js:45:18)
    at serve (/Users/mac/Documents/ecough1/ecough/node_modules/koa-static/index.js:47:14)
    at dispatch (/Users/mac/Documents/ecough1/ecough/node_modules/koa-compose/index.js:44:32)
    at next (/Users/mac/Documents/ecough1/ecough/node_modules/koa-compose/index.js:45:18)
    at bodyParser (/Users/mac/Documents/ecough1/ecough/node_modules/koa-bodyparser/index.js:73:54)
*************** error log end ***************

[2017-08-29 10:46:02.986] [ERROR] errorLogger - 
*************** error log start ***************
request method: POST
request originalUrl:  /wechat?signature=33eaf7bd2ed47bf79f71867195a2e666bd5bdfb5&timestamp=1503974761&nonce=497424300&openid=o5Yi9wOfXWopOcMYiujWBZmwBH0Q
request client ip:  ::ffff:127.0.0.1
request body: 
{"xml":{"ToUserName":["gh_08452f6d090a"],"FromUserName":["o5Yi9wOfXWopOcMYiujWBZmwBH0Q"],"CreateTime":["1503974761"],"MsgType":["event"],"Event":["subscribe"],"EventKey":[""]}}
response time: 1
err name: TypeError
err message: Cannot read property '0' of undefined
err stack: TypeError: Cannot read property '0' of undefined
    at postHandle (/Users/mac/Documents/ecough1/ecough/app/controllers/wechat.js:26:18)
    at dispatch (/Users/mac/Documents/ecough1/ecough/node_modules/koa-compose/index.js:44:32)
    at next (/Users/mac/Documents/ecough1/ecough/node_modules/koa-compose/index.js:45:18)
    at /Users/mac/Documents/ecough1/ecough/node_modules/koa-router/lib/router.js:345:16
    at dispatch (/Users/mac/Documents/ecough1/ecough/node_modules/koa-compose/index.js:44:32)
    at /Users/mac/Documents/ecough1/ecough/node_modules/koa-compose/index.js:36:12
    at dispatch (/Users/mac/Documents/ecough1/ecough/node_modules/koa-router/lib/router.js:350:31)
    at dispatch (/Users/mac/Documents/ecough1/ecough/node_modules/koa-compose/index.js:44:32)
    at next (/Users/mac/Documents/ecough1/ecough/node_modules/koa-compose/index.js:45:18)
    at app.use (/Users/mac/Documents/ecough1/ecough/app.js:60:11)
    at dispatch (/Users/mac/Documents/ecough1/ecough/node_modules/koa-compose/index.js:44:32)
    at next (/Users/mac/Documents/ecough1/ecough/node_modules/koa-compose/index.js:45:18)
    at serve (/Users/mac/Documents/ecough1/ecough/node_modules/koa-static/index.js:47:14)
    at dispatch (/Users/mac/Documents/ecough1/ecough/node_modules/koa-compose/index.js:44:32)
    at next (/Users/mac/Documents/ecough1/ecough/node_modules/koa-compose/index.js:45:18)
    at bodyParser (/Users/mac/Documents/ecough1/ecough/node_modules/koa-bodyparser/index.js:73:54)
*************** error log end ***************

[2017-08-29 10:46:35.801] [ERROR] errorLogger - 
*************** error log start ***************
request method: POST
request originalUrl:  /wechat?signature=7ec1df71e8ed1a91d21646a4cc2c7a40b134221d&timestamp=1503974794&nonce=1273707193&openid=o5Yi9wOfXWopOcMYiujWBZmwBH0Q
request client ip:  ::ffff:127.0.0.1
request body: 
{"xml":{"ToUserName":["gh_08452f6d090a"],"FromUserName":["o5Yi9wOfXWopOcMYiujWBZmwBH0Q"],"CreateTime":["1503974794"],"MsgType":["event"],"Event":["unsubscribe"],"EventKey":[""]}}
response time: 15
err name: TypeError
err message: Cannot read property '0' of undefined
err stack: TypeError: Cannot read property '0' of undefined
    at postHandle (/Users/mac/Documents/ecough1/ecough/app/controllers/wechat.js:26:18)
    at dispatch (/Users/mac/Documents/ecough1/ecough/node_modules/koa-compose/index.js:44:32)
    at next (/Users/mac/Documents/ecough1/ecough/node_modules/koa-compose/index.js:45:18)
    at /Users/mac/Documents/ecough1/ecough/node_modules/koa-router/lib/router.js:345:16
    at dispatch (/Users/mac/Documents/ecough1/ecough/node_modules/koa-compose/index.js:44:32)
    at /Users/mac/Documents/ecough1/ecough/node_modules/koa-compose/index.js:36:12
    at dispatch (/Users/mac/Documents/ecough1/ecough/node_modules/koa-router/lib/router.js:350:31)
    at dispatch (/Users/mac/Documents/ecough1/ecough/node_modules/koa-compose/index.js:44:32)
    at next (/Users/mac/Documents/ecough1/ecough/node_modules/koa-compose/index.js:45:18)
    at app.use (/Users/mac/Documents/ecough1/ecough/app.js:60:11)
    at dispatch (/Users/mac/Documents/ecough1/ecough/node_modules/koa-compose/index.js:44:32)
    at next (/Users/mac/Documents/ecough1/ecough/node_modules/koa-compose/index.js:45:18)
    at serve (/Users/mac/Documents/ecough1/ecough/node_modules/koa-static/index.js:47:14)
    at dispatch (/Users/mac/Documents/ecough1/ecough/node_modules/koa-compose/index.js:44:32)
    at next (/Users/mac/Documents/ecough1/ecough/node_modules/koa-compose/index.js:45:18)
    at bodyParser (/Users/mac/Documents/ecough1/ecough/node_modules/koa-bodyparser/index.js:73:54)
*************** error log end ***************

[2017-08-29 10:46:45.188] [ERROR] errorLogger - 
*************** error log start ***************
request method: POST
request originalUrl:  /wechat?signature=9463a12181b835d704a58488aff11b9eff738a14&timestamp=1503974803&nonce=176051179&openid=o5Yi9wOfXWopOcMYiujWBZmwBH0Q
request client ip:  ::ffff:127.0.0.1
request body: 
{"xml":{"ToUserName":["gh_08452f6d090a"],"FromUserName":["o5Yi9wOfXWopOcMYiujWBZmwBH0Q"],"CreateTime":["1503974803"],"MsgType":["event"],"Event":["subscribe"],"EventKey":[""]}}
response time: 1
err name: TypeError
err message: Cannot read property '0' of undefined
err stack: TypeError: Cannot read property '0' of undefined
    at postHandle (/Users/mac/Documents/ecough1/ecough/app/controllers/wechat.js:26:18)
    at dispatch (/Users/mac/Documents/ecough1/ecough/node_modules/koa-compose/index.js:44:32)
    at next (/Users/mac/Documents/ecough1/ecough/node_modules/koa-compose/index.js:45:18)
    at /Users/mac/Documents/ecough1/ecough/node_modules/koa-router/lib/router.js:345:16
    at dispatch (/Users/mac/Documents/ecough1/ecough/node_modules/koa-compose/index.js:44:32)
    at /Users/mac/Documents/ecough1/ecough/node_modules/koa-compose/index.js:36:12
    at dispatch (/Users/mac/Documents/ecough1/ecough/node_modules/koa-router/lib/router.js:350:31)
    at dispatch (/Users/mac/Documents/ecough1/ecough/node_modules/koa-compose/index.js:44:32)
    at next (/Users/mac/Documents/ecough1/ecough/node_modules/koa-compose/index.js:45:18)
    at app.use (/Users/mac/Documents/ecough1/ecough/app.js:60:11)
    at dispatch (/Users/mac/Documents/ecough1/ecough/node_modules/koa-compose/index.js:44:32)
    at next (/Users/mac/Documents/ecough1/ecough/node_modules/koa-compose/index.js:45:18)
    at serve (/Users/mac/Documents/ecough1/ecough/node_modules/koa-static/index.js:47:14)
    at dispatch (/Users/mac/Documents/ecough1/ecough/node_modules/koa-compose/index.js:44:32)
    at next (/Users/mac/Documents/ecough1/ecough/node_modules/koa-compose/index.js:45:18)
    at bodyParser (/Users/mac/Documents/ecough1/ecough/node_modules/koa-bodyparser/index.js:73:54)
*************** error log end ***************

[2017-08-29 10:46:48.143] [ERROR] errorLogger - 
*************** error log start ***************
request method: POST
request originalUrl:  /wechat?signature=f9a288a919dbde3ebb6a25864282b85356d819c5&timestamp=1503974806&nonce=1767333738&openid=o5Yi9wOfXWopOcMYiujWBZmwBH0Q
request client ip:  ::ffff:127.0.0.1
request body: 
{"xml":{"ToUserName":["gh_08452f6d090a"],"FromUserName":["o5Yi9wOfXWopOcMYiujWBZmwBH0Q"],"CreateTime":["1503974806"],"MsgType":["event"],"Event":["VIEW"],"EventKey":["https://zcwlxxxwzx.localtunnel.me/product/100001"],"MenuId":["462054019"]}}
response time: 1
err name: TypeError
err message: Cannot read property '0' of undefined
err stack: TypeError: Cannot read property '0' of undefined
    at postHandle (/Users/mac/Documents/ecough1/ecough/app/controllers/wechat.js:26:18)
    at dispatch (/Users/mac/Documents/ecough1/ecough/node_modules/koa-compose/index.js:44:32)
    at next (/Users/mac/Documents/ecough1/ecough/node_modules/koa-compose/index.js:45:18)
    at /Users/mac/Documents/ecough1/ecough/node_modules/koa-router/lib/router.js:345:16
    at dispatch (/Users/mac/Documents/ecough1/ecough/node_modules/koa-compose/index.js:44:32)
    at /Users/mac/Documents/ecough1/ecough/node_modules/koa-compose/index.js:36:12
    at dispatch (/Users/mac/Documents/ecough1/ecough/node_modules/koa-router/lib/router.js:350:31)
    at dispatch (/Users/mac/Documents/ecough1/ecough/node_modules/koa-compose/index.js:44:32)
    at next (/Users/mac/Documents/ecough1/ecough/node_modules/koa-compose/index.js:45:18)
    at app.use (/Users/mac/Documents/ecough1/ecough/app.js:60:11)
    at dispatch (/Users/mac/Documents/ecough1/ecough/node_modules/koa-compose/index.js:44:32)
    at next (/Users/mac/Documents/ecough1/ecough/node_modules/koa-compose/index.js:45:18)
    at serve (/Users/mac/Documents/ecough1/ecough/node_modules/koa-static/index.js:47:14)
    at dispatch (/Users/mac/Documents/ecough1/ecough/node_modules/koa-compose/index.js:44:32)
    at next (/Users/mac/Documents/ecough1/ecough/node_modules/koa-compose/index.js:45:18)
    at bodyParser (/Users/mac/Documents/ecough1/ecough/node_modules/koa-bodyparser/index.js:73:54)
*************** error log end ***************

[2017-08-29 10:48:00.882] [ERROR] errorLogger - 
*************** error log start ***************
request method: POST
request originalUrl:  /wechat?signature=b6cb1682216875577e4a46a4469258eb643d6baa&timestamp=1503974876&nonce=1315137368&openid=o5Yi9wOfXWopOcMYiujWBZmwBH0Q
request client ip:  ::ffff:127.0.0.1
request body: 
{"xml":{"ToUserName":["gh_08452f6d090a"],"FromUserName":["o5Yi9wOfXWopOcMYiujWBZmwBH0Q"],"CreateTime":["1503974876"],"MsgType":["event"],"Event":["VIEW"],"EventKey":["https://zcwlxxxwzx.localtunnel.me/product/100001"],"MenuId":["462054019"]}}
response time: 8
err name: TypeError
err message: Cannot read property '0' of undefined
err stack: TypeError: Cannot read property '0' of undefined
    at postHandle (/Users/mac/Documents/ecough1/ecough/app/controllers/wechat.js:26:18)
    at dispatch (/Users/mac/Documents/ecough1/ecough/node_modules/koa-compose/index.js:44:32)
    at next (/Users/mac/Documents/ecough1/ecough/node_modules/koa-compose/index.js:45:18)
    at /Users/mac/Documents/ecough1/ecough/node_modules/koa-router/lib/router.js:345:16
    at dispatch (/Users/mac/Documents/ecough1/ecough/node_modules/koa-compose/index.js:44:32)
    at /Users/mac/Documents/ecough1/ecough/node_modules/koa-compose/index.js:36:12
    at dispatch (/Users/mac/Documents/ecough1/ecough/node_modules/koa-router/lib/router.js:350:31)
    at dispatch (/Users/mac/Documents/ecough1/ecough/node_modules/koa-compose/index.js:44:32)
    at next (/Users/mac/Documents/ecough1/ecough/node_modules/koa-compose/index.js:45:18)
    at app.use (/Users/mac/Documents/ecough1/ecough/app.js:60:11)
    at dispatch (/Users/mac/Documents/ecough1/ecough/node_modules/koa-compose/index.js:44:32)
    at next (/Users/mac/Documents/ecough1/ecough/node_modules/koa-compose/index.js:45:18)
    at serve (/Users/mac/Documents/ecough1/ecough/node_modules/koa-static/index.js:47:14)
    at dispatch (/Users/mac/Documents/ecough1/ecough/node_modules/koa-compose/index.js:44:32)
    at next (/Users/mac/Documents/ecough1/ecough/node_modules/koa-compose/index.js:45:18)
    at bodyParser (/Users/mac/Documents/ecough1/ecough/node_modules/koa-bodyparser/index.js:73:54)
*************** error log end ***************

[2017-08-29 10:48:16.387] [ERROR] errorLogger - 
*************** error log start ***************
request method: POST
request originalUrl:  /wechat?signature=9d80d45a060eb22925e16a6616d3cc297bde34dd&timestamp=1503974895&nonce=800696537&openid=o5Yi9wOfXWopOcMYiujWBZmwBH0Q
request client ip:  ::ffff:127.0.0.1
request body: 
{"xml":{"ToUserName":["gh_08452f6d090a"],"FromUserName":["o5Yi9wOfXWopOcMYiujWBZmwBH0Q"],"CreateTime":["1503974895"],"MsgType":["event"],"Event":["VIEW"],"EventKey":["https://zcwlxxxwzx.localtunnel.me/product/100001"],"MenuId":["462054019"]}}
response time: 12
err name: TypeError
err message: Cannot read property '0' of undefined
err stack: TypeError: Cannot read property '0' of undefined
    at postHandle (/Users/mac/Documents/ecough1/ecough/app/controllers/wechat.js:26:18)
    at dispatch (/Users/mac/Documents/ecough1/ecough/node_modules/koa-compose/index.js:44:32)
    at next (/Users/mac/Documents/ecough1/ecough/node_modules/koa-compose/index.js:45:18)
    at /Users/mac/Documents/ecough1/ecough/node_modules/koa-router/lib/router.js:345:16
    at dispatch (/Users/mac/Documents/ecough1/ecough/node_modules/koa-compose/index.js:44:32)
    at /Users/mac/Documents/ecough1/ecough/node_modules/koa-compose/index.js:36:12
    at dispatch (/Users/mac/Documents/ecough1/ecough/node_modules/koa-router/lib/router.js:350:31)
    at dispatch (/Users/mac/Documents/ecough1/ecough/node_modules/koa-compose/index.js:44:32)
    at next (/Users/mac/Documents/ecough1/ecough/node_modules/koa-compose/index.js:45:18)
    at app.use (/Users/mac/Documents/ecough1/ecough/app.js:60:11)
    at dispatch (/Users/mac/Documents/ecough1/ecough/node_modules/koa-compose/index.js:44:32)
    at next (/Users/mac/Documents/ecough1/ecough/node_modules/koa-compose/index.js:45:18)
    at serve (/Users/mac/Documents/ecough1/ecough/node_modules/koa-static/index.js:47:14)
    at dispatch (/Users/mac/Documents/ecough1/ecough/node_modules/koa-compose/index.js:44:32)
    at next (/Users/mac/Documents/ecough1/ecough/node_modules/koa-compose/index.js:45:18)
    at bodyParser (/Users/mac/Documents/ecough1/ecough/node_modules/koa-bodyparser/index.js:73:54)
*************** error log end ***************

[2017-08-29 10:49:12.962] [ERROR] errorLogger - 
*************** error log start ***************
request method: POST
request originalUrl:  /wechat?signature=3386e480d26fd22497c9c77242992e249e505c22&timestamp=1503974951&nonce=999179480&openid=o5Yi9wOfXWopOcMYiujWBZmwBH0Q
request client ip:  ::ffff:127.0.0.1
request body: 
{"xml":{"ToUserName":["gh_08452f6d090a"],"FromUserName":["o5Yi9wOfXWopOcMYiujWBZmwBH0Q"],"CreateTime":["1503974951"],"MsgType":["event"],"Event":["VIEW"],"EventKey":["https://zcwlxxxwzx.localtunnel.me/product/100001"],"MenuId":["462054019"]}}
response time: 2
err name: TypeError
err message: Cannot read property '0' of undefined
err stack: TypeError: Cannot read property '0' of undefined
    at postHandle (/Users/mac/Documents/ecough1/ecough/app/controllers/wechat.js:26:18)
    at dispatch (/Users/mac/Documents/ecough1/ecough/node_modules/koa-compose/index.js:44:32)
    at next (/Users/mac/Documents/ecough1/ecough/node_modules/koa-compose/index.js:45:18)
    at /Users/mac/Documents/ecough1/ecough/node_modules/koa-router/lib/router.js:345:16
    at dispatch (/Users/mac/Documents/ecough1/ecough/node_modules/koa-compose/index.js:44:32)
    at /Users/mac/Documents/ecough1/ecough/node_modules/koa-compose/index.js:36:12
    at dispatch (/Users/mac/Documents/ecough1/ecough/node_modules/koa-router/lib/router.js:350:31)
    at dispatch (/Users/mac/Documents/ecough1/ecough/node_modules/koa-compose/index.js:44:32)
    at next (/Users/mac/Documents/ecough1/ecough/node_modules/koa-compose/index.js:45:18)
    at app.use (/Users/mac/Documents/ecough1/ecough/app.js:60:11)
    at dispatch (/Users/mac/Documents/ecough1/ecough/node_modules/koa-compose/index.js:44:32)
    at next (/Users/mac/Documents/ecough1/ecough/node_modules/koa-compose/index.js:45:18)
    at serve (/Users/mac/Documents/ecough1/ecough/node_modules/koa-static/index.js:47:14)
    at dispatch (/Users/mac/Documents/ecough1/ecough/node_modules/koa-compose/index.js:44:32)
    at next (/Users/mac/Documents/ecough1/ecough/node_modules/koa-compose/index.js:45:18)
    at bodyParser (/Users/mac/Documents/ecough1/ecough/node_modules/koa-bodyparser/index.js:73:54)
*************** error log end ***************

[2017-08-29 10:49:42.361] [ERROR] errorLogger - 
*************** error log start ***************
request method: GET
request originalUrl:  /images/14997402965602.jpg
request client ip:  ::ffff:127.0.0.1
request query:  {}
response time: undefined
err name: Error
err message: read ECONNRESET
err stack: Error: read ECONNRESET
    at exports._errnoException (util.js:1026:11)
    at TCP.onread (net.js:607:25)
*************** error log end ***************

