[2017-09-20 12:51:39.346] [ERROR] errorLogger - 
*************** error log start ***************
request method: POST
request originalUrl:  /wechat?signature=9b3016688558e9b9858bcaf8a6b614b57ac3f445&timestamp=1505883092&nonce=898553163&openid=o5Yi9wOfXWopOcMYiujWBZmwBH0Q
request client ip:  ::ffff:127.0.0.1
request body: 
{"xml":{"ToUserName":"o5Yi9wOfXWopOcMYiujWBZmwBH0Q","FromUserName":"o","CreateTime":["1505883092"],"MsgType":["event"],"Event":["TEMPLATESENDJOBFINISH"],"MsgID":["462573948"],"Status":["success"]}}
response time: undefined
err name: TypeError
err message: Cannot read property 'replace' of undefined
err stack: TypeError: Cannot read property 'replace' of undefined
    at /Users/mac/Documents/ecough1/ecough/app/utils/qr.js:8:41
    at Object.exports.qr (/Users/mac/Documents/ecough1/ecough/app/utils/qr.js:7:10)
    at Object.exports.uploadFile (/Users/mac/Documents/ecough1/ecough/app/utils/tools.js:180:20)
    at exports.getImageMessage (/Users/mac/Documents/ecough1/ecough/app/utils/wechat.js:101:29)
    at process._tickCallback (internal/process/next_tick.js:103:7)
*************** error log end ***************

[2017-09-20 12:54:44.188] [ERROR] errorLogger - 
*************** error log start ***************
request method: POST
request originalUrl:  /wechat?signature=558f646dd1d398c81314fbf9265d59f6690e4c74&timestamp=1505883277&nonce=143355728&openid=o5Yi9wOfXWopOcMYiujWBZmwBH0Q
request client ip:  ::ffff:127.0.0.1
request body: 
{"xml":{"ToUserName":["o5Yi9wOfXWopOcMYiujWBZmwBH0Q"],"FromUserName":["gh_08452f6d090a"],"CreateTime":["1505883277"],"MsgType":["event"],"Event":["TEMPLATESENDJOBFINISH"],"MsgID":["462573999"],"Status":["success"]}}
response time: undefined
err name: TypeError
err message: Cannot read property 'replace' of undefined
err stack: TypeError: Cannot read property 'replace' of undefined
    at /Users/mac/Documents/ecough1/ecough/app/utils/qr.js:8:41
    at Object.exports.qr (/Users/mac/Documents/ecough1/ecough/app/utils/qr.js:7:10)
    at Object.exports.uploadFile (/Users/mac/Documents/ecough1/ecough/app/utils/tools.js:180:20)
    at exports.getImageMessage (/Users/mac/Documents/ecough1/ecough/app/utils/wechat.js:101:29)
    at process._tickCallback (internal/process/next_tick.js:103:7)
*************** error log end ***************

