[2017-09-17 17:46:41.960] [ERROR] errorLogger - 
*************** error log start ***************
request method: POST
request originalUrl:  /sms/send
request client ip:  ::ffff:127.0.0.1
request body: 
{"phone":"15977477245"}
response time: undefined
err name: SignatureDoesNotMatchError
err message: Specified signature is not matched with our calculation.
err stack: SignatureDoesNotMatchError: Specified signature is not matched with our calculation.
    at httpx.request.then.then (/Users/mac/Documents/ecough1/ecough/node_modules/@alicloud/pop-core/lib/core.js:149:19)
    at process._tickCallback (internal/process/next_tick.js:103:7)
*************** error log end ***************

[2017-09-17 17:48:04.689] [ERROR] errorLogger - 
*************** error log start ***************
request method: POST
request originalUrl:  /sms/send
request client ip:  ::ffff:127.0.0.1
request body: 
{"phone":"15977477245"}
response time: undefined
err name: SignatureDoesNotMatchError
err message: Specified signature is not matched with our calculation.
err stack: SignatureDoesNotMatchError: Specified signature is not matched with our calculation.
    at httpx.request.then.then (/Users/mac/Documents/ecough1/ecough/node_modules/@alicloud/pop-core/lib/core.js:149:19)
    at process._tickCallback (internal/process/next_tick.js:103:7)
*************** error log end ***************

[2017-09-17 17:51:06.696] [ERROR] errorLogger - 
*************** error log start ***************
request method: POST
request originalUrl:  /sms/send
request client ip:  ::ffff:127.0.0.1
request body: 
{"phone":"15977477245"}
response time: undefined
err name: SignatureDoesNotMatchError
err message: Specified signature is not matched with our calculation.
err stack: SignatureDoesNotMatchError: Specified signature is not matched with our calculation.
    at httpx.request.then.then (/Users/mac/Documents/ecough1/ecough/node_modules/@alicloud/pop-core/lib/core.js:149:19)
    at process._tickCallback (internal/process/next_tick.js:103:7)
*************** error log end ***************

[2017-09-17 17:53:08.213] [ERROR] errorLogger - 
*************** error log start ***************
request method: POST
request originalUrl:  /sms/send
request client ip:  ::ffff:127.0.0.1
request body: 
{"phone":"15977477245"}
response time: undefined
err name: SignatureDoesNotMatchError
err message: Specified signature is not matched with our calculation.
err stack: SignatureDoesNotMatchError: Specified signature is not matched with our calculation.
    at httpx.request.then.then (/Users/mac/Documents/ecough1/ecough/node_modules/@alicloud/pop-core/lib/core.js:149:19)
    at process._tickCallback (internal/process/next_tick.js:103:7)
*************** error log end ***************

