[2017-08-30 18:20:04.142] [ERROR] errorLogger - 
*************** error log start ***************
request method: GET
request originalUrl:  /my/pay
request client ip:  ::ffff:127.0.0.1
request query:  {}
response time: 404
err name: TypeError
err message: Cannot read property '0' of undefined
err stack: TypeError: Cannot read property '0' of undefined
    at jsapiPay (/Users/mac/Documents/ecough1/ecough/app/controllers/my.js:106:28)
    at <anonymous>
    at process._tickCallback (internal/process/next_tick.js:169:7)
*************** error log end ***************

[2017-08-30 18:25:53.894] [ERROR] errorLogger - 
*************** error log start ***************
request method: GET
request originalUrl:  /my/pay
request client ip:  ::ffff:127.0.0.1
request query:  {}
response time: 398
err name: TypeError
err message: Cannot read property '0' of undefined
err stack: TypeError: Cannot read property '0' of undefined
    at jsapiPay (/Users/mac/Documents/ecough1/ecough/app/controllers/my.js:106:28)
    at <anonymous>
    at process._tickCallback (internal/process/next_tick.js:169:7)
*************** error log end ***************

[2017-08-30 18:26:24.051] [ERROR] errorLogger - 
*************** error log start ***************
request method: GET
request originalUrl:  /my/pay
request client ip:  ::ffff:127.0.0.1
request query:  {}
response time: 543
err name: TypeError
err message: Cannot read property '0' of undefined
err stack: TypeError: Cannot read property '0' of undefined
    at jsapiPay (/Users/mac/Documents/ecough1/ecough/app/controllers/my.js:106:28)
    at <anonymous>
    at process._tickCallback (internal/process/next_tick.js:169:7)
*************** error log end ***************

[2017-08-30 18:26:45.841] [ERROR] errorLogger - 
*************** error log start ***************
request method: GET
request originalUrl:  /my/pay
request client ip:  ::ffff:127.0.0.1
request query:  {}
response time: 405
err name: TypeError
err message: Cannot read property '0' of undefined
err stack: TypeError: Cannot read property '0' of undefined
    at jsapiPay (/Users/mac/Documents/ecough1/ecough/app/controllers/my.js:106:28)
    at <anonymous>
    at process._tickCallback (internal/process/next_tick.js:169:7)
*************** error log end ***************

[2017-08-30 18:27:37.798] [ERROR] errorLogger - 
*************** error log start ***************
request method: GET
request originalUrl:  /my/pay
request client ip:  ::ffff:127.0.0.1
request query:  {}
response time: 373
err name: TypeError
err message: Cannot read property '0' of undefined
err stack: TypeError: Cannot read property '0' of undefined
    at jsapiPay (/Users/mac/Documents/ecough1/ecough/app/controllers/my.js:106:28)
    at <anonymous>
    at process._tickCallback (internal/process/next_tick.js:169:7)
*************** error log end ***************

[2017-08-30 18:41:57.320] [ERROR] errorLogger - 
*************** error log start ***************
request method: GET
request originalUrl:  /my/pay
request client ip:  ::ffff:127.0.0.1
request query:  {}
response time: 30123
err name: Error
err message: getaddrinfo ENOTFOUND api.mch.weixin.qq.com api.mch.weixin.qq.com:443
err stack: Error: getaddrinfo ENOTFOUND api.mch.weixin.qq.com api.mch.weixin.qq.com:443
    at errnoException (dns.js:50:10)
    at GetAddrInfoReqWrap.onlookup [as oncomplete] (dns.js:95:26)
*************** error log end ***************

[2017-08-30 18:44:23.222] [ERROR] errorLogger - 
*************** error log start ***************
request method: GET
request originalUrl:  /my/order
request client ip:  ::ffff:127.0.0.1
request query:  {}
response time: 26
err name: ReferenceError
err message: /Users/mac/Documents/ecough1/ecough/app/views/order.ejs:90
    88| 	wx.config({
    89| 		debug: false,
 >> 90| 		appId: '<%= config.appid %>',
    91| 		timeStamp: '<%= config.timestamp %>',
    92| 		nonceStr: '<%= config.nonceStr %>',
    93| 		signature: '<%= config.signature %>',

config is not defined
err stack: ReferenceError: /Users/mac/Documents/ecough1/ecough/app/views/order.ejs:90
    88| 	wx.config({
    89| 		debug: false,
 >> 90| 		appId: '<%= config.appid %>',
    91| 		timeStamp: '<%= config.timestamp %>',
    92| 		nonceStr: '<%= config.nonceStr %>',
    93| 		signature: '<%= config.signature %>',

config is not defined
    at eval (eval at compile (/Users/mac/Documents/ecough1/ecough/node_modules/ejs/lib/ejs.js:524:12), <anonymous>:11:26)
    at returnedFn (/Users/mac/Documents/ecough1/ecough/node_modules/ejs/lib/ejs.js:555:17)
    at /Users/mac/Documents/ecough1/ecough/node_modules/consolidate/lib/consolidate.js:503:16
    at /Users/mac/Documents/ecough1/ecough/node_modules/consolidate/lib/consolidate.js:144:5
    at Promise._execute (/Users/mac/Documents/ecough1/ecough/node_modules/bluebird/js/release/debuggability.js:300:9)
    at Promise._resolveFromExecutor (/Users/mac/Documents/ecough1/ecough/node_modules/bluebird/js/release/promise.js:483:18)
    at new Promise (/Users/mac/Documents/ecough1/ecough/node_modules/bluebird/js/release/promise.js:79:10)
    at promisify (/Users/mac/Documents/ecough1/ecough/node_modules/consolidate/lib/consolidate.js:137:10)
    at Function.exports.ejs.render (/Users/mac/Documents/ecough1/ecough/node_modules/consolidate/lib/consolidate.js:499:10)
    at /Users/mac/Documents/ecough1/ecough/node_modules/consolidate/lib/consolidate.js:165:27
    at /Users/mac/Documents/ecough1/ecough/node_modules/consolidate/lib/consolidate.js:99:5
    at tryToString (fs.js:499:3)
    at FSReqWrap.readFileAfterClose [as oncomplete] (fs.js:487:12)
*************** error log end ***************

[2017-08-30 18:44:33.138] [ERROR] errorLogger - 
*************** error log start ***************
request method: GET
request originalUrl:  /my/pay
request client ip:  ::ffff:127.0.0.1
request query:  {}
response time: 227
err name: TypeError
err message: Cannot read property '0' of undefined
err stack: TypeError: Cannot read property '0' of undefined
    at jsapiPay (/Users/mac/Documents/ecough1/ecough/app/controllers/my.js:106:28)
    at <anonymous>
    at process._tickCallback (internal/process/next_tick.js:169:7)
*************** error log end ***************

[2017-08-30 18:46:41.255] [ERROR] errorLogger - 
*************** error log start ***************
request method: GET
request originalUrl:  /my/pay
request client ip:  ::ffff:127.0.0.1
request query:  {}
response time: 902
err name: TypeError
err message: Cannot read property '0' of undefined
err stack: TypeError: Cannot read property '0' of undefined
    at jsapiPay (/Users/mac/Documents/ecough1/ecough/app/controllers/my.js:106:28)
    at <anonymous>
    at process._tickCallback (internal/process/next_tick.js:169:7)
*************** error log end ***************

[2017-08-30 18:49:03.549] [ERROR] errorLogger - 
*************** error log start ***************
request method: GET
request originalUrl:  /my/pay
request client ip:  ::ffff:127.0.0.1
request query:  {}
response time: 536
err name: TypeError
err message: Cannot read property '0' of undefined
err stack: TypeError: Cannot read property '0' of undefined
    at jsapiPay (/Users/mac/Documents/ecough1/ecough/app/controllers/my.js:106:28)
    at <anonymous>
    at process._tickCallback (internal/process/next_tick.js:169:7)
*************** error log end ***************

[2017-08-30 18:49:35.004] [ERROR] errorLogger - 
*************** error log start ***************
request method: GET
request originalUrl:  /my/pay
request client ip:  ::ffff:127.0.0.1
request query:  {}
response time: 438
err name: TypeError
err message: Cannot read property '0' of undefined
err stack: TypeError: Cannot read property '0' of undefined
    at jsapiPay (/Users/mac/Documents/ecough1/ecough/app/controllers/my.js:106:28)
    at <anonymous>
    at process._tickCallback (internal/process/next_tick.js:169:7)
*************** error log end ***************

