[2017-09-14 11:23:33.253] [ERROR] errorLogger - 
*************** error log start ***************
request method: POST
request originalUrl:  /wechat?signature=42366e82d9d8bdb8d9ef343ec7df8ab3a807d06f&timestamp=1505359409&nonce=1358212490&openid=o5Yi9wOfXWopOcMYiujWBZmwBH0Q
request client ip:  ::ffff:127.0.0.1
request body: 
{"xml":{"ToUserName":["gh_08452f6d090a"],"FromUserName":["o5Yi9wOfXWopOcMYiujWBZmwBH0Q"],"CreateTime":["1505359409"],"MsgType":["event"],"Event":["CLICK"],"EventKey":["GOOD"]}}
response time: undefined
err name: Error
err message: undefined is not a valid uri or options object.
err stack: Error: undefined is not a valid uri or options object.
    at request (/Users/mac/Documents/ecough1/ecough/node_modules/request/index.js:45:11)
    at Object.exports.uploadFile (/Users/mac/Documents/ecough1/ecough/app/utils/tools.js:177:20)
    at exports.getImageMessage (/Users/mac/Documents/ecough1/ecough/app/utils/wechat.js:95:17)
    at process._tickCallback (internal/process/next_tick.js:103:7)
*************** error log end ***************

[2017-09-14 11:29:45.960] [ERROR] errorLogger - 
*************** error log start ***************
request method: POST
request originalUrl:  /wechat?signature=454ca9c95495ef4b46f85253beb9ac41649f0417&timestamp=1505359782&nonce=2025028315&openid=o5Yi9wOfXWopOcMYiujWBZmwBH0Q
request client ip:  ::ffff:127.0.0.1
request body: 
{"xml":{"ToUserName":["gh_08452f6d090a"],"FromUserName":["o5Yi9wOfXWopOcMYiujWBZmwBH0Q"],"CreateTime":["1505359782"],"MsgType":["event"],"Event":["CLICK"],"EventKey":["GOOD"]}}
response time: undefined
err name: ReferenceError
err message: fs is not defined
err stack: ReferenceError: fs is not defined
    at exports.getImageMessage (/Users/mac/Documents/ecough1/ecough/app/utils/wechat.js:96:9)
    at process._tickCallback (internal/process/next_tick.js:103:7)
*************** error log end ***************

