[2017-09-17 18:07:53.381] [ERROR] errorLogger - 
*************** error log start ***************
request method: POST
request originalUrl:  /sms/send
request client ip:  ::ffff:127.0.0.1
request body: 
{"phone":"15977477245"}
response time: undefined
err name: ReferenceError
err message: cosole is not defined
err stack: ReferenceError: cosole is not defined
    at send (/Users/mac/Documents/ecough1/ecough/app/controllers/sms.js:5:2)
    at process._tickCallback (internal/process/next_tick.js:103:7)
*************** error log end ***************

[2017-09-17 18:17:39.571] [ERROR] errorLogger - 
*************** error log start ***************
request method: POST
request originalUrl:  /sms/send
request client ip:  ::ffff:127.0.0.1
request body: 
{"phone":"15977477245"}
response time: undefined
err name: TypeError
err message: parameter "PhoneNumbers" is required
err stack: TypeError: parameter "PhoneNumbers" is required
    at Client.sendSms (/Users/mac/Documents/ecough1/ecough/node_modules/@alicloud/dysmsapi/lib/client.js:62:13)
    at SMSClient.sendSMS (/Users/mac/Documents/ecough1/ecough/node_modules/@alicloud/sms-sdk/index.js:31:36)
    at exports.send (/Users/mac/Documents/ecough1/ecough/app/utils/sms.js:72:22)
    at process._tickCallback (internal/process/next_tick.js:103:7)
*************** error log end ***************

[2017-09-17 18:17:54.187] [ERROR] errorLogger - 
*************** error log start ***************
request method: POST
request originalUrl:  /sms/send
request client ip:  ::ffff:127.0.0.1
request body: 
{"phone":"15977477245"}
response time: undefined
err name: TypeError
err message: parameter "PhoneNumbers" is required
err stack: TypeError: parameter "PhoneNumbers" is required
    at Client.sendSms (/Users/mac/Documents/ecough1/ecough/node_modules/@alicloud/dysmsapi/lib/client.js:62:13)
    at SMSClient.sendSMS (/Users/mac/Documents/ecough1/ecough/node_modules/@alicloud/sms-sdk/index.js:31:36)
    at exports.send (/Users/mac/Documents/ecough1/ecough/app/utils/sms.js:72:22)
    at process._tickCallback (internal/process/next_tick.js:103:7)
*************** error log end ***************

[2017-09-17 18:18:39.234] [ERROR] errorLogger - 
*************** error log start ***************
request method: POST
request originalUrl:  /sms/send
request client ip:  ::ffff:127.0.0.1
request body: 
{"phone":"15977477245"}
response time: undefined
err name: SignatureDoesNotMatchError
err message: Specified signature is not matched with our calculation.
err stack: SignatureDoesNotMatchError: Specified signature is not matched with our calculation.
    at httpx.request.then.then (/Users/mac/Documents/ecough1/ecough/node_modules/@alicloud/pop-core/lib/core.js:149:19)
    at process._tickCallback (internal/process/next_tick.js:103:7)
*************** error log end ***************

[2017-09-17 18:20:36.388] [ERROR] errorLogger - 
*************** error log start ***************
request method: POST
request originalUrl:  /sms/send
request client ip:  ::ffff:127.0.0.1
request body: 
{"phone":"15977477245"}
response time: undefined
err name: SignatureDoesNotMatchError
err message: Specified signature is not matched with our calculation.
err stack: SignatureDoesNotMatchError: Specified signature is not matched with our calculation.
    at httpx.request.then.then (/Users/mac/Documents/ecough1/ecough/node_modules/@alicloud/pop-core/lib/core.js:149:19)
    at process._tickCallback (internal/process/next_tick.js:103:7)
*************** error log end ***************

