[2017-08-30 10:00:20.589] [ERROR] errorLogger - 
*************** error log start ***************
request method: GET
request originalUrl:  /my/pay
request client ip:  ::ffff:127.0.0.1
request query:  {}
response time: 451
err name: TypeError
err message: Cannot read property '0' of undefined
err stack: TypeError: Cannot read property '0' of undefined
    at jsapiPay (/Users/mac/Documents/ecough1/ecough/app/controllers/my.js:106:28)
    at <anonymous>
    at process._tickCallback (internal/process/next_tick.js:169:7)
*************** error log end ***************

[2017-08-30 10:01:55.820] [ERROR] errorLogger - 
*************** error log start ***************
request method: GET
request originalUrl:  /my/pay
request client ip:  ::ffff:127.0.0.1
request query:  {}
response time: 345
err name: TypeError
err message: Cannot read property '0' of undefined
err stack: TypeError: Cannot read property '0' of undefined
    at jsapiPay (/Users/mac/Documents/ecough1/ecough/app/controllers/my.js:106:28)
    at <anonymous>
    at process._tickCallback (internal/process/next_tick.js:169:7)
*************** error log end ***************

[2017-08-30 10:01:57.957] [ERROR] errorLogger - 
*************** error log start ***************
request method: GET
request originalUrl:  /my/pay
request client ip:  ::ffff:127.0.0.1
request query:  {}
response time: 260
err name: TypeError
err message: Cannot read property '0' of undefined
err stack: TypeError: Cannot read property '0' of undefined
    at jsapiPay (/Users/mac/Documents/ecough1/ecough/app/controllers/my.js:106:28)
    at <anonymous>
    at process._tickCallback (internal/process/next_tick.js:169:7)
*************** error log end ***************

[2017-08-30 10:03:20.993] [ERROR] errorLogger - 
*************** error log start ***************
request method: GET
request originalUrl:  /my/pay
request client ip:  ::ffff:127.0.0.1
request query:  {}
response time: 362
err name: TypeError
err message: Cannot read property '0' of undefined
err stack: TypeError: Cannot read property '0' of undefined
    at jsapiPay (/Users/mac/Documents/ecough1/ecough/app/controllers/my.js:106:28)
    at <anonymous>
    at process._tickCallback (internal/process/next_tick.js:169:7)
*************** error log end ***************

[2017-08-30 10:03:40.802] [ERROR] errorLogger - 
*************** error log start ***************
request method: GET
request originalUrl:  /my/pay
request client ip:  ::ffff:127.0.0.1
request query:  {}
response time: 213
err name: TypeError
err message: Cannot read property '0' of undefined
err stack: TypeError: Cannot read property '0' of undefined
    at jsapiPay (/Users/mac/Documents/ecough1/ecough/app/controllers/my.js:106:28)
    at <anonymous>
    at process._tickCallback (internal/process/next_tick.js:169:7)
*************** error log end ***************

[2017-08-30 10:04:13.690] [ERROR] errorLogger - 
*************** error log start ***************
request method: GET
request originalUrl:  /my/pay
request client ip:  ::ffff:127.0.0.1
request query:  {}
response time: 463
err name: TypeError
err message: Cannot read property '0' of undefined
err stack: TypeError: Cannot read property '0' of undefined
    at jsapiPay (/Users/mac/Documents/ecough1/ecough/app/controllers/my.js:106:28)
    at <anonymous>
    at process._tickCallback (internal/process/next_tick.js:169:7)
*************** error log end ***************

