[2017-09-18 00:44:02.725] [ERROR] errorLogger - 
*************** error log start ***************
request method: GET
request originalUrl:  /admin/user/service
request client ip:  ::ffff:127.0.0.1
request query:  {}
response time: undefined
err name: ReferenceError
err message: userDao is not defined
err stack: ReferenceError: userDao is not defined
    at Object.exports.getUserService (/Users/mac/Documents/ecough1/ecough/app/utils/user.js:73:21)
    at admin_userService (/Users/mac/Documents/ecough1/ecough/app/controllers/admin.js:107:30)
    at dispatch (/Users/mac/Documents/ecough1/ecough/node_modules/koa-compose/index.js:44:32)
    at next (/Users/mac/Documents/ecough1/ecough/node_modules/koa-compose/index.js:45:18)
    at /Users/mac/Documents/ecough1/ecough/node_modules/koa-router/lib/router.js:345:16
    at dispatch (/Users/mac/Documents/ecough1/ecough/node_modules/koa-compose/index.js:44:32)
    at /Users/mac/Documents/ecough1/ecough/node_modules/koa-compose/index.js:36:12
    at dispatch (/Users/mac/Documents/ecough1/ecough/node_modules/koa-router/lib/router.js:350:31)
    at dispatch (/Users/mac/Documents/ecough1/ecough/node_modules/koa-compose/index.js:44:32)
    at next (/Users/mac/Documents/ecough1/ecough/node_modules/koa-compose/index.js:45:18)
    at send.then.done (/Users/mac/Documents/ecough1/ecough/node_modules/koa-static/index.js:43:20)
*************** error log end ***************

