[2017-09-12 17:50:57.841] [ERROR] errorLogger - 
*************** error log start ***************
request method: POST
request originalUrl:  /admin/setQrcode
request client ip:  ::ffff:127.0.0.1
request body: 
{"name":"覃海"}
response time: undefined
err name: TypeError
err message: a is not a function
err stack: TypeError: a is not a function
    at admin_setQrcode (/Users/mac/Documents/ecough1/ecough/app/controllers/admin.js:83:5)
    at dispatch (/Users/mac/Documents/ecough1/ecough/node_modules/koa-compose/index.js:44:32)
    at next (/Users/mac/Documents/ecough1/ecough/node_modules/koa-compose/index.js:45:18)
    at /Users/mac/Documents/ecough1/ecough/node_modules/koa-router/lib/router.js:345:16
    at dispatch (/Users/mac/Documents/ecough1/ecough/node_modules/koa-compose/index.js:44:32)
    at /Users/mac/Documents/ecough1/ecough/node_modules/koa-compose/index.js:36:12
    at dispatch (/Users/mac/Documents/ecough1/ecough/node_modules/koa-router/lib/router.js:350:31)
    at dispatch (/Users/mac/Documents/ecough1/ecough/node_modules/koa-compose/index.js:44:32)
    at next (/Users/mac/Documents/ecough1/ecough/node_modules/koa-compose/index.js:45:18)
    at serve (/Users/mac/Documents/ecough1/ecough/node_modules/koa-static/index.js:47:14)
    at dispatch (/Users/mac/Documents/ecough1/ecough/node_modules/koa-compose/index.js:44:32)
    at next (/Users/mac/Documents/ecough1/ecough/node_modules/koa-compose/index.js:45:18)
    at bodyParser (/Users/mac/Documents/ecough1/ecough/node_modules/koa-bodyparser/index.js:86:11)
    at process._tickCallback (internal/process/next_tick.js:103:7)
*************** error log end ***************

