[2017-09-18 13:12:15.407] [ERROR] errorLogger - 
*************** error log start ***************
request method: POST
request originalUrl:  /admin/setconfig
request client ip:  ::ffff:127.0.0.1
request body: 
{"appid":"wxc25f48089fba29f3","appSecret":"328f39d113a5e31d58b0fb20cdccb4c7","token":"ecough","store_mchid":"","store_key":"","encodingAESKey":"","message_text":"终于等到您，还好没放弃","message_default":"冥冥之中自有缘分","sms_accessKeyId":"","sms_secretAccessKey":"","sms_TemplateCode":"","sms_SignName":"","server_host":"http://jtsgpulgml.localtunnel.me","original_money":"","current_money":"","derate_money":"0"}
response time: undefined
err name: Error
err message: Unknown column 'original_money' in 'field list'
err stack: Error: Unknown column 'original_money' in 'field list'
    at Packet.asError (/Users/mac/Documents/ecough1/ecough/node_modules/mysql2/lib/packets/packet.js:701:13)
    at Query.Command.execute (/Users/mac/Documents/ecough1/ecough/node_modules/mysql2/lib/commands/command.js:28:22)
    at PoolConnection.Connection.handlePacket (/Users/mac/Documents/ecough1/ecough/node_modules/mysql2/lib/connection.js:500:28)
    at PacketParser.onPacket (/Users/mac/Documents/ecough1/ecough/node_modules/mysql2/lib/connection.js:94:16)
    at PacketParser.executeStart (/Users/mac/Documents/ecough1/ecough/node_modules/mysql2/lib/packet_parser.js:77:14)
    at Socket.<anonymous> (/Users/mac/Documents/ecough1/ecough/node_modules/mysql2/lib/connection.js:102:29)
    at emitOne (events.js:96:13)
    at Socket.emit (events.js:189:7)
    at readableAddChunk (_stream_readable.js:176:18)
    at Socket.Readable.push (_stream_readable.js:134:10)
    at TCP.onread (net.js:551:20)
*************** error log end ***************

[2017-09-18 13:19:25.531] [ERROR] errorLogger - 
*************** error log start ***************
request method: POST
request originalUrl:  /admin/order/deliver
request client ip:  ::ffff:127.0.0.1
request body: 
{"out_trade_no":"20170918001","delivery_company":"shentong","delivery_track_no":"20170918001","status":3}
response time: undefined
err name: ReferenceError
err message: data is not defined
err stack: ReferenceError: data is not defined
    at adminSetDeliver (/Users/mac/Documents/ecough1/ecough/app/controllers/admin.js:128:46)
    at process._tickCallback (internal/process/next_tick.js:103:7)
*************** error log end ***************

[2017-09-18 13:22:19.915] [ERROR] errorLogger - 
*************** error log start ***************
request method: POST
request originalUrl:  /admin/order/deliver
request client ip:  ::ffff:127.0.0.1
request body: 
{"out_trade_no":"20170918001","delivery_company":"shentong","delivery_track_no":"20170918001","status":3}
response time: undefined
err name: ReferenceError
err message: data is not defined
err stack: ReferenceError: data is not defined
    at adminSetDeliver (/Users/mac/Documents/ecough1/ecough/app/controllers/admin.js:129:46)
    at process._tickCallback (internal/process/next_tick.js:103:7)
*************** error log end ***************

[2017-09-18 13:25:16.299] [ERROR] errorLogger - 
*************** error log start ***************
request method: POST
request originalUrl:  /admin/order/deliver
request client ip:  ::ffff:127.0.0.1
request body: 
{"out_trade_no":"20170918001","delivery_company":"shentong","delivery_track_no":"20170918001","status":3}
response time: undefined
err name: ReferenceError
err message: data is not defined
err stack: ReferenceError: data is not defined
    at adminSetDeliver (/Users/mac/Documents/ecough1/ecough/app/controllers/admin.js:127:25)
    at process._tickCallback (internal/process/next_tick.js:103:7)
*************** error log end ***************

[2017-09-18 13:27:52.005] [ERROR] errorLogger - 
*************** error log start ***************
request method: POST
request originalUrl:  /admin/order/deliver
request client ip:  ::ffff:127.0.0.1
request body: 
{"out_trade_no":"20170918001","delivery_company":"shentong","delivery_track_no":"20170918001","status":3}
response time: undefined
err name: ReferenceError
err message: data is not defined
err stack: ReferenceError: data is not defined
    at adminSetDeliver (/Users/mac/Documents/ecough1/ecough/app/controllers/admin.js:127:25)
    at process._tickCallback (internal/process/next_tick.js:103:7)
*************** error log end ***************

[2017-09-18 13:37:53.085] [ERROR] errorLogger - 
*************** error log start ***************
request method: POST
request originalUrl:  /sms/send
request client ip:  ::ffff:127.0.0.1
request body: 
{"phone":"15977477245"}
response time: undefined
err name: TypeError
err message: parameter "accessKeyId" is required
err stack: TypeError: parameter "accessKeyId" is required
    at new SMSClient (/Users/mac/Documents/ecough1/ecough/node_modules/@alicloud/sms-sdk/index.js:18:19)
    at exports.send (/Users/mac/Documents/ecough1/ecough/app/utils/sms.js:43:21)
    at process._tickCallback (internal/process/next_tick.js:103:7)
*************** error log end ***************

