[2017-09-12 19:52:19.348] [ERROR] errorLogger - 
*************** error log start ***************
request method: POST
request originalUrl:  /wechat?signature=d40b3f0f47191be0e6dd1289bc5be4c0bdaff587&timestamp=1505217137&nonce=1760929018&openid=o5Yi9wOfXWopOcMYiujWBZmwBH0Q
request client ip:  ::ffff:127.0.0.1
request body: 
{"xml":{"ToUserName":["gh_08452f6d090a"],"FromUserName":["o5Yi9wOfXWopOcMYiujWBZmwBH0Q"],"CreateTime":["1505217137"],"MsgType":["event"],"Event":["CLICK"],"EventKey":["GOOD"]}}
response time: undefined
err name: ReferenceError
err message: getQRCode is not defined
err stack: ReferenceError: getQRCode is not defined
    at exports.getImageMessage (/Users/mac/Documents/ecough1/ecough/app/utils/wechat.js:92:21)
    at process._tickCallback (internal/process/next_tick.js:103:7)
*************** error log end ***************

[2017-09-12 19:52:52.257] [ERROR] errorLogger - 
*************** error log start ***************
request method: POST
request originalUrl:  /wechat?signature=7eac38dc23036765cc3d80002490260d84a034b5&timestamp=1505217169&nonce=656722516&openid=o5Yi9wOfXWopOcMYiujWBZmwBH0Q
request client ip:  ::ffff:127.0.0.1
request body: 
{"xml":{"ToUserName":["gh_08452f6d090a"],"FromUserName":["o5Yi9wOfXWopOcMYiujWBZmwBH0Q"],"CreateTime":["1505217169"],"MsgType":["event"],"Event":["CLICK"],"EventKey":["GOOD"]}}
response time: undefined
err name: Error
err message: Bad data
err stack: Error: Bad data
    at encode (/Users/mac/Documents/ecough1/ecough/node_modules/qr-image/lib/encode.js:147:15)
    at QR (/Users/mac/Documents/ecough1/ecough/node_modules/qr-image/lib/qr-base.js:170:19)
    at Object.qr_image_sync [as imageSync] (/Users/mac/Documents/ecough1/ecough/node_modules/qr-image/lib/qr.js:85:18)
    at Object.exports.uploadFile (/Users/mac/Documents/ecough1/ecough/app/utils/tools.js:160:21)
    at exports.getImageMessage (/Users/mac/Documents/ecough1/ecough/app/utils/wechat.js:96:29)
    at process._tickCallback (internal/process/next_tick.js:103:7)
*************** error log end ***************

[2017-09-12 19:53:19.681] [ERROR] errorLogger - 
*************** error log start ***************
request method: POST
request originalUrl:  /wechat?signature=47df1180e16f65728eefe56ea8adb9f659d0fe5c&timestamp=1505217197&nonce=1094264863&openid=o5Yi9wOfXWopOcMYiujWBZmwBH0Q
request client ip:  ::ffff:127.0.0.1
request body: 
{"xml":{"ToUserName":["gh_08452f6d090a"],"FromUserName":["o5Yi9wOfXWopOcMYiujWBZmwBH0Q"],"CreateTime":["1505217197"],"MsgType":["event"],"Event":["CLICK"],"EventKey":["GOOD"]}}
response time: undefined
err name: Error
err message: Bad data
err stack: Error: Bad data
    at encode (/Users/mac/Documents/ecough1/ecough/node_modules/qr-image/lib/encode.js:147:15)
    at QR (/Users/mac/Documents/ecough1/ecough/node_modules/qr-image/lib/qr-base.js:170:19)
    at Object.qr_image_sync [as imageSync] (/Users/mac/Documents/ecough1/ecough/node_modules/qr-image/lib/qr.js:85:18)
    at Object.exports.uploadFile (/Users/mac/Documents/ecough1/ecough/app/utils/tools.js:160:21)
    at exports.getImageMessage (/Users/mac/Documents/ecough1/ecough/app/utils/wechat.js:96:29)
    at process._tickCallback (internal/process/next_tick.js:103:7)
*************** error log end ***************

[2017-09-12 19:53:56.354] [ERROR] errorLogger - 
*************** error log start ***************
request method: POST
request originalUrl:  /wechat?signature=8e0c45bef852438708744ffd45b36a972e66da23&timestamp=1505217233&nonce=1464577755&openid=o5Yi9wOfXWopOcMYiujWBZmwBH0Q
request client ip:  ::ffff:127.0.0.1
request body: 
{"xml":{"ToUserName":["gh_08452f6d090a"],"FromUserName":["o5Yi9wOfXWopOcMYiujWBZmwBH0Q"],"CreateTime":["1505217233"],"MsgType":["event"],"Event":["CLICK"],"EventKey":["GOOD"]}}
response time: undefined
err name: Error
err message: Bad data
err stack: Error: Bad data
    at encode (/Users/mac/Documents/ecough1/ecough/node_modules/qr-image/lib/encode.js:147:15)
    at QR (/Users/mac/Documents/ecough1/ecough/node_modules/qr-image/lib/qr-base.js:170:19)
    at Object.qr_image_sync [as imageSync] (/Users/mac/Documents/ecough1/ecough/node_modules/qr-image/lib/qr.js:85:18)
    at Object.exports.uploadFile (/Users/mac/Documents/ecough1/ecough/app/utils/tools.js:160:21)
    at exports.getImageMessage (/Users/mac/Documents/ecough1/ecough/app/utils/wechat.js:96:29)
    at process._tickCallback (internal/process/next_tick.js:103:7)
*************** error log end ***************

[2017-09-12 19:54:28.364] [ERROR] errorLogger - 
*************** error log start ***************
request method: POST
request originalUrl:  /wechat?signature=3e902ba6a29d7d76b40fcc9ec4eaba8f04f91269&timestamp=1505217266&nonce=666389534&openid=o5Yi9wOfXWopOcMYiujWBZmwBH0Q
request client ip:  ::ffff:127.0.0.1
request body: 
{"xml":{"ToUserName":["gh_08452f6d090a"],"FromUserName":["o5Yi9wOfXWopOcMYiujWBZmwBH0Q"],"CreateTime":["1505217266"],"MsgType":["event"],"Event":["CLICK"],"EventKey":["GOOD"]}}
response time: undefined
err name: Error
err message: Bad data
err stack: Error: Bad data
    at encode (/Users/mac/Documents/ecough1/ecough/node_modules/qr-image/lib/encode.js:147:15)
    at QR (/Users/mac/Documents/ecough1/ecough/node_modules/qr-image/lib/qr-base.js:170:19)
    at Object.qr_image_sync [as imageSync] (/Users/mac/Documents/ecough1/ecough/node_modules/qr-image/lib/qr.js:85:18)
    at Object.exports.uploadFile (/Users/mac/Documents/ecough1/ecough/app/utils/tools.js:160:21)
    at exports.getImageMessage (/Users/mac/Documents/ecough1/ecough/app/utils/wechat.js:97:29)
    at process._tickCallback (internal/process/next_tick.js:103:7)
*************** error log end ***************

[2017-09-12 19:55:36.483] [ERROR] errorLogger - 
*************** error log start ***************
request method: POST
request originalUrl:  /wechat?signature=afdbdd9bacdd5a5c2f1ec633eb666d0477c11a2e&timestamp=1505217328&nonce=1080439951&openid=o5Yi9wOfXWopOcMYiujWBZmwBH0Q
request client ip:  ::ffff:127.0.0.1
request body: 
{"xml":{"ToUserName":["gh_08452f6d090a"],"FromUserName":["o5Yi9wOfXWopOcMYiujWBZmwBH0Q"],"CreateTime":["1505217328"],"MsgType":["event"],"Event":["CLICK"],"EventKey":["GOOD"]}}
response time: undefined
err name: Error
err message: Bad data
err stack: Error: Bad data
    at encode (/Users/mac/Documents/ecough1/ecough/node_modules/qr-image/lib/encode.js:147:15)
    at QR (/Users/mac/Documents/ecough1/ecough/node_modules/qr-image/lib/qr-base.js:170:19)
    at Object.qr_image_sync [as imageSync] (/Users/mac/Documents/ecough1/ecough/node_modules/qr-image/lib/qr.js:85:18)
    at Object.exports.uploadFile (/Users/mac/Documents/ecough1/ecough/app/utils/tools.js:160:21)
    at exports.getImageMessage (/Users/mac/Documents/ecough1/ecough/app/utils/wechat.js:97:29)
    at process._tickCallback (internal/process/next_tick.js:103:7)
*************** error log end ***************

[2017-09-12 19:55:55.629] [ERROR] errorLogger - 
*************** error log start ***************
request method: POST
request originalUrl:  /wechat?signature=1d6820f989e621e323665f3ac0e73be7010a454c&timestamp=1505217349&nonce=450693171&openid=o5Yi9wOfXWopOcMYiujWBZmwBH0Q
request client ip:  ::ffff:127.0.0.1
request body: 
{"xml":{"ToUserName":["gh_08452f6d090a"],"FromUserName":["o5Yi9wOfXWopOcMYiujWBZmwBH0Q"],"CreateTime":["1505217349"],"MsgType":["event"],"Event":["CLICK"],"EventKey":["GOOD"]}}
response time: undefined
err name: Error
err message: Bad data
err stack: Error: Bad data
    at encode (/Users/mac/Documents/ecough1/ecough/node_modules/qr-image/lib/encode.js:147:15)
    at QR (/Users/mac/Documents/ecough1/ecough/node_modules/qr-image/lib/qr-base.js:170:19)
    at Object.qr_image_sync [as imageSync] (/Users/mac/Documents/ecough1/ecough/node_modules/qr-image/lib/qr.js:85:18)
    at Object.exports.uploadFile (/Users/mac/Documents/ecough1/ecough/app/utils/tools.js:160:21)
    at exports.getImageMessage (/Users/mac/Documents/ecough1/ecough/app/utils/wechat.js:97:29)
    at process._tickCallback (internal/process/next_tick.js:103:7)
*************** error log end ***************

[2017-09-12 19:56:15.069] [ERROR] errorLogger - 
*************** error log start ***************
request method: POST
request originalUrl:  /wechat?signature=38bb3071ffc64103516e596c875f54948d3463de&timestamp=1505217372&nonce=1016466772&openid=o5Yi9wOfXWopOcMYiujWBZmwBH0Q
request client ip:  ::ffff:127.0.0.1
request body: 
{"xml":{"ToUserName":["gh_08452f6d090a"],"FromUserName":["o5Yi9wOfXWopOcMYiujWBZmwBH0Q"],"CreateTime":["1505217372"],"MsgType":["event"],"Event":["CLICK"],"EventKey":["GOOD"]}}
response time: undefined
err name: Error
err message: Bad data
err stack: Error: Bad data
    at encode (/Users/mac/Documents/ecough1/ecough/node_modules/qr-image/lib/encode.js:147:15)
    at QR (/Users/mac/Documents/ecough1/ecough/node_modules/qr-image/lib/qr-base.js:170:19)
    at Object.qr_image_sync [as imageSync] (/Users/mac/Documents/ecough1/ecough/node_modules/qr-image/lib/qr.js:85:18)
    at Object.exports.uploadFile (/Users/mac/Documents/ecough1/ecough/app/utils/tools.js:160:21)
    at exports.getImageMessage (/Users/mac/Documents/ecough1/ecough/app/utils/wechat.js:97:29)
    at process._tickCallback (internal/process/next_tick.js:103:7)
*************** error log end ***************

[2017-09-12 19:58:24.547] [ERROR] errorLogger - 
*************** error log start ***************
request method: POST
request originalUrl:  /wechat?signature=486722e4f0fc7630625c469b7637edc1183a9e79&timestamp=1505217502&nonce=1319696023&openid=o5Yi9wOfXWopOcMYiujWBZmwBH0Q
request client ip:  ::ffff:127.0.0.1
request body: 
{"xml":{"ToUserName":["gh_08452f6d090a"],"FromUserName":["o5Yi9wOfXWopOcMYiujWBZmwBH0Q"],"CreateTime":["1505217502"],"MsgType":["event"],"Event":["CLICK"],"EventKey":["GOOD"]}}
response time: undefined
err name: Error
err message: Bad data
err stack: Error: Bad data
    at encode (/Users/mac/Documents/ecough1/ecough/node_modules/qr-image/lib/encode.js:147:15)
    at QR (/Users/mac/Documents/ecough1/ecough/node_modules/qr-image/lib/qr-base.js:170:19)
    at Object.qr_image_sync [as imageSync] (/Users/mac/Documents/ecough1/ecough/node_modules/qr-image/lib/qr.js:85:18)
    at Object.exports.uploadFile (/Users/mac/Documents/ecough1/ecough/app/utils/tools.js:160:21)
    at exports.getImageMessage (/Users/mac/Documents/ecough1/ecough/app/utils/wechat.js:106:29)
    at process._tickCallback (internal/process/next_tick.js:103:7)
*************** error log end ***************

