[2017-08-29 16:02:17.099] [ERROR] errorLogger - 
*************** error log start ***************
request method: GET
request originalUrl:  /my/userinfo?code=071jxFAf0RqBvx1QawBf0SNLAf0jxFA7&state=111
request client ip:  ::ffff:127.0.0.1
request query:  {"code":"071jxFAf0RqBvx1QawBf0SNLAf0jxFA7","state":"111"}
response time: undefined
err name: TypeError
err message: Cannot set property 'user' of undefined
err stack: TypeError: Cannot set property 'user' of undefined
    at getUserInfo (/Users/mac/Documents/ecough1/ecough/app/controllers/my.js:55:31)
    at <anonymous>
    at process._tickCallback (internal/process/next_tick.js:169:7)
*************** error log end ***************

[2017-08-29 16:03:07.136] [ERROR] errorLogger - 
*************** error log start ***************
request method: GET
request originalUrl:  /my/userinfo?code=011UPDCb0oo5Vw1uzYBb0wUvCb0UPDCN&state=111
request client ip:  ::ffff:127.0.0.1
request query:  {"code":"011UPDCb0oo5Vw1uzYBb0wUvCb0UPDCN","state":"111"}
response time: undefined
err name: TypeError
err message: Cannot set property 'user' of undefined
err stack: TypeError: Cannot set property 'user' of undefined
    at getUserInfo (/Users/mac/Documents/ecough1/ecough/app/controllers/my.js:55:31)
    at <anonymous>
    at process._tickCallback (internal/process/next_tick.js:169:7)
*************** error log end ***************

[2017-08-29 16:16:44.465] [ERROR] errorLogger - 
*************** error log start ***************
request method: GET
request originalUrl:  /my/pay?openid=o5Yi9wOfXWopOcMYiujWBZmwBH0Q
request client ip:  ::ffff:127.0.0.1
request query:  {"openid":"o5Yi9wOfXWopOcMYiujWBZmwBH0Q"}
response time: undefined
err name: TypeError
err message: Cannot read property '0' of undefined
err stack: TypeError: Cannot read property '0' of undefined
    at jsapiPay (/Users/mac/Documents/ecough1/ecough/app/controllers/my.js:113:28)
    at <anonymous>
    at process._tickCallback (internal/process/next_tick.js:169:7)
*************** error log end ***************

[2017-08-29 16:17:29.960] [ERROR] errorLogger - 
*************** error log start ***************
request method: GET
request originalUrl:  /my/pay?openid=o5Yi9wOfXWopOcMYiujWBZmwBH0Q
request client ip:  ::ffff:127.0.0.1
request query:  {"openid":"o5Yi9wOfXWopOcMYiujWBZmwBH0Q"}
response time: undefined
err name: TypeError
err message: Cannot read property '0' of undefined
err stack: TypeError: Cannot read property '0' of undefined
    at jsapiPay (/Users/mac/Documents/ecough1/ecough/app/controllers/my.js:113:28)
    at <anonymous>
    at process._tickCallback (internal/process/next_tick.js:169:7)
*************** error log end ***************

[2017-08-29 16:21:07.238] [ERROR] errorLogger - 
*************** error log start ***************
request method: GET
request originalUrl:  /my/pay?openid=o5Yi9wOfXWopOcMYiujWBZmwBH0Q
request client ip:  ::ffff:127.0.0.1
request query:  {"openid":"o5Yi9wOfXWopOcMYiujWBZmwBH0Q"}
response time: undefined
err name: TypeError
err message: Cannot read property '0' of undefined
err stack: TypeError: Cannot read property '0' of undefined
    at jsapiPay (/Users/mac/Documents/ecough1/ecough/app/controllers/my.js:112:28)
    at <anonymous>
    at process._tickCallback (internal/process/next_tick.js:169:7)
*************** error log end ***************

[2017-08-29 16:21:09.612] [ERROR] errorLogger - 
*************** error log start ***************
request method: GET
request originalUrl:  /my/pay?openid=o5Yi9wOfXWopOcMYiujWBZmwBH0Q
request client ip:  ::ffff:127.0.0.1
request query:  {"openid":"o5Yi9wOfXWopOcMYiujWBZmwBH0Q"}
response time: undefined
err name: TypeError
err message: Cannot read property '0' of undefined
err stack: TypeError: Cannot read property '0' of undefined
    at jsapiPay (/Users/mac/Documents/ecough1/ecough/app/controllers/my.js:112:28)
    at <anonymous>
    at process._tickCallback (internal/process/next_tick.js:169:7)
*************** error log end ***************

[2017-08-29 16:21:10.045] [ERROR] errorLogger - 
*************** error log start ***************
request method: GET
request originalUrl:  /my/pay?openid=o5Yi9wOfXWopOcMYiujWBZmwBH0Q
request client ip:  ::ffff:127.0.0.1
request query:  {"openid":"o5Yi9wOfXWopOcMYiujWBZmwBH0Q"}
response time: undefined
err name: TypeError
err message: Cannot read property '0' of undefined
err stack: TypeError: Cannot read property '0' of undefined
    at jsapiPay (/Users/mac/Documents/ecough1/ecough/app/controllers/my.js:112:28)
    at <anonymous>
    at process._tickCallback (internal/process/next_tick.js:169:7)
*************** error log end ***************

[2017-08-29 16:21:12.110] [ERROR] errorLogger - 
*************** error log start ***************
request method: GET
request originalUrl:  /my/pay?openid=o5Yi9wOfXWopOcMYiujWBZmwBH0Q
request client ip:  ::ffff:127.0.0.1
request query:  {"openid":"o5Yi9wOfXWopOcMYiujWBZmwBH0Q"}
response time: undefined
err name: TypeError
err message: Cannot read property '0' of undefined
err stack: TypeError: Cannot read property '0' of undefined
    at jsapiPay (/Users/mac/Documents/ecough1/ecough/app/controllers/my.js:112:28)
    at <anonymous>
    at process._tickCallback (internal/process/next_tick.js:169:7)
*************** error log end ***************

[2017-08-29 16:32:59.429] [ERROR] errorLogger - 
*************** error log start ***************
request method: GET
request originalUrl:  /my/pay?openid=o5Yi9wOfXWopOcMYiujWBZmwBH0Q
request client ip:  ::ffff:127.0.0.1
request query:  {"openid":"o5Yi9wOfXWopOcMYiujWBZmwBH0Q"}
response time: undefined
err name: ReferenceError
err message: xml is not defined
err stack: ReferenceError: xml is not defined
    at Object.exports.setPackageData (/Users/mac/Documents/ecough1/ecough/app/utils/pay.js:31:14)
    at jsapiPay (/Users/mac/Documents/ecough1/ecough/app/controllers/my.js:79:20)
    at dispatch (/Users/mac/Documents/ecough1/ecough/node_modules/koa-compose/index.js:44:32)
    at next (/Users/mac/Documents/ecough1/ecough/node_modules/koa-compose/index.js:45:18)
    at /Users/mac/Documents/ecough1/ecough/node_modules/koa-router/lib/router.js:345:16
    at dispatch (/Users/mac/Documents/ecough1/ecough/node_modules/koa-compose/index.js:44:32)
    at /Users/mac/Documents/ecough1/ecough/node_modules/koa-compose/index.js:36:12
    at dispatch (/Users/mac/Documents/ecough1/ecough/node_modules/koa-router/lib/router.js:350:31)
    at dispatch (/Users/mac/Documents/ecough1/ecough/node_modules/koa-compose/index.js:44:32)
    at next (/Users/mac/Documents/ecough1/ecough/node_modules/koa-compose/index.js:45:18)
    at send.then.done (/Users/mac/Documents/ecough1/ecough/node_modules/koa-static/index.js:43:20)
    at <anonymous>
*************** error log end ***************

[2017-08-29 16:32:59.806] [ERROR] errorLogger - 
*************** error log start ***************
request method: GET
request originalUrl:  /my/pay?openid=o5Yi9wOfXWopOcMYiujWBZmwBH0Q
request client ip:  ::ffff:127.0.0.1
request query:  {"openid":"o5Yi9wOfXWopOcMYiujWBZmwBH0Q"}
response time: undefined
err name: ReferenceError
err message: xml is not defined
err stack: ReferenceError: xml is not defined
    at Object.exports.setPackageData (/Users/mac/Documents/ecough1/ecough/app/utils/pay.js:31:14)
    at jsapiPay (/Users/mac/Documents/ecough1/ecough/app/controllers/my.js:79:20)
    at dispatch (/Users/mac/Documents/ecough1/ecough/node_modules/koa-compose/index.js:44:32)
    at next (/Users/mac/Documents/ecough1/ecough/node_modules/koa-compose/index.js:45:18)
    at /Users/mac/Documents/ecough1/ecough/node_modules/koa-router/lib/router.js:345:16
    at dispatch (/Users/mac/Documents/ecough1/ecough/node_modules/koa-compose/index.js:44:32)
    at /Users/mac/Documents/ecough1/ecough/node_modules/koa-compose/index.js:36:12
    at dispatch (/Users/mac/Documents/ecough1/ecough/node_modules/koa-router/lib/router.js:350:31)
    at dispatch (/Users/mac/Documents/ecough1/ecough/node_modules/koa-compose/index.js:44:32)
    at next (/Users/mac/Documents/ecough1/ecough/node_modules/koa-compose/index.js:45:18)
    at send.then.done (/Users/mac/Documents/ecough1/ecough/node_modules/koa-static/index.js:43:20)
    at <anonymous>
*************** error log end ***************

[2017-08-29 16:33:44.411] [ERROR] errorLogger - 
*************** error log start ***************
request method: GET
request originalUrl:  /my/pay?openid=o5Yi9wOfXWopOcMYiujWBZmwBH0Q
request client ip:  ::ffff:127.0.0.1
request query:  {"openid":"o5Yi9wOfXWopOcMYiujWBZmwBH0Q"}
response time: undefined
err name: ReferenceError
err message: xml is not defined
err stack: ReferenceError: xml is not defined
    at Object.exports.setPackageData (/Users/mac/Documents/ecough1/ecough/app/utils/pay.js:31:14)
    at jsapiPay (/Users/mac/Documents/ecough1/ecough/app/controllers/my.js:79:20)
    at dispatch (/Users/mac/Documents/ecough1/ecough/node_modules/koa-compose/index.js:44:32)
    at next (/Users/mac/Documents/ecough1/ecough/node_modules/koa-compose/index.js:45:18)
    at /Users/mac/Documents/ecough1/ecough/node_modules/koa-router/lib/router.js:345:16
    at dispatch (/Users/mac/Documents/ecough1/ecough/node_modules/koa-compose/index.js:44:32)
    at /Users/mac/Documents/ecough1/ecough/node_modules/koa-compose/index.js:36:12
    at dispatch (/Users/mac/Documents/ecough1/ecough/node_modules/koa-router/lib/router.js:350:31)
    at dispatch (/Users/mac/Documents/ecough1/ecough/node_modules/koa-compose/index.js:44:32)
    at next (/Users/mac/Documents/ecough1/ecough/node_modules/koa-compose/index.js:45:18)
    at send.then.done (/Users/mac/Documents/ecough1/ecough/node_modules/koa-static/index.js:43:20)
    at <anonymous>
*************** error log end ***************

[2017-08-29 16:34:28.795] [ERROR] errorLogger - 
*************** error log start ***************
request method: GET
request originalUrl:  /my/pay?openid=o5Yi9wOfXWopOcMYiujWBZmwBH0Q
request client ip:  ::ffff:127.0.0.1
request query:  {"openid":"o5Yi9wOfXWopOcMYiujWBZmwBH0Q"}
response time: undefined
err name: TypeError
err message: Cannot read property '0' of undefined
err stack: TypeError: Cannot read property '0' of undefined
    at jsapiPay (/Users/mac/Documents/ecough1/ecough/app/controllers/my.js:87:28)
    at <anonymous>
    at process._tickCallback (internal/process/next_tick.js:169:7)
*************** error log end ***************

[2017-08-29 16:35:29.105] [ERROR] errorLogger - 
*************** error log start ***************
request method: GET
request originalUrl:  /my/pay?openid=o5Yi9wOfXWopOcMYiujWBZmwBH0Q
request client ip:  ::ffff:127.0.0.1
request query:  {"openid":"o5Yi9wOfXWopOcMYiujWBZmwBH0Q"}
response time: undefined
err name: TypeError
err message: Cannot read property '0' of undefined
err stack: TypeError: Cannot read property '0' of undefined
    at jsapiPay (/Users/mac/Documents/ecough1/ecough/app/controllers/my.js:87:28)
    at <anonymous>
    at process._tickCallback (internal/process/next_tick.js:169:7)
*************** error log end ***************

