[2017-07-25 10:13:25.936] [ERROR] errorLogger - 
*************** error log start ***************
request method: GET
request originalUrl:  /images/14998319849732.jpg
request client ip:  ::ffff:121.79.134.37
request query:  {}
response time: undefined
err name: Error
err message: write EPIPE
err stack: Error: write EPIPE
    at exports._errnoException (util.js:1016:11)
    at WriteWrap.afterWrite [as oncomplete] (net.js:850:14)
*************** error log end ***************

[2017-07-25 10:13:25.984] [ERROR] errorLogger - 
*************** error log start ***************
request method: GET
request originalUrl:  /images/14951862453097.jpg
request client ip:  ::ffff:121.79.134.37
request query:  {}
response time: undefined
err name: Error
err message: write EPIPE
err stack: Error: write EPIPE
    at exports._errnoException (util.js:1016:11)
    at WriteWrap.afterWrite [as oncomplete] (net.js:850:14)
*************** error log end ***************

[2017-07-25 10:13:26.065] [ERROR] errorLogger - 
*************** error log start ***************
request method: GET
request originalUrl:  /images/15003684727311.jpg
request client ip:  ::ffff:121.79.134.37
request query:  {}
response time: undefined
err name: Error
err message: write EPIPE
err stack: Error: write EPIPE
    at exports._errnoException (util.js:1016:11)
    at WriteWrap.afterWrite [as oncomplete] (net.js:850:14)
*************** error log end ***************

[2017-07-25 10:13:26.200] [ERROR] errorLogger - 
*************** error log start ***************
request method: GET
request originalUrl:  /images/14997402965602.jpg
request client ip:  ::ffff:121.79.134.37
request query:  {}
response time: undefined
err name: Error
err message: write EPIPE
err stack: Error: write EPIPE
    at exports._errnoException (util.js:1016:11)
    at WriteWrap.afterWrite [as oncomplete] (net.js:850:14)
*************** error log end ***************

[2017-07-25 10:13:51.471] [ERROR] errorLogger - 
*************** error log start ***************
request method: GET
request originalUrl:  /images/14997402965602.jpg
request client ip:  ::ffff:121.79.134.37
request query:  {}
response time: undefined
err name: Error
err message: write EPIPE
err stack: Error: write EPIPE
    at exports._errnoException (util.js:1016:11)
    at WriteWrap.afterWrite [as oncomplete] (net.js:850:14)
*************** error log end ***************

[2017-07-25 10:13:51.562] [ERROR] errorLogger - 
*************** error log start ***************
request method: GET
request originalUrl:  /images/14951862453097.jpg
request client ip:  ::ffff:121.79.134.37
request query:  {}
response time: undefined
err name: Error
err message: write EPIPE
err stack: Error: write EPIPE
    at exports._errnoException (util.js:1016:11)
    at WriteWrap.afterWrite [as oncomplete] (net.js:850:14)
*************** error log end ***************

[2017-07-25 10:14:05.944] [ERROR] errorLogger - 
*************** error log start ***************
request method: GET
request originalUrl:  /images/14997402965602.jpg
request client ip:  ::ffff:121.79.134.37
request query:  {}
response time: undefined
err name: Error
err message: write EPIPE
err stack: Error: write EPIPE
    at exports._errnoException (util.js:1016:11)
    at WriteWrap.afterWrite [as oncomplete] (net.js:850:14)
*************** error log end ***************

[2017-07-25 10:14:06.008] [ERROR] errorLogger - 
*************** error log start ***************
request method: GET
request originalUrl:  /images/14951862453097.jpg
request client ip:  ::ffff:121.79.134.37
request query:  {}
response time: undefined
err name: Error
err message: write EPIPE
err stack: Error: write EPIPE
    at exports._errnoException (util.js:1016:11)
    at WriteWrap.afterWrite [as oncomplete] (net.js:850:14)
*************** error log end ***************

[2017-07-25 10:14:06.101] [ERROR] errorLogger - 
*************** error log start ***************
request method: GET
request originalUrl:  /images/15003684727311.jpg
request client ip:  ::ffff:121.79.134.37
request query:  {}
response time: undefined
err name: Error
err message: write EPIPE
err stack: Error: write EPIPE
    at exports._errnoException (util.js:1016:11)
    at WriteWrap.afterWrite [as oncomplete] (net.js:850:14)
*************** error log end ***************

[2017-07-25 10:14:20.530] [ERROR] errorLogger - 
*************** error log start ***************
request method: GET
request originalUrl:  /images/14997402965602.jpg
request client ip:  ::ffff:121.79.134.37
request query:  {}
response time: undefined
err name: Error
err message: write EPIPE
err stack: Error: write EPIPE
    at exports._errnoException (util.js:1016:11)
    at WriteWrap.afterWrite [as oncomplete] (net.js:850:14)
*************** error log end ***************

[2017-07-25 10:14:20.626] [ERROR] errorLogger - 
*************** error log start ***************
request method: GET
request originalUrl:  /images/14951862453097.jpg
request client ip:  ::ffff:121.79.134.37
request query:  {}
response time: undefined
err name: Error
err message: write EPIPE
err stack: Error: write EPIPE
    at exports._errnoException (util.js:1016:11)
    at WriteWrap.afterWrite [as oncomplete] (net.js:850:14)
*************** error log end ***************

[2017-07-25 10:14:20.631] [ERROR] errorLogger - 
*************** error log start ***************
request method: GET
request originalUrl:  /images/14998319849732.jpg
request client ip:  ::ffff:121.79.134.37
request query:  {}
response time: undefined
err name: Error
err message: write EPIPE
err stack: Error: write EPIPE
    at exports._errnoException (util.js:1016:11)
    at WriteWrap.afterWrite [as oncomplete] (net.js:850:14)
*************** error log end ***************

[2017-07-25 10:14:20.844] [ERROR] errorLogger - 
*************** error log start ***************
request method: GET
request originalUrl:  /images/15003684727311.jpg
request client ip:  ::ffff:121.79.134.37
request query:  {}
response time: undefined
err name: Error
err message: write EPIPE
err stack: Error: write EPIPE
    at exports._errnoException (util.js:1016:11)
    at WriteWrap.afterWrite [as oncomplete] (net.js:850:14)
*************** error log end ***************

[2017-07-25 10:16:18.097] [ERROR] errorLogger - 
*************** error log start ***************
request method: GET
request originalUrl:  /images/14997402965602.jpg
request client ip:  ::ffff:121.79.134.37
request query:  {}
response time: undefined
err name: Error
err message: write EPIPE
err stack: Error: write EPIPE
    at exports._errnoException (util.js:1016:11)
    at WriteWrap.afterWrite [as oncomplete] (net.js:850:14)
*************** error log end ***************

[2017-07-25 10:25:35.161] [ERROR] errorLogger - 
*************** error log start ***************
request method: GET
request originalUrl:  /product/100001?nsukey=C30m7zOnaSAO1meqJvTMJBjD4O%2Fm4ZfkgCvQ4z%2FVY2lkvXlPbC9PW0l0h76LVyuSqBXeommlnIVpKH6Atts%2BNwaZ9cd%2FDSa93YcvXbqv9bzu0kBiHJo9%2FQmU3V7ttmjyaKF1Qnk4VDXAOFcxvngNpk2HzRX9cWGkH0ZLF%2FtbZptH0nPvIhMaFZifo4Ul7Ch1
request client ip:  ::ffff:101.226.102.148
request query:  {"nsukey":"C30m7zOnaSAO1meqJvTMJBjD4O/m4ZfkgCvQ4z/VY2lkvXlPbC9PW0l0h76LVyuSqBXeommlnIVpKH6Atts+NwaZ9cd/DSa93YcvXbqv9bzu0kBiHJo9/QmU3V7ttmjyaKF1Qnk4VDXAOFcxvngNpk2HzRX9cWGkH0ZLF/tbZptH0nPvIhMaFZifo4Ul7Ch1"}
response time: 0
err name: TypeError
err message: Cannot read property 'openid' of undefined
err stack: TypeError: Cannot read property 'openid' of undefined
    at getProduct (/opt/www/ecough/app/controllers/my.js:29:35)
    at dispatch (/opt/www/ecough/node_modules/koa-compose/index.js:44:32)
    at next (/opt/www/ecough/node_modules/koa-compose/index.js:45:18)
    at /opt/www/ecough/node_modules/koa-router/lib/router.js:345:16
    at dispatch (/opt/www/ecough/node_modules/koa-compose/index.js:44:32)
    at /opt/www/ecough/node_modules/koa-compose/index.js:36:12
    at dispatch (/opt/www/ecough/node_modules/koa-router/lib/router.js:350:31)
    at dispatch (/opt/www/ecough/node_modules/koa-compose/index.js:44:32)
    at next (/opt/www/ecough/node_modules/koa-compose/index.js:45:18)
    at app.use (/opt/www/ecough/app.js:52:11)
    at dispatch (/opt/www/ecough/node_modules/koa-compose/index.js:44:32)
    at next (/opt/www/ecough/node_modules/koa-compose/index.js:45:18)
    at compress (/opt/www/ecough/node_modules/koa-compress/index.js:44:12)
    at dispatch (/opt/www/ecough/node_modules/koa-compose/index.js:44:32)
    at next (/opt/www/ecough/node_modules/koa-compose/index.js:45:18)
    at send.then.done (/opt/www/ecough/node_modules/koa-static/index.js:43:20)
*************** error log end ***************

[2017-07-25 10:25:35.291] [ERROR] errorLogger - 
*************** error log start ***************
request method: GET
request originalUrl:  /product/100001?nsukey=C30m7zOnaSAO1meqJvTMJBjD4O%2Fm4ZfkgCvQ4z%2FVY2lkvXlPbC9PW0l0h76LVyuSqBXeommlnIVpKH6Atts%2BNwaZ9cd%2FDSa93YcvXbqv9bzu0kBiHJo9%2FQmU3V7ttmjyaKF1Qnk4VDXAOFcxvngNpk2HzRX9cWGkH0ZLF%2FtbZptH0nPvIhMaFZifo4Ul7Ch1
request client ip:  ::ffff:121.79.134.37
request query:  {"nsukey":"C30m7zOnaSAO1meqJvTMJBjD4O/m4ZfkgCvQ4z/VY2lkvXlPbC9PW0l0h76LVyuSqBXeommlnIVpKH6Atts+NwaZ9cd/DSa93YcvXbqv9bzu0kBiHJo9/QmU3V7ttmjyaKF1Qnk4VDXAOFcxvngNpk2HzRX9cWGkH0ZLF/tbZptH0nPvIhMaFZifo4Ul7Ch1"}
response time: 1
err name: TypeError
err message: Cannot read property 'openid' of undefined
err stack: TypeError: Cannot read property 'openid' of undefined
    at getProduct (/opt/www/ecough/app/controllers/my.js:29:35)
    at dispatch (/opt/www/ecough/node_modules/koa-compose/index.js:44:32)
    at next (/opt/www/ecough/node_modules/koa-compose/index.js:45:18)
    at /opt/www/ecough/node_modules/koa-router/lib/router.js:345:16
    at dispatch (/opt/www/ecough/node_modules/koa-compose/index.js:44:32)
    at /opt/www/ecough/node_modules/koa-compose/index.js:36:12
    at dispatch (/opt/www/ecough/node_modules/koa-router/lib/router.js:350:31)
    at dispatch (/opt/www/ecough/node_modules/koa-compose/index.js:44:32)
    at next (/opt/www/ecough/node_modules/koa-compose/index.js:45:18)
    at app.use (/opt/www/ecough/app.js:52:11)
    at dispatch (/opt/www/ecough/node_modules/koa-compose/index.js:44:32)
    at next (/opt/www/ecough/node_modules/koa-compose/index.js:45:18)
    at compress (/opt/www/ecough/node_modules/koa-compress/index.js:44:12)
    at dispatch (/opt/www/ecough/node_modules/koa-compose/index.js:44:32)
    at next (/opt/www/ecough/node_modules/koa-compose/index.js:45:18)
    at send.then.done (/opt/www/ecough/node_modules/koa-static/index.js:43:20)
*************** error log end ***************

[2017-07-25 10:25:48.510] [ERROR] errorLogger - 
*************** error log start ***************
request method: GET
request originalUrl:  /product/100001?nsukey=k1byOdAbtEovLB0dqDn4hW%2FcEswcC%2FTYotgdpKt%2BoknkiaLWadaqjqlu4b2E9MOoaiAYNWyTe4RcVWxLgns0zdgA2GrcuJTMHJ39gqlkZ8AG%2FSRkTLDJP3nVwEZL0Z79XOYeee%2FqFIgcp%2BxT3%2BVCQWvLz7kS%2BGSlC62FyDrQSAZJ7dv3G8clOkjlUxZ6WsU%2B
request client ip:  ::ffff:101.226.125.121
request query:  {"nsukey":"k1byOdAbtEovLB0dqDn4hW/cEswcC/TYotgdpKt+oknkiaLWadaqjqlu4b2E9MOoaiAYNWyTe4RcVWxLgns0zdgA2GrcuJTMHJ39gqlkZ8AG/SRkTLDJP3nVwEZL0Z79XOYeee/qFIgcp+xT3+VCQWvLz7kS+GSlC62FyDrQSAZJ7dv3G8clOkjlUxZ6WsU+"}
response time: 0
err name: TypeError
err message: Cannot read property 'openid' of undefined
err stack: TypeError: Cannot read property 'openid' of undefined
    at getProduct (/opt/www/ecough/app/controllers/my.js:29:35)
    at dispatch (/opt/www/ecough/node_modules/koa-compose/index.js:44:32)
    at next (/opt/www/ecough/node_modules/koa-compose/index.js:45:18)
    at /opt/www/ecough/node_modules/koa-router/lib/router.js:345:16
    at dispatch (/opt/www/ecough/node_modules/koa-compose/index.js:44:32)
    at /opt/www/ecough/node_modules/koa-compose/index.js:36:12
    at dispatch (/opt/www/ecough/node_modules/koa-router/lib/router.js:350:31)
    at dispatch (/opt/www/ecough/node_modules/koa-compose/index.js:44:32)
    at next (/opt/www/ecough/node_modules/koa-compose/index.js:45:18)
    at app.use (/opt/www/ecough/app.js:52:11)
    at dispatch (/opt/www/ecough/node_modules/koa-compose/index.js:44:32)
    at next (/opt/www/ecough/node_modules/koa-compose/index.js:45:18)
    at compress (/opt/www/ecough/node_modules/koa-compress/index.js:44:12)
    at dispatch (/opt/www/ecough/node_modules/koa-compose/index.js:44:32)
    at next (/opt/www/ecough/node_modules/koa-compose/index.js:45:18)
    at send.then.done (/opt/www/ecough/node_modules/koa-static/index.js:43:20)
*************** error log end ***************

[2017-07-25 10:25:48.620] [ERROR] errorLogger - 
*************** error log start ***************
request method: GET
request originalUrl:  /product/100001?nsukey=k1byOdAbtEovLB0dqDn4hW%2FcEswcC%2FTYotgdpKt%2BoknkiaLWadaqjqlu4b2E9MOoaiAYNWyTe4RcVWxLgns0zdgA2GrcuJTMHJ39gqlkZ8AG%2FSRkTLDJP3nVwEZL0Z79XOYeee%2FqFIgcp%2BxT3%2BVCQWvLz7kS%2BGSlC62FyDrQSAZJ7dv3G8clOkjlUxZ6WsU%2B
request client ip:  ::ffff:121.79.134.37
request query:  {"nsukey":"k1byOdAbtEovLB0dqDn4hW/cEswcC/TYotgdpKt+oknkiaLWadaqjqlu4b2E9MOoaiAYNWyTe4RcVWxLgns0zdgA2GrcuJTMHJ39gqlkZ8AG/SRkTLDJP3nVwEZL0Z79XOYeee/qFIgcp+xT3+VCQWvLz7kS+GSlC62FyDrQSAZJ7dv3G8clOkjlUxZ6WsU+"}
response time: 0
err name: TypeError
err message: Cannot read property 'openid' of undefined
err stack: TypeError: Cannot read property 'openid' of undefined
    at getProduct (/opt/www/ecough/app/controllers/my.js:29:35)
    at dispatch (/opt/www/ecough/node_modules/koa-compose/index.js:44:32)
    at next (/opt/www/ecough/node_modules/koa-compose/index.js:45:18)
    at /opt/www/ecough/node_modules/koa-router/lib/router.js:345:16
    at dispatch (/opt/www/ecough/node_modules/koa-compose/index.js:44:32)
    at /opt/www/ecough/node_modules/koa-compose/index.js:36:12
    at dispatch (/opt/www/ecough/node_modules/koa-router/lib/router.js:350:31)
    at dispatch (/opt/www/ecough/node_modules/koa-compose/index.js:44:32)
    at next (/opt/www/ecough/node_modules/koa-compose/index.js:45:18)
    at app.use (/opt/www/ecough/app.js:52:11)
    at dispatch (/opt/www/ecough/node_modules/koa-compose/index.js:44:32)
    at next (/opt/www/ecough/node_modules/koa-compose/index.js:45:18)
    at compress (/opt/www/ecough/node_modules/koa-compress/index.js:44:12)
    at dispatch (/opt/www/ecough/node_modules/koa-compose/index.js:44:32)
    at next (/opt/www/ecough/node_modules/koa-compose/index.js:45:18)
    at send.then.done (/opt/www/ecough/node_modules/koa-static/index.js:43:20)
*************** error log end ***************

[2017-07-25 10:26:43.303] [ERROR] errorLogger - 
*************** error log start ***************
request method: GET
request originalUrl:  /images/14998319849732.jpg
request client ip:  ::ffff:121.79.134.37
request query:  {}
response time: undefined
err name: Error
err message: write EPIPE
err stack: Error: write EPIPE
    at exports._errnoException (util.js:1016:11)
    at WriteWrap.afterWrite [as oncomplete] (net.js:850:14)
*************** error log end ***************

[2017-07-25 10:26:43.370] [ERROR] errorLogger - 
*************** error log start ***************
request method: GET
request originalUrl:  /images/14997402965602.jpg
request client ip:  ::ffff:121.79.134.37
request query:  {}
response time: undefined
err name: Error
err message: write EPIPE
err stack: Error: write EPIPE
    at exports._errnoException (util.js:1016:11)
    at WriteWrap.afterWrite [as oncomplete] (net.js:850:14)
*************** error log end ***************

