[2017-09-17 22:01:42.166] [ERROR] errorLogger - 
*************** error log start ***************
request method: GET
request originalUrl:  /users/user?code=021mWEhi02O0Cl1FlEfi06kxhi0mWEhu&state=111
request client ip:  ::ffff:127.0.0.1
request query:  {"code":"021mWEhi02O0Cl1FlEfi06kxhi0mWEhu","state":"111"}
response time: undefined
err name: Error
err message: You have an error in your SQL syntax; check the manual that corresponds to your MySQL server version for the right syntax to use near 'T_WECHAT_USER' at line 1
err stack: Error: You have an error in your SQL syntax; check the manual that corresponds to your MySQL server version for the right syntax to use near 'T_WECHAT_USER' at line 1
    at Packet.asError (/Users/mac/Documents/ecough1/ecough/node_modules/mysql2/lib/packets/packet.js:701:13)
    at Query.Command.execute (/Users/mac/Documents/ecough1/ecough/node_modules/mysql2/lib/commands/command.js:28:22)
    at PoolConnection.Connection.handlePacket (/Users/mac/Documents/ecough1/ecough/node_modules/mysql2/lib/connection.js:500:28)
    at PacketParser.onPacket (/Users/mac/Documents/ecough1/ecough/node_modules/mysql2/lib/connection.js:94:16)
    at PacketParser.executeStart (/Users/mac/Documents/ecough1/ecough/node_modules/mysql2/lib/packet_parser.js:77:14)
    at Socket.<anonymous> (/Users/mac/Documents/ecough1/ecough/node_modules/mysql2/lib/connection.js:102:29)
    at emitOne (events.js:96:13)
    at Socket.emit (events.js:189:7)
    at readableAddChunk (_stream_readable.js:176:18)
    at Socket.Readable.push (_stream_readable.js:134:10)
    at TCP.onread (net.js:551:20)
*************** error log end ***************

[2017-09-17 22:03:30.576] [ERROR] errorLogger - 
*************** error log start ***************
request method: GET
request originalUrl:  /users/user?code=081IVULM0n6UT62ikCKM0iP7MM0IVULt&state=111
request client ip:  ::ffff:127.0.0.1
request query:  {"code":"081IVULM0n6UT62ikCKM0iP7MM0IVULt","state":"111"}
response time: undefined
err name: Error
err message: You have an error in your SQL syntax; check the manual that corresponds to your MySQL server version for the right syntax to use near 'FRPM T_WECHAT_USER WHERE `openid` = 'o5Yi9wOfXWopOcMYiujWBZmwBH0Q'' at line 1
err stack: Error: You have an error in your SQL syntax; check the manual that corresponds to your MySQL server version for the right syntax to use near 'FRPM T_WECHAT_USER WHERE `openid` = 'o5Yi9wOfXWopOcMYiujWBZmwBH0Q'' at line 1
    at Packet.asError (/Users/mac/Documents/ecough1/ecough/node_modules/mysql2/lib/packets/packet.js:701:13)
    at Query.Command.execute (/Users/mac/Documents/ecough1/ecough/node_modules/mysql2/lib/commands/command.js:28:22)
    at PoolConnection.Connection.handlePacket (/Users/mac/Documents/ecough1/ecough/node_modules/mysql2/lib/connection.js:500:28)
    at PacketParser.onPacket (/Users/mac/Documents/ecough1/ecough/node_modules/mysql2/lib/connection.js:94:16)
    at PacketParser.executeStart (/Users/mac/Documents/ecough1/ecough/node_modules/mysql2/lib/packet_parser.js:77:14)
    at Socket.<anonymous> (/Users/mac/Documents/ecough1/ecough/node_modules/mysql2/lib/connection.js:102:29)
    at emitOne (events.js:96:13)
    at Socket.emit (events.js:189:7)
    at readableAddChunk (_stream_readable.js:176:18)
    at Socket.Readable.push (_stream_readable.js:134:10)
    at TCP.onread (net.js:551:20)
*************** error log end ***************

