[2017-09-14 13:41:15.867] [ERROR] errorLogger - 
*************** error log start ***************
request method: POST
request originalUrl:  /wechat?signature=cc630a69f4160a8bd9b07508d86f354f294ea495&timestamp=1505367674&nonce=73484509&openid=o5Yi9wOfXWopOcMYiujWBZmwBH0Q
request client ip:  ::ffff:127.0.0.1
request body: 
{"xml":{"ToUserName":["gh_08452f6d090a"],"FromUserName":["o5Yi9wOfXWopOcMYiujWBZmwBH0Q"],"CreateTime":["1505367674"],"MsgType":["event"],"Event":["CLICK"],"EventKey":["GOOD"]}}
response time: undefined
err name: TypeError
err message: Cannot read property 'replace' of undefined
err stack: TypeError: Cannot read property 'replace' of undefined
    at /Users/mac/Documents/ecough1/ecough/app/utils/qr.js:8:38
    at Object.exports.qr (/Users/mac/Documents/ecough1/ecough/app/utils/qr.js:7:10)
    at Object.exports.uploadFile (/Users/mac/Documents/ecough1/ecough/app/utils/tools.js:179:12)
    at exports.getImageMessage (/Users/mac/Documents/ecough1/ecough/app/utils/wechat.js:97:29)
    at process._tickCallback (internal/process/next_tick.js:103:7)
*************** error log end ***************

[2017-09-14 13:44:27.758] [ERROR] errorLogger - 
*************** error log start ***************
request method: POST
request originalUrl:  /wechat?signature=6d2fd3631a56c831055b484604285f85a92a0f59&timestamp=1505367865&nonce=399232678&openid=o5Yi9wOfXWopOcMYiujWBZmwBH0Q
request client ip:  ::ffff:127.0.0.1
request body: 
{"xml":{"ToUserName":["gh_08452f6d090a"],"FromUserName":["o5Yi9wOfXWopOcMYiujWBZmwBH0Q"],"CreateTime":["1505367865"],"MsgType":["event"],"Event":["CLICK"],"EventKey":["GOOD"]}}
response time: undefined
err name: Error
err message: ENOENT: no such file or directory, open '/Users/mac/Documents/ecough1/ecough/app/utils/o5Yi9wOfXWopOcMYiujWBZmwBH0Qlogo.jpeg'
err stack: Error: ENOENT: no such file or directory, open '/Users/mac/Documents/ecough1/ecough/app/utils/o5Yi9wOfXWopOcMYiujWBZmwBH0Qlogo.jpeg'
    at Object.fs.openSync (fs.js:582:18)
    at Object.fs.readFileSync (fs.js:489:33)
    at Function.images.loadFromFile (/Users/mac/Documents/ecough1/ecough/node_modules/images/index.js:206:37)
    at images (/Users/mac/Documents/ecough1/ecough/node_modules/images/index.js:172:24)
    at /Users/mac/Documents/ecough1/ecough/app/utils/qr.js:22:21
    at Object.exports.qr_logo (/Users/mac/Documents/ecough1/ecough/app/utils/qr.js:17:10)
    at Object.exports.uploadFile (/Users/mac/Documents/ecough1/ecough/app/utils/tools.js:179:12)
*************** error log end ***************

[2017-09-14 13:48:01.726] [ERROR] errorLogger - 
*************** error log start ***************
request method: POST
request originalUrl:  /wechat?signature=cfe09e7106d015d97aef8c9e568e3276a2ee6640&timestamp=1505368074&nonce=175529651&openid=o5Yi9wOfXWopOcMYiujWBZmwBH0Q
request client ip:  ::ffff:127.0.0.1
request body: 
{"xml":{"ToUserName":["gh_08452f6d090a"],"FromUserName":["o5Yi9wOfXWopOcMYiujWBZmwBH0Q"],"CreateTime":["1505368074"],"MsgType":["event"],"Event":["CLICK"],"EventKey":["GOOD"]}}
response time: undefined
err name: Error
err message: ENOENT: no such file or directory, open '/Users/mac/Documents/ecough1/ecough/app/utils/o5Yi9wOfXWopOcMYiujWBZmwBH0Qlogo.jpeg'
err stack: Error: ENOENT: no such file or directory, open '/Users/mac/Documents/ecough1/ecough/app/utils/o5Yi9wOfXWopOcMYiujWBZmwBH0Qlogo.jpeg'
    at Object.fs.openSync (fs.js:582:18)
    at Object.fs.readFileSync (fs.js:489:33)
    at Function.images.loadFromFile (/Users/mac/Documents/ecough1/ecough/node_modules/images/index.js:206:37)
    at images (/Users/mac/Documents/ecough1/ecough/node_modules/images/index.js:172:24)
    at /Users/mac/Documents/ecough1/ecough/app/utils/qr.js:22:21
    at Object.exports.qr_logo (/Users/mac/Documents/ecough1/ecough/app/utils/qr.js:17:10)
    at Object.exports.uploadFile (/Users/mac/Documents/ecough1/ecough/app/utils/tools.js:180:26)
*************** error log end ***************

[2017-09-14 13:56:36.117] [ERROR] errorLogger - 
*************** error log start ***************
request method: POST
request originalUrl:  /wechat?signature=b4493c01a2ed9c56626af05aed3306712a5b6bd6&timestamp=1505368588&nonce=331403079&openid=o5Yi9wOfXWopOcMYiujWBZmwBH0Q
request client ip:  ::ffff:127.0.0.1
request body: 
{"xml":{"ToUserName":["gh_08452f6d090a"],"FromUserName":["o5Yi9wOfXWopOcMYiujWBZmwBH0Q"],"CreateTime":["1505368588"],"MsgType":["event"],"Event":["CLICK"],"EventKey":["GOOD"]}}
response time: undefined
err name: Error
err message: ENOENT: no such file or directory, open '/Users/mac/Documents/ecough1/ecough/app/utils/o5Yi9wOfXWopOcMYiujWBZmwBH0Qlogo.jpeg'
err stack: Error: ENOENT: no such file or directory, open '/Users/mac/Documents/ecough1/ecough/app/utils/o5Yi9wOfXWopOcMYiujWBZmwBH0Qlogo.jpeg'
    at Object.fs.openSync (fs.js:582:18)
    at Object.fs.readFileSync (fs.js:489:33)
    at Function.images.loadFromFile (/Users/mac/Documents/ecough1/ecough/node_modules/images/index.js:206:37)
    at images (/Users/mac/Documents/ecough1/ecough/node_modules/images/index.js:172:24)
    at /Users/mac/Documents/ecough1/ecough/app/utils/qr.js:22:21
    at Object.exports.qr_logo (/Users/mac/Documents/ecough1/ecough/app/utils/qr.js:17:10)
    at Object.exports.uploadFile (/Users/mac/Documents/ecough1/ecough/app/utils/tools.js:180:26)
*************** error log end ***************

