[2017-09-17 19:31:33.943] [ERROR] errorLogger - 
*************** error log start ***************
request method: POST
request originalUrl:  /sms/send
request client ip:  ::ffff:127.0.0.1
request body: 
{"phone":"15977477245"}
response time: undefined
err name: SignatureDoesNotMatchError
err message: Specified signature is not matched with our calculation.
err stack: SignatureDoesNotMatchError: Specified signature is not matched with our calculation.
    at httpx.request.then.then (/Users/mac/Documents/ecough1/ecough/node_modules/@alicloud/pop-core/lib/core.js:149:19)
    at process._tickCallback (internal/process/next_tick.js:103:7)
*************** error log end ***************

[2017-09-17 19:35:23.449] [ERROR] errorLogger - 
*************** error log start ***************
request method: POST
request originalUrl:  /sms/send
request client ip:  ::ffff:127.0.0.1
request body: 
{"phone":"15977477245"}
response time: undefined
err name: RequestTimeoutError
err message: GET http://dysmsapi.aliyuncs.com/?AccessKeyId=LTAI8ttec2BYuOMC&Action=SendSms&Format=JSON&PhoneNumbers=15977477245&SignName=%E8%A6%83%E6%B5%B7&SignatureMethod=HMAC-SHA1&SignatureNonce=5dcc07e706f0281159579326013143e7&SignatureVersion=1.0&TemplateCode=SMS_91895031&TemplateParam=%7B%22code%22%3A%2212345%22%7D&Timestamp=2017-09-17T11%3A35%3A20Z&Version=2017-05-25&Signature=ZCmjE%2FhMfycPwjyslqc455gDhQU%3D timeout(3000).
 GET http://dysmsapi.aliyuncs.com/?AccessKeyId=LTAI8ttec2BYuOMC&Action=SendSms&Format=JSON&PhoneNumbers=15977477245&SignName=%E8%A6%83%E6%B5%B7&SignatureMethod=HMAC-SHA1&SignatureNonce=5dcc07e706f0281159579326013143e7&SignatureVersion=1.0&TemplateCode=SMS_91895031&TemplateParam=%7B%22code%22%3A%2212345%22%7D&Timestamp=2017-09-17T11%3A35%3A20Z&Version=2017-05-25&Signature=ZCmjE%2FhMfycPwjyslqc455gDhQU%3D failed.
err stack: RequestTimeoutError: GET http://dysmsapi.aliyuncs.com/?AccessKeyId=LTAI8ttec2BYuOMC&Action=SendSms&Format=JSON&PhoneNumbers=15977477245&SignName=%E8%A6%83%E6%B5%B7&SignatureMethod=HMAC-SHA1&SignatureNonce=5dcc07e706f0281159579326013143e7&SignatureVersion=1.0&TemplateCode=SMS_91895031&TemplateParam=%7B%22code%22%3A%2212345%22%7D&Timestamp=2017-09-17T11%3A35%3A20Z&Version=2017-05-25&Signature=ZCmjE%2FhMfycPwjyslqc455gDhQU%3D timeout(3000).
 GET http://dysmsapi.aliyuncs.com/?AccessKeyId=LTAI8ttec2BYuOMC&Action=SendSms&Format=JSON&PhoneNumbers=15977477245&SignName=%E8%A6%83%E6%B5%B7&SignatureMethod=HMAC-SHA1&SignatureNonce=5dcc07e706f0281159579326013143e7&SignatureVersion=1.0&TemplateCode=SMS_91895031&TemplateParam=%7B%22code%22%3A%2212345%22%7D&Timestamp=2017-09-17T11%3A35%3A20Z&Version=2017-05-25&Signature=ZCmjE%2FhMfycPwjyslqc455gDhQU%3D failed.
    at Timeout.setTimeout [as _onTimeout] (/Users/mac/Documents/ecough1/ecough/node_modules/httpx/lib/index.js:110:17)
    at ontimeout (timers.js:365:14)
    at tryOnTimeout (timers.js:237:5)
    at Timer.listOnTimeout (timers.js:207:5)
*************** error log end ***************

[2017-09-17 19:37:27.460] [ERROR] errorLogger - 
*************** error log start ***************
request method: POST
request originalUrl:  /sms/send
request client ip:  ::ffff:127.0.0.1
request body: 
{"phone":"15977477245"}
response time: undefined
err name: SignatureDoesNotMatchError
err message: Specified signature is not matched with our calculation.
err stack: SignatureDoesNotMatchError: Specified signature is not matched with our calculation.
    at httpx.request.then.then (/Users/mac/Documents/ecough1/ecough/node_modules/@alicloud/pop-core/lib/core.js:149:19)
    at process._tickCallback (internal/process/next_tick.js:103:7)
*************** error log end ***************

[2017-09-17 19:39:20.065] [ERROR] errorLogger - 
*************** error log start ***************
request method: POST
request originalUrl:  /sms/send
request client ip:  ::ffff:127.0.0.1
request body: 
{"phone":"15977477245"}
response time: undefined
err name: TypeError
err message: parameter "PhoneNumbers" is required
err stack: TypeError: parameter "PhoneNumbers" is required
    at Client.sendSms (/Users/mac/Documents/ecough1/ecough/node_modules/@alicloud/dysmsapi/lib/client.js:62:13)
    at SMSClient.sendSMS (/Users/mac/Documents/ecough1/ecough/node_modules/@alicloud/sms-sdk/index.js:31:36)
    at exports.send (/Users/mac/Documents/ecough1/ecough/app/utils/sms.js:74:28)
    at process._tickCallback (internal/process/next_tick.js:103:7)
*************** error log end ***************

[2017-09-17 19:40:41.528] [ERROR] errorLogger - 
*************** error log start ***************
request method: POST
request originalUrl:  /sms/send
request client ip:  ::ffff:127.0.0.1
request body: 
{"phone":"15977477245"}
response time: undefined
err name: SyntaxError
err message: Unexpected token o in JSON at position 1
err stack: SyntaxError: Unexpected token o in JSON at position 1
    at JSON.parse (<anonymous>)
    at send (/Users/mac/Documents/ecough1/ecough/app/controllers/sms.js:10:17)
    at dispatch (/Users/mac/Documents/ecough1/ecough/node_modules/koa-compose/index.js:44:32)
    at next (/Users/mac/Documents/ecough1/ecough/node_modules/koa-compose/index.js:45:18)
    at /Users/mac/Documents/ecough1/ecough/node_modules/koa-router/lib/router.js:345:16
    at dispatch (/Users/mac/Documents/ecough1/ecough/node_modules/koa-compose/index.js:44:32)
    at /Users/mac/Documents/ecough1/ecough/node_modules/koa-compose/index.js:36:12
    at dispatch (/Users/mac/Documents/ecough1/ecough/node_modules/koa-router/lib/router.js:350:31)
    at dispatch (/Users/mac/Documents/ecough1/ecough/node_modules/koa-compose/index.js:44:32)
    at next (/Users/mac/Documents/ecough1/ecough/node_modules/koa-compose/index.js:45:18)
    at serve (/Users/mac/Documents/ecough1/ecough/node_modules/koa-static/index.js:47:14)
    at dispatch (/Users/mac/Documents/ecough1/ecough/node_modules/koa-compose/index.js:44:32)
    at next (/Users/mac/Documents/ecough1/ecough/node_modules/koa-compose/index.js:45:18)
    at bodyParser (/Users/mac/Documents/ecough1/ecough/node_modules/koa-bodyparser/index.js:86:11)
    at process._tickCallback (internal/process/next_tick.js:103:7)
*************** error log end ***************

[2017-09-17 19:41:05.095] [ERROR] errorLogger - 
*************** error log start ***************
request method: POST
request originalUrl:  /sms/send
request client ip:  ::ffff:127.0.0.1
request body: 
{"phone":"15977477245"}
response time: undefined
err name: SyntaxError
err message: Unexpected token o in JSON at position 1
err stack: SyntaxError: Unexpected token o in JSON at position 1
    at JSON.parse (<anonymous>)
    at send (/Users/mac/Documents/ecough1/ecough/app/controllers/sms.js:10:17)
    at dispatch (/Users/mac/Documents/ecough1/ecough/node_modules/koa-compose/index.js:44:32)
    at next (/Users/mac/Documents/ecough1/ecough/node_modules/koa-compose/index.js:45:18)
    at /Users/mac/Documents/ecough1/ecough/node_modules/koa-router/lib/router.js:345:16
    at dispatch (/Users/mac/Documents/ecough1/ecough/node_modules/koa-compose/index.js:44:32)
    at /Users/mac/Documents/ecough1/ecough/node_modules/koa-compose/index.js:36:12
    at dispatch (/Users/mac/Documents/ecough1/ecough/node_modules/koa-router/lib/router.js:350:31)
    at dispatch (/Users/mac/Documents/ecough1/ecough/node_modules/koa-compose/index.js:44:32)
    at next (/Users/mac/Documents/ecough1/ecough/node_modules/koa-compose/index.js:45:18)
    at serve (/Users/mac/Documents/ecough1/ecough/node_modules/koa-static/index.js:47:14)
    at dispatch (/Users/mac/Documents/ecough1/ecough/node_modules/koa-compose/index.js:44:32)
    at next (/Users/mac/Documents/ecough1/ecough/node_modules/koa-compose/index.js:45:18)
    at bodyParser (/Users/mac/Documents/ecough1/ecough/node_modules/koa-bodyparser/index.js:86:11)
    at process._tickCallback (internal/process/next_tick.js:103:7)
*************** error log end ***************

[2017-09-17 19:42:12.552] [ERROR] errorLogger - 
*************** error log start ***************
request method: POST
request originalUrl:  /sms/send
request client ip:  ::ffff:127.0.0.1
request body: 
{"phone":"15977477245"}
response time: undefined
err name: TypeError
err message: parameter "PhoneNumbers" is required
err stack: TypeError: parameter "PhoneNumbers" is required
    at Client.sendSms (/Users/mac/Documents/ecough1/ecough/node_modules/@alicloud/dysmsapi/lib/client.js:62:13)
    at SMSClient.sendSMS (/Users/mac/Documents/ecough1/ecough/node_modules/@alicloud/sms-sdk/index.js:31:36)
    at exports.send (/Users/mac/Documents/ecough1/ecough/app/utils/sms.js:74:28)
    at process._tickCallback (internal/process/next_tick.js:103:7)
*************** error log end ***************

[2017-09-17 19:43:47.056] [ERROR] errorLogger - 
*************** error log start ***************
request method: POST
request originalUrl:  /sms/send
request client ip:  ::ffff:127.0.0.1
request body: 
{"phone":"15977477245"}
response time: undefined
err name: SignatureDoesNotMatchError
err message: Specified signature is not matched with our calculation.
err stack: SignatureDoesNotMatchError: Specified signature is not matched with our calculation.
    at httpx.request.then.then (/Users/mac/Documents/ecough1/ecough/node_modules/@alicloud/pop-core/lib/core.js:149:19)
    at process._tickCallback (internal/process/next_tick.js:103:7)
*************** error log end ***************

[2017-09-17 19:45:53.861] [ERROR] errorLogger - 
*************** error log start ***************
request method: POST
request originalUrl:  /sms/send
request client ip:  ::ffff:127.0.0.1
request body: 
{"phone":"15977477245"}
response time: undefined
err name: TypeError
err message: Cannot read property 'Code' of undefined
err stack: TypeError: Cannot read property 'Code' of undefined
    at send (/Users/mac/Documents/ecough1/ecough/app/controllers/sms.js:5:7)
    at process._tickCallback (internal/process/next_tick.js:103:7)
*************** error log end ***************

[2017-09-17 19:59:01.892] [ERROR] errorLogger - 
*************** error log start ***************
request method: POST
request originalUrl:  /sms/send
request client ip:  ::ffff:127.0.0.1
request body: 
{"phone":"15977477245"}
response time: undefined
err name: TypeError
err message: parameter "PhoneNumbers" is required
err stack: TypeError: parameter "PhoneNumbers" is required
    at Client.sendSms (/Users/mac/Documents/ecough1/ecough/node_modules/@alicloud/dysmsapi/lib/client.js:62:13)
    at SMSClient.sendSMS (/Users/mac/Documents/ecough1/ecough/node_modules/@alicloud/sms-sdk/index.js:32:36)
    at exports.send (/Users/mac/Documents/ecough1/ecough/app/utils/sms.js:45:22)
    at process._tickCallback (internal/process/next_tick.js:103:7)
*************** error log end ***************

[2017-09-17 19:59:39.856] [ERROR] errorLogger - 
*************** error log start ***************
request method: POST
request originalUrl:  /sms/send
request client ip:  ::ffff:127.0.0.1
request body: 
{"phone":"15977477245"}
response time: undefined
err name: ReferenceError
err message: number is not defined
err stack: ReferenceError: number is not defined
    at send (/Users/mac/Documents/ecough1/ecough/app/controllers/sms.js:12:32)
    at process._tickCallback (internal/process/next_tick.js:103:7)
*************** error log end ***************

