[2017-09-19 14:27:33.650] [ERROR] errorLogger - 
*************** error log start ***************
request method: POST
request originalUrl:  /users/my/order/query
request client ip:  ::ffff:127.0.0.1
request body: 
{"date":"2017-09-01","openid":"o5Yi9wOfXWopOcMYiujWBZmwBH0Q"}
response time: undefined
err name: TypeError
err message: dao.queryUserOrder is not a function
err stack: TypeError: dao.queryUserOrder is not a function
    at Object.exports.queryUserOrder (/Users/mac/Documents/ecough1/ecough/app/utils/user.js:61:25)
    at queryUserOrder (/Users/mac/Documents/ecough1/ecough/app/controllers/user.js:97:25)
    at dispatch (/Users/mac/Documents/ecough1/ecough/node_modules/koa-compose/index.js:44:32)
    at next (/Users/mac/Documents/ecough1/ecough/node_modules/koa-compose/index.js:45:18)
    at /Users/mac/Documents/ecough1/ecough/node_modules/koa-router/lib/router.js:345:16
    at dispatch (/Users/mac/Documents/ecough1/ecough/node_modules/koa-compose/index.js:44:32)
    at /Users/mac/Documents/ecough1/ecough/node_modules/koa-compose/index.js:36:12
    at dispatch (/Users/mac/Documents/ecough1/ecough/node_modules/koa-router/lib/router.js:350:31)
    at dispatch (/Users/mac/Documents/ecough1/ecough/node_modules/koa-compose/index.js:44:32)
    at next (/Users/mac/Documents/ecough1/ecough/node_modules/koa-compose/index.js:45:18)
    at serve (/Users/mac/Documents/ecough1/ecough/node_modules/koa-static/index.js:47:14)
    at dispatch (/Users/mac/Documents/ecough1/ecough/node_modules/koa-compose/index.js:44:32)
    at next (/Users/mac/Documents/ecough1/ecough/node_modules/koa-compose/index.js:45:18)
    at bodyParser (/Users/mac/Documents/ecough1/ecough/node_modules/koa-bodyparser/index.js:86:11)
    at process._tickCallback (internal/process/next_tick.js:103:7)
*************** error log end ***************

